versions pytest-8.3.5, python-3.12.3.final.0
invocation_dir=/home/nidhiram/dev/inventory_system
cwd=/home/nidhiram/dev/inventory_system
args=('inventory_system/tests/test_auth.py', '-s', '--debug')

  pytest_cmdline_main [hook]
      config: <_pytest.config.Config object at 0x7fcf35ef7170>
    pytest_plugin_registered [hook]
        plugin: <Session  exitstatus='<UNSET>' testsfailed=0 testscollected=0>
        plugin_name: session
        manager: <_pytest.config.PytestPluginManager object at 0x7fcf35cd6390>
    finish pytest_plugin_registered --> [] [hook]
    pytest_configure [hook]
        config: <_pytest.config.Config object at 0x7fcf35ef7170>
      pytest_plugin_registered [hook]
          plugin: <_pytest.cacheprovider.LFPlugin object at 0x7fcf352d9610>
          plugin_name: lfplugin
          manager: <_pytest.config.PytestPluginManager object at 0x7fcf35cd6390>
      finish pytest_plugin_registered --> [] [hook]
      pytest_plugin_registered [hook]
          plugin: <_pytest.cacheprovider.NFPlugin object at 0x7fcf355aa4b0>
          plugin_name: nfplugin
          manager: <_pytest.config.PytestPluginManager object at 0x7fcf35cd6390>
      finish pytest_plugin_registered --> [] [hook]
    early skip of rewriting module: faulthandler [assertion]
      pytest_plugin_registered [hook]
          plugin: <class '_pytest.legacypath.LegacyTmpdirPlugin'>
          plugin_name: legacypath-tmpdir
          manager: <_pytest.config.PytestPluginManager object at 0x7fcf35cd6390>
      finish pytest_plugin_registered --> [] [hook]
    early skip of rewriting module: pdb [assertion]
    early skip of rewriting module: cmd [assertion]
    early skip of rewriting module: code [assertion]
    early skip of rewriting module: codeop [assertion]
      pytest_plugin_registered [hook]
          plugin: <_pytest.config.PytestPluginManager object at 0x7fcf35cd6390>
          plugin_name: 140527937610640
          manager: <_pytest.config.PytestPluginManager object at 0x7fcf35cd6390>
      finish pytest_plugin_registered --> [] [hook]
      pytest_plugin_registered [hook]
          plugin: <_pytest.config.Config object at 0x7fcf35ef7170>
          plugin_name: pytestconfig
          manager: <_pytest.config.PytestPluginManager object at 0x7fcf35cd6390>
      finish pytest_plugin_registered --> [] [hook]
      pytest_plugin_registered [hook]
          plugin: <module '_pytest.mark' from '/home/nidhiram/dev/inventory_system/.venv/lib/python3.12/site-packages/_pytest/mark/__init__.py'>
          plugin_name: mark
          manager: <_pytest.config.PytestPluginManager object at 0x7fcf35cd6390>
      finish pytest_plugin_registered --> [] [hook]
      pytest_plugin_registered [hook]
          plugin: <module '_pytest.main' from '/home/nidhiram/dev/inventory_system/.venv/lib/python3.12/site-packages/_pytest/main.py'>
          plugin_name: main
          manager: <_pytest.config.PytestPluginManager object at 0x7fcf35cd6390>
      finish pytest_plugin_registered --> [] [hook]
      pytest_plugin_registered [hook]
          plugin: <module '_pytest.runner' from '/home/nidhiram/dev/inventory_system/.venv/lib/python3.12/site-packages/_pytest/runner.py'>
          plugin_name: runner
          manager: <_pytest.config.PytestPluginManager object at 0x7fcf35cd6390>
      finish pytest_plugin_registered --> [] [hook]
      pytest_plugin_registered [hook]
          plugin: <module '_pytest.fixtures' from '/home/nidhiram/dev/inventory_system/.venv/lib/python3.12/site-packages/_pytest/fixtures.py'>
          plugin_name: fixtures
          manager: <_pytest.config.PytestPluginManager object at 0x7fcf35cd6390>
      finish pytest_plugin_registered --> [] [hook]
      pytest_plugin_registered [hook]
          plugin: <module '_pytest.helpconfig' from '/home/nidhiram/dev/inventory_system/.venv/lib/python3.12/site-packages/_pytest/helpconfig.py'>
          plugin_name: helpconfig
          manager: <_pytest.config.PytestPluginManager object at 0x7fcf35cd6390>
      finish pytest_plugin_registered --> [] [hook]
      pytest_plugin_registered [hook]
          plugin: <module '_pytest.python' from '/home/nidhiram/dev/inventory_system/.venv/lib/python3.12/site-packages/_pytest/python.py'>
          plugin_name: python
          manager: <_pytest.config.PytestPluginManager object at 0x7fcf35cd6390>
      finish pytest_plugin_registered --> [] [hook]
      pytest_plugin_registered [hook]
          plugin: <module '_pytest.terminal' from '/home/nidhiram/dev/inventory_system/.venv/lib/python3.12/site-packages/_pytest/terminal.py'>
          plugin_name: terminal
          manager: <_pytest.config.PytestPluginManager object at 0x7fcf35cd6390>
      finish pytest_plugin_registered --> [] [hook]
      pytest_plugin_registered [hook]
          plugin: <module '_pytest.debugging' from '/home/nidhiram/dev/inventory_system/.venv/lib/python3.12/site-packages/_pytest/debugging.py'>
          plugin_name: debugging
          manager: <_pytest.config.PytestPluginManager object at 0x7fcf35cd6390>
      finish pytest_plugin_registered --> [] [hook]
      pytest_plugin_registered [hook]
          plugin: <module '_pytest.unittest' from '/home/nidhiram/dev/inventory_system/.venv/lib/python3.12/site-packages/_pytest/unittest.py'>
          plugin_name: unittest
          manager: <_pytest.config.PytestPluginManager object at 0x7fcf35cd6390>
      finish pytest_plugin_registered --> [] [hook]
      pytest_plugin_registered [hook]
          plugin: <module '_pytest.capture' from '/home/nidhiram/dev/inventory_system/.venv/lib/python3.12/site-packages/_pytest/capture.py'>
          plugin_name: capture
          manager: <_pytest.config.PytestPluginManager object at 0x7fcf35cd6390>
      finish pytest_plugin_registered --> [] [hook]
      pytest_plugin_registered [hook]
          plugin: <module '_pytest.skipping' from '/home/nidhiram/dev/inventory_system/.venv/lib/python3.12/site-packages/_pytest/skipping.py'>
          plugin_name: skipping
          manager: <_pytest.config.PytestPluginManager object at 0x7fcf35cd6390>
      finish pytest_plugin_registered --> [] [hook]
      pytest_plugin_registered [hook]
          plugin: <module '_pytest.legacypath' from '/home/nidhiram/dev/inventory_system/.venv/lib/python3.12/site-packages/_pytest/legacypath.py'>
          plugin_name: legacypath
          manager: <_pytest.config.PytestPluginManager object at 0x7fcf35cd6390>
      finish pytest_plugin_registered --> [] [hook]
      pytest_plugin_registered [hook]
          plugin: <module '_pytest.tmpdir' from '/home/nidhiram/dev/inventory_system/.venv/lib/python3.12/site-packages/_pytest/tmpdir.py'>
          plugin_name: tmpdir
          manager: <_pytest.config.PytestPluginManager object at 0x7fcf35cd6390>
      finish pytest_plugin_registered --> [] [hook]
      pytest_plugin_registered [hook]
          plugin: <module '_pytest.monkeypatch' from '/home/nidhiram/dev/inventory_system/.venv/lib/python3.12/site-packages/_pytest/monkeypatch.py'>
          plugin_name: monkeypatch
          manager: <_pytest.config.PytestPluginManager object at 0x7fcf35cd6390>
      finish pytest_plugin_registered --> [] [hook]
      pytest_plugin_registered [hook]
          plugin: <module '_pytest.recwarn' from '/home/nidhiram/dev/inventory_system/.venv/lib/python3.12/site-packages/_pytest/recwarn.py'>
          plugin_name: recwarn
          manager: <_pytest.config.PytestPluginManager object at 0x7fcf35cd6390>
      finish pytest_plugin_registered --> [] [hook]
      pytest_plugin_registered [hook]
          plugin: <module '_pytest.pastebin' from '/home/nidhiram/dev/inventory_system/.venv/lib/python3.12/site-packages/_pytest/pastebin.py'>
          plugin_name: pastebin
          manager: <_pytest.config.PytestPluginManager object at 0x7fcf35cd6390>
      finish pytest_plugin_registered --> [] [hook]
      pytest_plugin_registered [hook]
          plugin: <module '_pytest.assertion' from '/home/nidhiram/dev/inventory_system/.venv/lib/python3.12/site-packages/_pytest/assertion/__init__.py'>
          plugin_name: assertion
          manager: <_pytest.config.PytestPluginManager object at 0x7fcf35cd6390>
      finish pytest_plugin_registered --> [] [hook]
      pytest_plugin_registered [hook]
          plugin: <module '_pytest.junitxml' from '/home/nidhiram/dev/inventory_system/.venv/lib/python3.12/site-packages/_pytest/junitxml.py'>
          plugin_name: junitxml
          manager: <_pytest.config.PytestPluginManager object at 0x7fcf35cd6390>
      finish pytest_plugin_registered --> [] [hook]
      pytest_plugin_registered [hook]
          plugin: <module '_pytest.doctest' from '/home/nidhiram/dev/inventory_system/.venv/lib/python3.12/site-packages/_pytest/doctest.py'>
          plugin_name: doctest
          manager: <_pytest.config.PytestPluginManager object at 0x7fcf35cd6390>
      finish pytest_plugin_registered --> [] [hook]
      pytest_plugin_registered [hook]
          plugin: <module '_pytest.cacheprovider' from '/home/nidhiram/dev/inventory_system/.venv/lib/python3.12/site-packages/_pytest/cacheprovider.py'>
          plugin_name: cacheprovider
          manager: <_pytest.config.PytestPluginManager object at 0x7fcf35cd6390>
      finish pytest_plugin_registered --> [] [hook]
      pytest_plugin_registered [hook]
          plugin: <module '_pytest.freeze_support' from '/home/nidhiram/dev/inventory_system/.venv/lib/python3.12/site-packages/_pytest/freeze_support.py'>
          plugin_name: freeze_support
          manager: <_pytest.config.PytestPluginManager object at 0x7fcf35cd6390>
      finish pytest_plugin_registered --> [] [hook]
      pytest_plugin_registered [hook]
          plugin: <module '_pytest.setuponly' from '/home/nidhiram/dev/inventory_system/.venv/lib/python3.12/site-packages/_pytest/setuponly.py'>
          plugin_name: setuponly
          manager: <_pytest.config.PytestPluginManager object at 0x7fcf35cd6390>
      finish pytest_plugin_registered --> [] [hook]
      pytest_plugin_registered [hook]
          plugin: <module '_pytest.setupplan' from '/home/nidhiram/dev/inventory_system/.venv/lib/python3.12/site-packages/_pytest/setupplan.py'>
          plugin_name: setupplan
          manager: <_pytest.config.PytestPluginManager object at 0x7fcf35cd6390>
      finish pytest_plugin_registered --> [] [hook]
      pytest_plugin_registered [hook]
          plugin: <module '_pytest.stepwise' from '/home/nidhiram/dev/inventory_system/.venv/lib/python3.12/site-packages/_pytest/stepwise.py'>
          plugin_name: stepwise
          manager: <_pytest.config.PytestPluginManager object at 0x7fcf35cd6390>
      finish pytest_plugin_registered --> [] [hook]
      pytest_plugin_registered [hook]
          plugin: <module '_pytest.warnings' from '/home/nidhiram/dev/inventory_system/.venv/lib/python3.12/site-packages/_pytest/warnings.py'>
          plugin_name: warnings
          manager: <_pytest.config.PytestPluginManager object at 0x7fcf35cd6390>
      finish pytest_plugin_registered --> [] [hook]
      pytest_plugin_registered [hook]
          plugin: <module '_pytest.logging' from '/home/nidhiram/dev/inventory_system/.venv/lib/python3.12/site-packages/_pytest/logging.py'>
          plugin_name: logging
          manager: <_pytest.config.PytestPluginManager object at 0x7fcf35cd6390>
      finish pytest_plugin_registered --> [] [hook]
      pytest_plugin_registered [hook]
          plugin: <module '_pytest.reports' from '/home/nidhiram/dev/inventory_system/.venv/lib/python3.12/site-packages/_pytest/reports.py'>
          plugin_name: reports
          manager: <_pytest.config.PytestPluginManager object at 0x7fcf35cd6390>
      finish pytest_plugin_registered --> [] [hook]
      pytest_plugin_registered [hook]
          plugin: <module '_pytest.python_path' from '/home/nidhiram/dev/inventory_system/.venv/lib/python3.12/site-packages/_pytest/python_path.py'>
          plugin_name: python_path
          manager: <_pytest.config.PytestPluginManager object at 0x7fcf35cd6390>
      finish pytest_plugin_registered --> [] [hook]
      pytest_plugin_registered [hook]
          plugin: <module '_pytest.unraisableexception' from '/home/nidhiram/dev/inventory_system/.venv/lib/python3.12/site-packages/_pytest/unraisableexception.py'>
          plugin_name: unraisableexception
          manager: <_pytest.config.PytestPluginManager object at 0x7fcf35cd6390>
      finish pytest_plugin_registered --> [] [hook]
      pytest_plugin_registered [hook]
          plugin: <module '_pytest.threadexception' from '/home/nidhiram/dev/inventory_system/.venv/lib/python3.12/site-packages/_pytest/threadexception.py'>
          plugin_name: threadexception
          manager: <_pytest.config.PytestPluginManager object at 0x7fcf35cd6390>
      finish pytest_plugin_registered --> [] [hook]
      pytest_plugin_registered [hook]
          plugin: <module '_pytest.faulthandler' from '/home/nidhiram/dev/inventory_system/.venv/lib/python3.12/site-packages/_pytest/faulthandler.py'>
          plugin_name: faulthandler
          manager: <_pytest.config.PytestPluginManager object at 0x7fcf35cd6390>
      finish pytest_plugin_registered --> [] [hook]
      pytest_plugin_registered [hook]
          plugin: <module 'pytest_base_url.plugin' from '/home/nidhiram/dev/inventory_system/.venv/lib/python3.12/site-packages/pytest_base_url/plugin.py'>
          plugin_name: base_url
          manager: <_pytest.config.PytestPluginManager object at 0x7fcf35cd6390>
      finish pytest_plugin_registered --> [] [hook]
      pytest_plugin_registered [hook]
          plugin: <module 'pytest_playwright.pytest_playwright' from '/home/nidhiram/dev/inventory_system/.venv/lib/python3.12/site-packages/pytest_playwright/pytest_playwright.py'>
          plugin_name: playwright
          manager: <_pytest.config.PytestPluginManager object at 0x7fcf35cd6390>
      finish pytest_plugin_registered --> [] [hook]
      pytest_plugin_registered [hook]
          plugin: <module 'anyio.pytest_plugin' from '/home/nidhiram/dev/inventory_system/.venv/lib/python3.12/site-packages/anyio/pytest_plugin.py'>
          plugin_name: anyio
          manager: <_pytest.config.PytestPluginManager object at 0x7fcf35cd6390>
      finish pytest_plugin_registered --> [] [hook]
      pytest_plugin_registered [hook]
          plugin: <CaptureManager _method='no' _global_capturing=<MultiCapture out=None err=None in_=None _state='suspended' _in_suspended=False> _capture_fixture=None>
          plugin_name: capturemanager
          manager: <_pytest.config.PytestPluginManager object at 0x7fcf35cd6390>
      finish pytest_plugin_registered --> [] [hook]
      pytest_plugin_registered [hook]
          plugin: <Session  exitstatus=<ExitCode.OK: 0> testsfailed=0 testscollected=0>
          plugin_name: session
          manager: <_pytest.config.PytestPluginManager object at 0x7fcf35cd6390>
      finish pytest_plugin_registered --> [] [hook]
      pytest_plugin_registered [hook]
          plugin: <_pytest.cacheprovider.LFPlugin object at 0x7fcf352d9610>
          plugin_name: lfplugin
          manager: <_pytest.config.PytestPluginManager object at 0x7fcf35cd6390>
      finish pytest_plugin_registered --> [] [hook]
      pytest_plugin_registered [hook]
          plugin: <_pytest.cacheprovider.NFPlugin object at 0x7fcf355aa4b0>
          plugin_name: nfplugin
          manager: <_pytest.config.PytestPluginManager object at 0x7fcf35cd6390>
      finish pytest_plugin_registered --> [] [hook]
      pytest_plugin_registered [hook]
          plugin: <class '_pytest.legacypath.LegacyTmpdirPlugin'>
          plugin_name: legacypath-tmpdir
          manager: <_pytest.config.PytestPluginManager object at 0x7fcf35cd6390>
      finish pytest_plugin_registered --> [] [hook]
      pytest_plugin_registered [hook]
          plugin: <_pytest.terminal.TerminalReporter object at 0x7fcf352da000>
          plugin_name: terminalreporter
          manager: <_pytest.config.PytestPluginManager object at 0x7fcf35cd6390>
      finish pytest_plugin_registered --> [] [hook]
      pytest_plugin_registered [hook]
          plugin: <_pytest.logging.LoggingPlugin object at 0x7fcf346f7ef0>
          plugin_name: logging-plugin
          manager: <_pytest.config.PytestPluginManager object at 0x7fcf35cd6390>
      finish pytest_plugin_registered --> [] [hook]
    finish pytest_configure --> [] [hook]
    pytest_sessionstart [hook]
        session: <Session  exitstatus=<ExitCode.OK: 0> testsfailed=0 testscollected=0>
      pytest_plugin_registered [hook]
          plugin: <_pytest.config.PytestPluginManager object at 0x7fcf35cd6390>
          plugin_name: 140527937610640
          manager: <_pytest.config.PytestPluginManager object at 0x7fcf35cd6390>
      finish pytest_plugin_registered --> [] [hook]
      pytest_plugin_registered [hook]
          plugin: <_pytest.config.Config object at 0x7fcf35ef7170>
          plugin_name: pytestconfig
          manager: <_pytest.config.PytestPluginManager object at 0x7fcf35cd6390>
      finish pytest_plugin_registered --> [] [hook]
      pytest_plugin_registered [hook]
          plugin: <module '_pytest.mark' from '/home/nidhiram/dev/inventory_system/.venv/lib/python3.12/site-packages/_pytest/mark/__init__.py'>
          plugin_name: mark
          manager: <_pytest.config.PytestPluginManager object at 0x7fcf35cd6390>
      finish pytest_plugin_registered --> [] [hook]
      pytest_plugin_registered [hook]
          plugin: <module '_pytest.main' from '/home/nidhiram/dev/inventory_system/.venv/lib/python3.12/site-packages/_pytest/main.py'>
          plugin_name: main
          manager: <_pytest.config.PytestPluginManager object at 0x7fcf35cd6390>
      finish pytest_plugin_registered --> [] [hook]
      pytest_plugin_registered [hook]
          plugin: <module '_pytest.runner' from '/home/nidhiram/dev/inventory_system/.venv/lib/python3.12/site-packages/_pytest/runner.py'>
          plugin_name: runner
          manager: <_pytest.config.PytestPluginManager object at 0x7fcf35cd6390>
      finish pytest_plugin_registered --> [] [hook]
      pytest_plugin_registered [hook]
          plugin: <module '_pytest.fixtures' from '/home/nidhiram/dev/inventory_system/.venv/lib/python3.12/site-packages/_pytest/fixtures.py'>
          plugin_name: fixtures
          manager: <_pytest.config.PytestPluginManager object at 0x7fcf35cd6390>
      finish pytest_plugin_registered --> [] [hook]
      pytest_plugin_registered [hook]
          plugin: <module '_pytest.helpconfig' from '/home/nidhiram/dev/inventory_system/.venv/lib/python3.12/site-packages/_pytest/helpconfig.py'>
          plugin_name: helpconfig
          manager: <_pytest.config.PytestPluginManager object at 0x7fcf35cd6390>
      finish pytest_plugin_registered --> [] [hook]
      pytest_plugin_registered [hook]
          plugin: <module '_pytest.python' from '/home/nidhiram/dev/inventory_system/.venv/lib/python3.12/site-packages/_pytest/python.py'>
          plugin_name: python
          manager: <_pytest.config.PytestPluginManager object at 0x7fcf35cd6390>
      finish pytest_plugin_registered --> [] [hook]
      pytest_plugin_registered [hook]
          plugin: <module '_pytest.terminal' from '/home/nidhiram/dev/inventory_system/.venv/lib/python3.12/site-packages/_pytest/terminal.py'>
          plugin_name: terminal
          manager: <_pytest.config.PytestPluginManager object at 0x7fcf35cd6390>
      finish pytest_plugin_registered --> [] [hook]
      pytest_plugin_registered [hook]
          plugin: <module '_pytest.debugging' from '/home/nidhiram/dev/inventory_system/.venv/lib/python3.12/site-packages/_pytest/debugging.py'>
          plugin_name: debugging
          manager: <_pytest.config.PytestPluginManager object at 0x7fcf35cd6390>
      finish pytest_plugin_registered --> [] [hook]
      pytest_plugin_registered [hook]
          plugin: <module '_pytest.unittest' from '/home/nidhiram/dev/inventory_system/.venv/lib/python3.12/site-packages/_pytest/unittest.py'>
          plugin_name: unittest
          manager: <_pytest.config.PytestPluginManager object at 0x7fcf35cd6390>
      finish pytest_plugin_registered --> [] [hook]
      pytest_plugin_registered [hook]
          plugin: <module '_pytest.capture' from '/home/nidhiram/dev/inventory_system/.venv/lib/python3.12/site-packages/_pytest/capture.py'>
          plugin_name: capture
          manager: <_pytest.config.PytestPluginManager object at 0x7fcf35cd6390>
      finish pytest_plugin_registered --> [] [hook]
      pytest_plugin_registered [hook]
          plugin: <module '_pytest.skipping' from '/home/nidhiram/dev/inventory_system/.venv/lib/python3.12/site-packages/_pytest/skipping.py'>
          plugin_name: skipping
          manager: <_pytest.config.PytestPluginManager object at 0x7fcf35cd6390>
      finish pytest_plugin_registered --> [] [hook]
      pytest_plugin_registered [hook]
          plugin: <module '_pytest.legacypath' from '/home/nidhiram/dev/inventory_system/.venv/lib/python3.12/site-packages/_pytest/legacypath.py'>
          plugin_name: legacypath
          manager: <_pytest.config.PytestPluginManager object at 0x7fcf35cd6390>
      finish pytest_plugin_registered --> [] [hook]
      pytest_plugin_registered [hook]
          plugin: <module '_pytest.tmpdir' from '/home/nidhiram/dev/inventory_system/.venv/lib/python3.12/site-packages/_pytest/tmpdir.py'>
          plugin_name: tmpdir
          manager: <_pytest.config.PytestPluginManager object at 0x7fcf35cd6390>
      finish pytest_plugin_registered --> [] [hook]
      pytest_plugin_registered [hook]
          plugin: <module '_pytest.monkeypatch' from '/home/nidhiram/dev/inventory_system/.venv/lib/python3.12/site-packages/_pytest/monkeypatch.py'>
          plugin_name: monkeypatch
          manager: <_pytest.config.PytestPluginManager object at 0x7fcf35cd6390>
      finish pytest_plugin_registered --> [] [hook]
      pytest_plugin_registered [hook]
          plugin: <module '_pytest.recwarn' from '/home/nidhiram/dev/inventory_system/.venv/lib/python3.12/site-packages/_pytest/recwarn.py'>
          plugin_name: recwarn
          manager: <_pytest.config.PytestPluginManager object at 0x7fcf35cd6390>
      finish pytest_plugin_registered --> [] [hook]
      pytest_plugin_registered [hook]
          plugin: <module '_pytest.pastebin' from '/home/nidhiram/dev/inventory_system/.venv/lib/python3.12/site-packages/_pytest/pastebin.py'>
          plugin_name: pastebin
          manager: <_pytest.config.PytestPluginManager object at 0x7fcf35cd6390>
      finish pytest_plugin_registered --> [] [hook]
      pytest_plugin_registered [hook]
          plugin: <module '_pytest.assertion' from '/home/nidhiram/dev/inventory_system/.venv/lib/python3.12/site-packages/_pytest/assertion/__init__.py'>
          plugin_name: assertion
          manager: <_pytest.config.PytestPluginManager object at 0x7fcf35cd6390>
      finish pytest_plugin_registered --> [] [hook]
      pytest_plugin_registered [hook]
          plugin: <module '_pytest.junitxml' from '/home/nidhiram/dev/inventory_system/.venv/lib/python3.12/site-packages/_pytest/junitxml.py'>
          plugin_name: junitxml
          manager: <_pytest.config.PytestPluginManager object at 0x7fcf35cd6390>
      finish pytest_plugin_registered --> [] [hook]
      pytest_plugin_registered [hook]
          plugin: <module '_pytest.doctest' from '/home/nidhiram/dev/inventory_system/.venv/lib/python3.12/site-packages/_pytest/doctest.py'>
          plugin_name: doctest
          manager: <_pytest.config.PytestPluginManager object at 0x7fcf35cd6390>
      finish pytest_plugin_registered --> [] [hook]
      pytest_plugin_registered [hook]
          plugin: <module '_pytest.cacheprovider' from '/home/nidhiram/dev/inventory_system/.venv/lib/python3.12/site-packages/_pytest/cacheprovider.py'>
          plugin_name: cacheprovider
          manager: <_pytest.config.PytestPluginManager object at 0x7fcf35cd6390>
      finish pytest_plugin_registered --> [] [hook]
      pytest_plugin_registered [hook]
          plugin: <module '_pytest.freeze_support' from '/home/nidhiram/dev/inventory_system/.venv/lib/python3.12/site-packages/_pytest/freeze_support.py'>
          plugin_name: freeze_support
          manager: <_pytest.config.PytestPluginManager object at 0x7fcf35cd6390>
      finish pytest_plugin_registered --> [] [hook]
      pytest_plugin_registered [hook]
          plugin: <module '_pytest.setuponly' from '/home/nidhiram/dev/inventory_system/.venv/lib/python3.12/site-packages/_pytest/setuponly.py'>
          plugin_name: setuponly
          manager: <_pytest.config.PytestPluginManager object at 0x7fcf35cd6390>
      finish pytest_plugin_registered --> [] [hook]
      pytest_plugin_registered [hook]
          plugin: <module '_pytest.setupplan' from '/home/nidhiram/dev/inventory_system/.venv/lib/python3.12/site-packages/_pytest/setupplan.py'>
          plugin_name: setupplan
          manager: <_pytest.config.PytestPluginManager object at 0x7fcf35cd6390>
      finish pytest_plugin_registered --> [] [hook]
      pytest_plugin_registered [hook]
          plugin: <module '_pytest.stepwise' from '/home/nidhiram/dev/inventory_system/.venv/lib/python3.12/site-packages/_pytest/stepwise.py'>
          plugin_name: stepwise
          manager: <_pytest.config.PytestPluginManager object at 0x7fcf35cd6390>
      finish pytest_plugin_registered --> [] [hook]
      pytest_plugin_registered [hook]
          plugin: <module '_pytest.warnings' from '/home/nidhiram/dev/inventory_system/.venv/lib/python3.12/site-packages/_pytest/warnings.py'>
          plugin_name: warnings
          manager: <_pytest.config.PytestPluginManager object at 0x7fcf35cd6390>
      finish pytest_plugin_registered --> [] [hook]
      pytest_plugin_registered [hook]
          plugin: <module '_pytest.logging' from '/home/nidhiram/dev/inventory_system/.venv/lib/python3.12/site-packages/_pytest/logging.py'>
          plugin_name: logging
          manager: <_pytest.config.PytestPluginManager object at 0x7fcf35cd6390>
      finish pytest_plugin_registered --> [] [hook]
      pytest_plugin_registered [hook]
          plugin: <module '_pytest.reports' from '/home/nidhiram/dev/inventory_system/.venv/lib/python3.12/site-packages/_pytest/reports.py'>
          plugin_name: reports
          manager: <_pytest.config.PytestPluginManager object at 0x7fcf35cd6390>
      finish pytest_plugin_registered --> [] [hook]
      pytest_plugin_registered [hook]
          plugin: <module '_pytest.python_path' from '/home/nidhiram/dev/inventory_system/.venv/lib/python3.12/site-packages/_pytest/python_path.py'>
          plugin_name: python_path
          manager: <_pytest.config.PytestPluginManager object at 0x7fcf35cd6390>
      finish pytest_plugin_registered --> [] [hook]
      pytest_plugin_registered [hook]
          plugin: <module '_pytest.unraisableexception' from '/home/nidhiram/dev/inventory_system/.venv/lib/python3.12/site-packages/_pytest/unraisableexception.py'>
          plugin_name: unraisableexception
          manager: <_pytest.config.PytestPluginManager object at 0x7fcf35cd6390>
      finish pytest_plugin_registered --> [] [hook]
      pytest_plugin_registered [hook]
          plugin: <module '_pytest.threadexception' from '/home/nidhiram/dev/inventory_system/.venv/lib/python3.12/site-packages/_pytest/threadexception.py'>
          plugin_name: threadexception
          manager: <_pytest.config.PytestPluginManager object at 0x7fcf35cd6390>
      finish pytest_plugin_registered --> [] [hook]
      pytest_plugin_registered [hook]
          plugin: <module '_pytest.faulthandler' from '/home/nidhiram/dev/inventory_system/.venv/lib/python3.12/site-packages/_pytest/faulthandler.py'>
          plugin_name: faulthandler
          manager: <_pytest.config.PytestPluginManager object at 0x7fcf35cd6390>
      finish pytest_plugin_registered --> [] [hook]
      pytest_plugin_registered [hook]
          plugin: <module 'pytest_base_url.plugin' from '/home/nidhiram/dev/inventory_system/.venv/lib/python3.12/site-packages/pytest_base_url/plugin.py'>
          plugin_name: base_url
          manager: <_pytest.config.PytestPluginManager object at 0x7fcf35cd6390>
      finish pytest_plugin_registered --> [] [hook]
      pytest_plugin_registered [hook]
          plugin: <module 'pytest_playwright.pytest_playwright' from '/home/nidhiram/dev/inventory_system/.venv/lib/python3.12/site-packages/pytest_playwright/pytest_playwright.py'>
          plugin_name: playwright
          manager: <_pytest.config.PytestPluginManager object at 0x7fcf35cd6390>
      finish pytest_plugin_registered --> [] [hook]
      pytest_plugin_registered [hook]
          plugin: <module 'anyio.pytest_plugin' from '/home/nidhiram/dev/inventory_system/.venv/lib/python3.12/site-packages/anyio/pytest_plugin.py'>
          plugin_name: anyio
          manager: <_pytest.config.PytestPluginManager object at 0x7fcf35cd6390>
      finish pytest_plugin_registered --> [] [hook]
      pytest_plugin_registered [hook]
          plugin: <CaptureManager _method='no' _global_capturing=<MultiCapture out=None err=None in_=None _state='suspended' _in_suspended=False> _capture_fixture=None>
          plugin_name: capturemanager
          manager: <_pytest.config.PytestPluginManager object at 0x7fcf35cd6390>
      finish pytest_plugin_registered --> [] [hook]
      pytest_plugin_registered [hook]
          plugin: <Session  exitstatus=<ExitCode.OK: 0> testsfailed=0 testscollected=0>
          plugin_name: session
          manager: <_pytest.config.PytestPluginManager object at 0x7fcf35cd6390>
      finish pytest_plugin_registered --> [] [hook]
      pytest_plugin_registered [hook]
          plugin: <_pytest.cacheprovider.LFPlugin object at 0x7fcf352d9610>
          plugin_name: lfplugin
          manager: <_pytest.config.PytestPluginManager object at 0x7fcf35cd6390>
      finish pytest_plugin_registered --> [] [hook]
      pytest_plugin_registered [hook]
          plugin: <_pytest.cacheprovider.NFPlugin object at 0x7fcf355aa4b0>
          plugin_name: nfplugin
          manager: <_pytest.config.PytestPluginManager object at 0x7fcf35cd6390>
      finish pytest_plugin_registered --> [] [hook]
      pytest_plugin_registered [hook]
          plugin: <class '_pytest.legacypath.LegacyTmpdirPlugin'>
          plugin_name: legacypath-tmpdir
          manager: <_pytest.config.PytestPluginManager object at 0x7fcf35cd6390>
      finish pytest_plugin_registered --> [] [hook]
      pytest_plugin_registered [hook]
          plugin: <_pytest.terminal.TerminalReporter object at 0x7fcf352da000>
          plugin_name: terminalreporter
          manager: <_pytest.config.PytestPluginManager object at 0x7fcf35cd6390>
      finish pytest_plugin_registered --> [] [hook]
      pytest_plugin_registered [hook]
          plugin: <_pytest.logging.LoggingPlugin object at 0x7fcf346f7ef0>
          plugin_name: logging-plugin
          manager: <_pytest.config.PytestPluginManager object at 0x7fcf35cd6390>
      finish pytest_plugin_registered --> [] [hook]
      pytest_plugin_registered [hook]
          plugin: <_pytest.fixtures.FixtureManager object at 0x7fcf341ede20>
          plugin_name: funcmanage
          manager: <_pytest.config.PytestPluginManager object at 0x7fcf35cd6390>
      finish pytest_plugin_registered --> [] [hook]
      pytest_report_header [hook]
          config: <_pytest.config.Config object at 0x7fcf35ef7170>
          start_path: /home/nidhiram/dev/inventory_system
          startdir: /home/nidhiram/dev/inventory_system
      early skip of rewriting module: email.parser [assertion]
      early skip of rewriting module: email.feedparser [assertion]
      finish pytest_report_header --> [['rootdir: /home/nidhiram/dev/inventory_system', 'configfile: pyproject.toml', 'plugins: base-url-2.1.0, playwright-0.7.0, anyio-4.9.0'], ['using: pytest-8.3.5', 'registered third-party plugins:', '  pytest-base-url-2.1.0 at /home/nidhiram/dev/inventory_system/.venv/lib/python3.12/site-packages/pytest_base_url/plugin.py', '  pytest-playwright-0.7.0 at /home/nidhiram/dev/inventory_system/.venv/lib/python3.12/site-packages/pytest_playwright/pytest_playwright.py', '  anyio-4.9.0 at /home/nidhiram/dev/inventory_system/.venv/lib/python3.12/site-packages/anyio/pytest_plugin.py']] [hook]
    finish pytest_sessionstart --> [] [hook]
    pytest_collection [hook]
        session: <Session  exitstatus=<ExitCode.OK: 0> testsfailed=0 testscollected=0>
    perform_collect <Session  exitstatus=<ExitCode.OK: 0> testsfailed=0 testscollected=0> ['inventory_system/tests/test_auth.py'] [collection]
        pytest_collectstart [hook]
            collector: <Session  exitstatus=<ExitCode.OK: 0> testsfailed=0 testscollected=0>
        finish pytest_collectstart --> [] [hook]
        pytest_make_collect_report [hook]
            collector: <Session  exitstatus=<ExitCode.OK: 0> testsfailed=0 testscollected=0>
        processing argument CollectionArgument(path=PosixPath('/home/nidhiram/dev/inventory_system/inventory_system/tests/test_auth.py'), parts=[], module_name=None) [collection]
            pytest_collect_directory [hook]
                path: /home/nidhiram/dev/inventory_system
                parent: <Session  exitstatus=<ExitCode.OK: 0> testsfailed=0 testscollected=0>
            finish pytest_collect_directory --> <Dir inventory_system> [hook]
            pytest_collectstart [hook]
                collector: <Dir inventory_system>
            finish pytest_collectstart --> [] [hook]
            pytest_make_collect_report [hook]
                collector: <Dir inventory_system>
              pytest_ignore_collect [hook]
                  config: <_pytest.config.Config object at 0x7fcf35ef7170>
                  collection_path: /home/nidhiram/dev/inventory_system/.git
                  path: /home/nidhiram/dev/inventory_system/.git
              finish pytest_ignore_collect --> True [hook]
              pytest_ignore_collect [hook]
                  config: <_pytest.config.Config object at 0x7fcf35ef7170>
                  collection_path: /home/nidhiram/dev/inventory_system/.gitignore
                  path: /home/nidhiram/dev/inventory_system/.gitignore
              finish pytest_ignore_collect --> None [hook]
              pytest_collect_file [hook]
                  parent: <Dir inventory_system>
                  file_path: /home/nidhiram/dev/inventory_system/.gitignore
                  path: /home/nidhiram/dev/inventory_system/.gitignore
              finish pytest_collect_file --> [] [hook]
              pytest_ignore_collect [hook]
                  config: <_pytest.config.Config object at 0x7fcf35ef7170>
                  collection_path: /home/nidhiram/dev/inventory_system/.pytest_cache
                  path: /home/nidhiram/dev/inventory_system/.pytest_cache
              finish pytest_ignore_collect --> True [hook]
              pytest_ignore_collect [hook]
                  config: <_pytest.config.Config object at 0x7fcf35ef7170>
                  collection_path: /home/nidhiram/dev/inventory_system/.ruff_cache
                  path: /home/nidhiram/dev/inventory_system/.ruff_cache
              finish pytest_ignore_collect --> True [hook]
              pytest_ignore_collect [hook]
                  config: <_pytest.config.Config object at 0x7fcf35ef7170>
                  collection_path: /home/nidhiram/dev/inventory_system/.states
                  path: /home/nidhiram/dev/inventory_system/.states
              finish pytest_ignore_collect --> True [hook]
              pytest_ignore_collect [hook]
                  config: <_pytest.config.Config object at 0x7fcf35ef7170>
                  collection_path: /home/nidhiram/dev/inventory_system/.venv
                  path: /home/nidhiram/dev/inventory_system/.venv
              finish pytest_ignore_collect --> True [hook]
              pytest_ignore_collect [hook]
                  config: <_pytest.config.Config object at 0x7fcf35ef7170>
                  collection_path: /home/nidhiram/dev/inventory_system/.vscode
                  path: /home/nidhiram/dev/inventory_system/.vscode
              finish pytest_ignore_collect --> True [hook]
              pytest_ignore_collect [hook]
                  config: <_pytest.config.Config object at 0x7fcf35ef7170>
                  collection_path: /home/nidhiram/dev/inventory_system/.web
                  path: /home/nidhiram/dev/inventory_system/.web
              finish pytest_ignore_collect --> True [hook]
              pytest_ignore_collect [hook]
                  config: <_pytest.config.Config object at 0x7fcf35ef7170>
                  collection_path: /home/nidhiram/dev/inventory_system/README.md
                  path: /home/nidhiram/dev/inventory_system/README.md
              finish pytest_ignore_collect --> None [hook]
              pytest_collect_file [hook]
                  parent: <Dir inventory_system>
                  file_path: /home/nidhiram/dev/inventory_system/README.md
                  path: /home/nidhiram/dev/inventory_system/README.md
              finish pytest_collect_file --> [] [hook]
              pytest_ignore_collect [hook]
                  config: <_pytest.config.Config object at 0x7fcf35ef7170>
                  collection_path: /home/nidhiram/dev/inventory_system/__pycache__
                  path: /home/nidhiram/dev/inventory_system/__pycache__
              finish pytest_ignore_collect --> True [hook]
              pytest_ignore_collect [hook]
                  config: <_pytest.config.Config object at 0x7fcf35ef7170>
                  collection_path: /home/nidhiram/dev/inventory_system/alembic
                  path: /home/nidhiram/dev/inventory_system/alembic
              finish pytest_ignore_collect --> None [hook]
              pytest_collect_directory [hook]
                  path: /home/nidhiram/dev/inventory_system/alembic
                  parent: <Dir inventory_system>
              finish pytest_collect_directory --> <Dir alembic> [hook]
              pytest_ignore_collect [hook]
                  config: <_pytest.config.Config object at 0x7fcf35ef7170>
                  collection_path: /home/nidhiram/dev/inventory_system/alembic.ini
                  path: /home/nidhiram/dev/inventory_system/alembic.ini
              finish pytest_ignore_collect --> None [hook]
              pytest_collect_file [hook]
                  parent: <Dir inventory_system>
                  file_path: /home/nidhiram/dev/inventory_system/alembic.ini
                  path: /home/nidhiram/dev/inventory_system/alembic.ini
              finish pytest_collect_file --> [] [hook]
              pytest_ignore_collect [hook]
                  config: <_pytest.config.Config object at 0x7fcf35ef7170>
                  collection_path: /home/nidhiram/dev/inventory_system/assets
                  path: /home/nidhiram/dev/inventory_system/assets
              finish pytest_ignore_collect --> None [hook]
              pytest_collect_directory [hook]
                  path: /home/nidhiram/dev/inventory_system/assets
                  parent: <Dir inventory_system>
              finish pytest_collect_directory --> <Dir assets> [hook]
              pytest_collect_directory [hook]
                  path: /home/nidhiram/dev/inventory_system/inventory_system
                  parent: <Dir inventory_system>
              finish pytest_collect_directory --> <Package inventory_system> [hook]
              pytest_ignore_collect [hook]
                  config: <_pytest.config.Config object at 0x7fcf35ef7170>
                  collection_path: /home/nidhiram/dev/inventory_system/inventory_system.egg-info
                  path: /home/nidhiram/dev/inventory_system/inventory_system.egg-info
              finish pytest_ignore_collect --> None [hook]
              pytest_collect_directory [hook]
                  path: /home/nidhiram/dev/inventory_system/inventory_system.egg-info
                  parent: <Dir inventory_system>
              finish pytest_collect_directory --> <Dir inventory_system.egg-info> [hook]
              pytest_ignore_collect [hook]
                  config: <_pytest.config.Config object at 0x7fcf35ef7170>
                  collection_path: /home/nidhiram/dev/inventory_system/items.csv
                  path: /home/nidhiram/dev/inventory_system/items.csv
              finish pytest_ignore_collect --> None [hook]
              pytest_collect_file [hook]
                  parent: <Dir inventory_system>
                  file_path: /home/nidhiram/dev/inventory_system/items.csv
                  path: /home/nidhiram/dev/inventory_system/items.csv
              finish pytest_collect_file --> [] [hook]
              pytest_ignore_collect [hook]
                  config: <_pytest.config.Config object at 0x7fcf35ef7170>
                  collection_path: /home/nidhiram/dev/inventory_system/overview_page.png
                  path: /home/nidhiram/dev/inventory_system/overview_page.png
              finish pytest_ignore_collect --> None [hook]
              pytest_collect_file [hook]
                  parent: <Dir inventory_system>
                  file_path: /home/nidhiram/dev/inventory_system/overview_page.png
                  path: /home/nidhiram/dev/inventory_system/overview_page.png
              finish pytest_collect_file --> [] [hook]
              pytest_ignore_collect [hook]
                  config: <_pytest.config.Config object at 0x7fcf35ef7170>
                  collection_path: /home/nidhiram/dev/inventory_system/pyproject.toml
                  path: /home/nidhiram/dev/inventory_system/pyproject.toml
              finish pytest_ignore_collect --> None [hook]
              pytest_collect_file [hook]
                  parent: <Dir inventory_system>
                  file_path: /home/nidhiram/dev/inventory_system/pyproject.toml
                  path: /home/nidhiram/dev/inventory_system/pyproject.toml
              finish pytest_collect_file --> [] [hook]
              pytest_ignore_collect [hook]
                  config: <_pytest.config.Config object at 0x7fcf35ef7170>
                  collection_path: /home/nidhiram/dev/inventory_system/pytestdebug.log
                  path: /home/nidhiram/dev/inventory_system/pytestdebug.log
              finish pytest_ignore_collect --> None [hook]
              pytest_collect_file [hook]
                  parent: <Dir inventory_system>
                  file_path: /home/nidhiram/dev/inventory_system/pytestdebug.log
                  path: /home/nidhiram/dev/inventory_system/pytestdebug.log
              finish pytest_collect_file --> [] [hook]
              pytest_ignore_collect [hook]
                  config: <_pytest.config.Config object at 0x7fcf35ef7170>
                  collection_path: /home/nidhiram/dev/inventory_system/reflex.db
                  path: /home/nidhiram/dev/inventory_system/reflex.db
              finish pytest_ignore_collect --> None [hook]
              pytest_collect_file [hook]
                  parent: <Dir inventory_system>
                  file_path: /home/nidhiram/dev/inventory_system/reflex.db
                  path: /home/nidhiram/dev/inventory_system/reflex.db
              finish pytest_collect_file --> [] [hook]
              pytest_ignore_collect [hook]
                  config: <_pytest.config.Config object at 0x7fcf35ef7170>
                  collection_path: /home/nidhiram/dev/inventory_system/requirements.txt
                  path: /home/nidhiram/dev/inventory_system/requirements.txt
              finish pytest_ignore_collect --> None [hook]
              pytest_collect_file [hook]
                  parent: <Dir inventory_system>
                  file_path: /home/nidhiram/dev/inventory_system/requirements.txt
                  path: /home/nidhiram/dev/inventory_system/requirements.txt
              finish pytest_collect_file --> [] [hook]
              pytest_ignore_collect [hook]
                  config: <_pytest.config.Config object at 0x7fcf35ef7170>
                  collection_path: /home/nidhiram/dev/inventory_system/rxconfig.py
                  path: /home/nidhiram/dev/inventory_system/rxconfig.py
              finish pytest_ignore_collect --> None [hook]
              pytest_collect_file [hook]
                  parent: <Dir inventory_system>
                  file_path: /home/nidhiram/dev/inventory_system/rxconfig.py
                  path: /home/nidhiram/dev/inventory_system/rxconfig.py
              finish pytest_collect_file --> [] [hook]
              pytest_ignore_collect [hook]
                  config: <_pytest.config.Config object at 0x7fcf35ef7170>
                  collection_path: /home/nidhiram/dev/inventory_system/user_data.json
                  path: /home/nidhiram/dev/inventory_system/user_data.json
              finish pytest_ignore_collect --> None [hook]
              pytest_collect_file [hook]
                  parent: <Dir inventory_system>
                  file_path: /home/nidhiram/dev/inventory_system/user_data.json
                  path: /home/nidhiram/dev/inventory_system/user_data.json
              finish pytest_collect_file --> [] [hook]
              pytest_ignore_collect [hook]
                  config: <_pytest.config.Config object at 0x7fcf35ef7170>
                  collection_path: /home/nidhiram/dev/inventory_system/uv.lock
                  path: /home/nidhiram/dev/inventory_system/uv.lock
              finish pytest_ignore_collect --> None [hook]
              pytest_collect_file [hook]
                  parent: <Dir inventory_system>
                  file_path: /home/nidhiram/dev/inventory_system/uv.lock
                  path: /home/nidhiram/dev/inventory_system/uv.lock
              finish pytest_collect_file --> [] [hook]
            finish pytest_make_collect_report --> <CollectReport '.' lenresult=4 outcome='passed'> [hook]
            pytest_collectstart [hook]
                collector: <Package inventory_system>
            finish pytest_collectstart --> [] [hook]
            pytest_make_collect_report [hook]
                collector: <Package inventory_system>
              pytest_ignore_collect [hook]
                  config: <_pytest.config.Config object at 0x7fcf35ef7170>
                  collection_path: /home/nidhiram/dev/inventory_system/inventory_system/__init__.py
                  path: /home/nidhiram/dev/inventory_system/inventory_system/__init__.py
              finish pytest_ignore_collect --> None [hook]
              pytest_collect_file [hook]
                  parent: <Package inventory_system>
                  file_path: /home/nidhiram/dev/inventory_system/inventory_system/__init__.py
                  path: /home/nidhiram/dev/inventory_system/inventory_system/__init__.py
              finish pytest_collect_file --> [] [hook]
              pytest_ignore_collect [hook]
                  config: <_pytest.config.Config object at 0x7fcf35ef7170>
                  collection_path: /home/nidhiram/dev/inventory_system/inventory_system/.env
                  path: /home/nidhiram/dev/inventory_system/inventory_system/.env
              finish pytest_ignore_collect --> None [hook]
              pytest_collect_file [hook]
                  parent: <Package inventory_system>
                  file_path: /home/nidhiram/dev/inventory_system/inventory_system/.env
                  path: /home/nidhiram/dev/inventory_system/inventory_system/.env
              finish pytest_collect_file --> [] [hook]
              pytest_ignore_collect [hook]
                  config: <_pytest.config.Config object at 0x7fcf35ef7170>
                  collection_path: /home/nidhiram/dev/inventory_system/inventory_system/.env:Zone.Identifier
                  path: /home/nidhiram/dev/inventory_system/inventory_system/.env:Zone.Identifier
              finish pytest_ignore_collect --> None [hook]
              pytest_collect_file [hook]
                  parent: <Package inventory_system>
                  file_path: /home/nidhiram/dev/inventory_system/inventory_system/.env:Zone.Identifier
                  path: /home/nidhiram/dev/inventory_system/inventory_system/.env:Zone.Identifier
              finish pytest_collect_file --> [] [hook]
              pytest_ignore_collect [hook]
                  config: <_pytest.config.Config object at 0x7fcf35ef7170>
                  collection_path: /home/nidhiram/dev/inventory_system/inventory_system/__pycache__
                  path: /home/nidhiram/dev/inventory_system/inventory_system/__pycache__
              finish pytest_ignore_collect --> True [hook]
              pytest_ignore_collect [hook]
                  config: <_pytest.config.Config object at 0x7fcf35ef7170>
                  collection_path: /home/nidhiram/dev/inventory_system/inventory_system/backend
                  path: /home/nidhiram/dev/inventory_system/inventory_system/backend
              finish pytest_ignore_collect --> None [hook]
              pytest_collect_directory [hook]
                  path: /home/nidhiram/dev/inventory_system/inventory_system/backend
                  parent: <Package inventory_system>
              finish pytest_collect_directory --> <Package backend> [hook]
              pytest_ignore_collect [hook]
                  config: <_pytest.config.Config object at 0x7fcf35ef7170>
                  collection_path: /home/nidhiram/dev/inventory_system/inventory_system/components
                  path: /home/nidhiram/dev/inventory_system/inventory_system/components
              finish pytest_ignore_collect --> None [hook]
              pytest_collect_directory [hook]
                  path: /home/nidhiram/dev/inventory_system/inventory_system/components
                  parent: <Package inventory_system>
              finish pytest_collect_directory --> <Package components> [hook]
              pytest_ignore_collect [hook]
                  config: <_pytest.config.Config object at 0x7fcf35ef7170>
                  collection_path: /home/nidhiram/dev/inventory_system/inventory_system/constants.py
                  path: /home/nidhiram/dev/inventory_system/inventory_system/constants.py
              finish pytest_ignore_collect --> None [hook]
              pytest_collect_file [hook]
                  parent: <Package inventory_system>
                  file_path: /home/nidhiram/dev/inventory_system/inventory_system/constants.py
                  path: /home/nidhiram/dev/inventory_system/inventory_system/constants.py
              finish pytest_collect_file --> [] [hook]
              pytest_ignore_collect [hook]
                  config: <_pytest.config.Config object at 0x7fcf35ef7170>
                  collection_path: /home/nidhiram/dev/inventory_system/inventory_system/create_admin.py
                  path: /home/nidhiram/dev/inventory_system/inventory_system/create_admin.py
              finish pytest_ignore_collect --> None [hook]
              pytest_collect_file [hook]
                  parent: <Package inventory_system>
                  file_path: /home/nidhiram/dev/inventory_system/inventory_system/create_admin.py
                  path: /home/nidhiram/dev/inventory_system/inventory_system/create_admin.py
              finish pytest_collect_file --> [] [hook]
              pytest_ignore_collect [hook]
                  config: <_pytest.config.Config object at 0x7fcf35ef7170>
                  collection_path: /home/nidhiram/dev/inventory_system/inventory_system/create_admin.py:Zone.Identifier
                  path: /home/nidhiram/dev/inventory_system/inventory_system/create_admin.py:Zone.Identifier
              finish pytest_ignore_collect --> None [hook]
              pytest_collect_file [hook]
                  parent: <Package inventory_system>
                  file_path: /home/nidhiram/dev/inventory_system/inventory_system/create_admin.py:Zone.Identifier
                  path: /home/nidhiram/dev/inventory_system/inventory_system/create_admin.py:Zone.Identifier
              finish pytest_collect_file --> [] [hook]
              pytest_ignore_collect [hook]
                  config: <_pytest.config.Config object at 0x7fcf35ef7170>
                  collection_path: /home/nidhiram/dev/inventory_system/inventory_system/inventory_system.py
                  path: /home/nidhiram/dev/inventory_system/inventory_system/inventory_system.py
              finish pytest_ignore_collect --> None [hook]
              pytest_collect_file [hook]
                  parent: <Package inventory_system>
                  file_path: /home/nidhiram/dev/inventory_system/inventory_system/inventory_system.py
                  path: /home/nidhiram/dev/inventory_system/inventory_system/inventory_system.py
              finish pytest_collect_file --> [] [hook]
              pytest_ignore_collect [hook]
                  config: <_pytest.config.Config object at 0x7fcf35ef7170>
                  collection_path: /home/nidhiram/dev/inventory_system/inventory_system/layouts
                  path: /home/nidhiram/dev/inventory_system/inventory_system/layouts
              finish pytest_ignore_collect --> None [hook]
              pytest_collect_directory [hook]
                  path: /home/nidhiram/dev/inventory_system/inventory_system/layouts
                  parent: <Package inventory_system>
              finish pytest_collect_directory --> <Package layouts> [hook]
              pytest_ignore_collect [hook]
                  config: <_pytest.config.Config object at 0x7fcf35ef7170>
                  collection_path: /home/nidhiram/dev/inventory_system/inventory_system/logging
                  path: /home/nidhiram/dev/inventory_system/inventory_system/logging
              finish pytest_ignore_collect --> None [hook]
              pytest_collect_directory [hook]
                  path: /home/nidhiram/dev/inventory_system/inventory_system/logging
                  parent: <Package inventory_system>
              finish pytest_collect_directory --> <Dir logging> [hook]
              pytest_ignore_collect [hook]
                  config: <_pytest.config.Config object at 0x7fcf35ef7170>
                  collection_path: /home/nidhiram/dev/inventory_system/inventory_system/models
                  path: /home/nidhiram/dev/inventory_system/inventory_system/models
              finish pytest_ignore_collect --> None [hook]
              pytest_collect_directory [hook]
                  path: /home/nidhiram/dev/inventory_system/inventory_system/models
                  parent: <Package inventory_system>
              finish pytest_collect_directory --> <Package models> [hook]
              pytest_ignore_collect [hook]
                  config: <_pytest.config.Config object at 0x7fcf35ef7170>
                  collection_path: /home/nidhiram/dev/inventory_system/inventory_system/pages
                  path: /home/nidhiram/dev/inventory_system/inventory_system/pages
              finish pytest_ignore_collect --> None [hook]
              pytest_collect_directory [hook]
                  path: /home/nidhiram/dev/inventory_system/inventory_system/pages
                  parent: <Package inventory_system>
              finish pytest_collect_directory --> <Package pages> [hook]
              pytest_ignore_collect [hook]
                  config: <_pytest.config.Config object at 0x7fcf35ef7170>
                  collection_path: /home/nidhiram/dev/inventory_system/inventory_system/routes.py
                  path: /home/nidhiram/dev/inventory_system/inventory_system/routes.py
              finish pytest_ignore_collect --> None [hook]
              pytest_collect_file [hook]
                  parent: <Package inventory_system>
                  file_path: /home/nidhiram/dev/inventory_system/inventory_system/routes.py
                  path: /home/nidhiram/dev/inventory_system/inventory_system/routes.py
              finish pytest_collect_file --> [] [hook]
              pytest_ignore_collect [hook]
                  config: <_pytest.config.Config object at 0x7fcf35ef7170>
                  collection_path: /home/nidhiram/dev/inventory_system/inventory_system/state
                  path: /home/nidhiram/dev/inventory_system/inventory_system/state
              finish pytest_ignore_collect --> None [hook]
              pytest_collect_directory [hook]
                  path: /home/nidhiram/dev/inventory_system/inventory_system/state
                  parent: <Package inventory_system>
              finish pytest_collect_directory --> <Package state> [hook]
              pytest_ignore_collect [hook]
                  config: <_pytest.config.Config object at 0x7fcf35ef7170>
                  collection_path: /home/nidhiram/dev/inventory_system/inventory_system/styles.py
                  path: /home/nidhiram/dev/inventory_system/inventory_system/styles.py
              finish pytest_ignore_collect --> None [hook]
              pytest_collect_file [hook]
                  parent: <Package inventory_system>
                  file_path: /home/nidhiram/dev/inventory_system/inventory_system/styles.py
                  path: /home/nidhiram/dev/inventory_system/inventory_system/styles.py
              finish pytest_collect_file --> [] [hook]
              pytest_ignore_collect [hook]
                  config: <_pytest.config.Config object at 0x7fcf35ef7170>
                  collection_path: /home/nidhiram/dev/inventory_system/inventory_system/templates
                  path: /home/nidhiram/dev/inventory_system/inventory_system/templates
              finish pytest_ignore_collect --> None [hook]
              pytest_collect_directory [hook]
                  path: /home/nidhiram/dev/inventory_system/inventory_system/templates
                  parent: <Package inventory_system>
              finish pytest_collect_directory --> <Package templates> [hook]
              pytest_collect_directory [hook]
                  path: /home/nidhiram/dev/inventory_system/inventory_system/tests
                  parent: <Package inventory_system>
              finish pytest_collect_directory --> <Package tests> [hook]
              pytest_ignore_collect [hook]
                  config: <_pytest.config.Config object at 0x7fcf35ef7170>
                  collection_path: /home/nidhiram/dev/inventory_system/inventory_system/utils
                  path: /home/nidhiram/dev/inventory_system/inventory_system/utils
              finish pytest_ignore_collect --> None [hook]
              pytest_collect_directory [hook]
                  path: /home/nidhiram/dev/inventory_system/inventory_system/utils
                  parent: <Package inventory_system>
              finish pytest_collect_directory --> <Package utils> [hook]
              pytest_ignore_collect [hook]
                  config: <_pytest.config.Config object at 0x7fcf35ef7170>
                  collection_path: /home/nidhiram/dev/inventory_system/inventory_system/views
                  path: /home/nidhiram/dev/inventory_system/inventory_system/views
              finish pytest_ignore_collect --> None [hook]
              pytest_collect_directory [hook]
                  path: /home/nidhiram/dev/inventory_system/inventory_system/views
                  parent: <Package inventory_system>
              finish pytest_collect_directory --> <Package views> [hook]
            finish pytest_make_collect_report --> <CollectReport 'inventory_system' lenresult=11 outcome='passed'> [hook]
            pytest_collectstart [hook]
                collector: <Package tests>
            finish pytest_collectstart --> [] [hook]
            pytest_make_collect_report [hook]
                collector: <Package tests>
              pytest_ignore_collect [hook]
                  config: <_pytest.config.Config object at 0x7fcf35ef7170>
                  collection_path: /home/nidhiram/dev/inventory_system/inventory_system/tests/__init__.py
                  path: /home/nidhiram/dev/inventory_system/inventory_system/tests/__init__.py
              finish pytest_ignore_collect --> None [hook]
              pytest_collect_file [hook]
                  parent: <Package tests>
                  file_path: /home/nidhiram/dev/inventory_system/inventory_system/tests/__init__.py
                  path: /home/nidhiram/dev/inventory_system/inventory_system/tests/__init__.py
              finish pytest_collect_file --> [] [hook]
              pytest_ignore_collect [hook]
                  config: <_pytest.config.Config object at 0x7fcf35ef7170>
                  collection_path: /home/nidhiram/dev/inventory_system/inventory_system/tests/__pycache__
                  path: /home/nidhiram/dev/inventory_system/inventory_system/tests/__pycache__
              finish pytest_ignore_collect --> True [hook]
              pytest_collect_file [hook]
                  parent: <Package tests>
                  file_path: /home/nidhiram/dev/inventory_system/inventory_system/tests/test_auth.py
                  path: /home/nidhiram/dev/inventory_system/inventory_system/tests/test_auth.py
                pytest_pycollect_makemodule [hook]
                    parent: <Package tests>
                    module_path: /home/nidhiram/dev/inventory_system/inventory_system/tests/test_auth.py
                    path: /home/nidhiram/dev/inventory_system/inventory_system/tests/test_auth.py
                finish pytest_pycollect_makemodule --> <Module test_auth.py> [hook]
              finish pytest_collect_file --> [<Module test_auth.py>] [hook]
            finish pytest_make_collect_report --> <CollectReport 'inventory_system/tests' lenresult=1 outcome='passed'> [hook]
        finish pytest_make_collect_report --> <CollectReport '' lenresult=1 outcome='passed'> [hook]
        pytest_collectreport [hook]
            report: <CollectReport '' lenresult=1 outcome='passed'>
        finish pytest_collectreport --> [] [hook]
    genitems <Module test_auth.py> [collection]
      pytest_collectstart [hook]
          collector: <Module test_auth.py>
      finish pytest_collectstart --> [] [hook]
      pytest_make_collect_report [hook]
          collector: <Module test_auth.py>
      early skip of rewriting module: inventory_system [assertion]
      early skip of rewriting module: inventory_system.tests [assertion]
      find_module called for: inventory_system.tests.test_auth [assertion]
      matched test file (was specified on cmdline): '/home/nidhiram/dev/inventory_system/inventory_system/tests/test_auth.py' [assertion]
      found cached rewritten pyc for /home/nidhiram/dev/inventory_system/inventory_system/tests/test_auth.py [assertion]
      early skip of rewriting module: reflex [assertion]
      early skip of rewriting module: reflex.utils [assertion]
      early skip of rewriting module: reflex.utils.compat [assertion]
      early skip of rewriting module: pydantic [assertion]
      early skip of rewriting module: pydantic._migration [assertion]
      early skip of rewriting module: pydantic.version [assertion]
      early skip of rewriting module: pydantic_core [assertion]
      early skip of rewriting module: pydantic_core._pydantic_core [assertion]
      early skip of rewriting module: pydantic_core.core_schema [assertion]
      early skip of rewriting module: pydantic.errors [assertion]
      early skip of rewriting module: typing_inspection [assertion]
      early skip of rewriting module: typing_inspection.introspection [assertion]
      early skip of rewriting module: typing_inspection.typing_objects [assertion]
      early skip of rewriting module: pydantic._internal [assertion]
      early skip of rewriting module: pydantic._internal._repr [assertion]
      early skip of rewriting module: pydantic._internal._typing_extra [assertion]
      early skip of rewriting module: pydantic._internal._namespace_utils [assertion]
      early skip of rewriting module: pydantic.v1 [assertion]
      early skip of rewriting module: pydantic.v1.dataclasses [assertion]
      early skip of rewriting module: pydantic.v1.class_validators [assertion]
      early skip of rewriting module: pydantic.v1.errors [assertion]
      early skip of rewriting module: pydantic.v1.typing [assertion]
      early skip of rewriting module: pydantic.v1.utils [assertion]
      early skip of rewriting module: pydantic.v1.version [assertion]
      early skip of rewriting module: cython [assertion]
      early skip of rewriting module: pydantic.v1.config [assertion]
      early skip of rewriting module: pydantic.v1.error_wrappers [assertion]
      early skip of rewriting module: pydantic.v1.json [assertion]
      early skip of rewriting module: pydantic.v1.color [assertion]
      early skip of rewriting module: colorsys [assertion]
      early skip of rewriting module: pydantic.v1.networks [assertion]
      early skip of rewriting module: pydantic.v1.validators [assertion]
      early skip of rewriting module: pydantic.v1.datetime_parse [assertion]
      early skip of rewriting module: pydantic.v1.types [assertion]
      early skip of rewriting module: pydantic.v1.fields [assertion]
      early skip of rewriting module: pydantic.v1.main [assertion]
      early skip of rewriting module: pydantic.v1.parse [assertion]
      early skip of rewriting module: pickle [assertion]
      early skip of rewriting module: _compat_pickle [assertion]
      early skip of rewriting module: _pickle [assertion]
      early skip of rewriting module: pydantic.v1.schema [assertion]
      early skip of rewriting module: pydantic.v1.annotated_types [assertion]
      early skip of rewriting module: pydantic.v1.decorator [assertion]
      early skip of rewriting module: pydantic.v1.env_settings [assertion]
      early skip of rewriting module: pydantic.v1.tools [assertion]
      early skip of rewriting module: sqlmodel [assertion]
      early skip of rewriting module: sqlalchemy [assertion]
      early skip of rewriting module: sqlalchemy.util [assertion]
      early skip of rewriting module: sqlalchemy.util.preloaded [assertion]
      early skip of rewriting module: sqlalchemy.util._collections [assertion]
      early skip of rewriting module: sqlalchemy.util._has_cy [assertion]
      early skip of rewriting module: sqlalchemy.cyextension [assertion]
      early skip of rewriting module: sqlalchemy.cyextension.collections [assertion]
      early skip of rewriting module: backports_abc [assertion]
      early skip of rewriting module: sqlalchemy.cyextension.immutabledict [assertion]
      early skip of rewriting module: sqlalchemy.cyextension.processors [assertion]
      early skip of rewriting module: sqlalchemy.cyextension.resultproxy [assertion]
      early skip of rewriting module: sqlalchemy.cyextension.util [assertion]
      early skip of rewriting module: sqlalchemy.exc [assertion]
      early skip of rewriting module: sqlalchemy.util.compat [assertion]
      early skip of rewriting module: sqlalchemy.util.typing [assertion]
      early skip of rewriting module: sqlalchemy.util.concurrency [assertion]
      early skip of rewriting module: sqlalchemy.util._concurrency_py3k [assertion]
      early skip of rewriting module: sqlalchemy.util.langhelpers [assertion]
      early skip of rewriting module: sqlalchemy.util.deprecations [assertion]
      early skip of rewriting module: sqlalchemy.engine [assertion]
      early skip of rewriting module: sqlalchemy.engine.events [assertion]
      early skip of rewriting module: sqlalchemy.engine.base [assertion]
      early skip of rewriting module: sqlalchemy.engine.interfaces [assertion]
      early skip of rewriting module: sqlalchemy.event [assertion]
      early skip of rewriting module: sqlalchemy.event.api [assertion]
      early skip of rewriting module: sqlalchemy.event.base [assertion]
      early skip of rewriting module: sqlalchemy.event.attr [assertion]
      early skip of rewriting module: sqlalchemy.event.legacy [assertion]
      early skip of rewriting module: sqlalchemy.event.registry [assertion]
      early skip of rewriting module: sqlalchemy.pool [assertion]
      early skip of rewriting module: sqlalchemy.pool.events [assertion]
      early skip of rewriting module: sqlalchemy.pool.base [assertion]
      early skip of rewriting module: sqlalchemy.log [assertion]
      early skip of rewriting module: sqlalchemy.pool.impl [assertion]
      early skip of rewriting module: sqlalchemy.util.queue [assertion]
      early skip of rewriting module: sqlalchemy.sql [assertion]
      early skip of rewriting module: sqlalchemy.sql._typing [assertion]
      early skip of rewriting module: sqlalchemy.sql.roles [assertion]
      early skip of rewriting module: sqlalchemy.inspection [assertion]
      early skip of rewriting module: sqlalchemy.sql.base [assertion]
      early skip of rewriting module: sqlalchemy.sql.visitors [assertion]
      early skip of rewriting module: sqlalchemy.sql.cache_key [assertion]
      early skip of rewriting module: sqlalchemy.sql.traversals [assertion]
      early skip of rewriting module: sqlalchemy.sql.operators [assertion]
      early skip of rewriting module: sqlalchemy.sql.compiler [assertion]
      early skip of rewriting module: sqlalchemy.sql.coercions [assertion]
      early skip of rewriting module: sqlalchemy.sql.crud [assertion]
      early skip of rewriting module: sqlalchemy.sql.dml [assertion]
      early skip of rewriting module: sqlalchemy.sql.util [assertion]
      early skip of rewriting module: sqlalchemy.sql.annotation [assertion]
      early skip of rewriting module: sqlalchemy.sql.ddl [assertion]
      early skip of rewriting module: sqlalchemy.sql.elements [assertion]
      early skip of rewriting module: sqlalchemy.sql.type_api [assertion]
      early skip of rewriting module: sqlalchemy.util.topological [assertion]
      early skip of rewriting module: sqlalchemy.sql.schema [assertion]
      early skip of rewriting module: sqlalchemy.sql.selectable [assertion]
      early skip of rewriting module: sqlalchemy.sql.sqltypes [assertion]
      early skip of rewriting module: sqlalchemy.engine.processors [assertion]
      early skip of rewriting module: sqlalchemy.engine._py_processors [assertion]
      early skip of rewriting module: sqlalchemy.sql.functions [assertion]
      early skip of rewriting module: sqlalchemy.sql.expression [assertion]
      early skip of rewriting module: sqlalchemy.sql._dml_constructors [assertion]
      early skip of rewriting module: sqlalchemy.sql._elements_constructors [assertion]
      early skip of rewriting module: sqlalchemy.sql._selectable_constructors [assertion]
      early skip of rewriting module: sqlalchemy.sql.lambdas [assertion]
      early skip of rewriting module: sqlalchemy.sql.default_comparator [assertion]
      early skip of rewriting module: sqlalchemy.sql.naming [assertion]
      early skip of rewriting module: sqlalchemy.sql.events [assertion]
      early skip of rewriting module: sqlalchemy.engine.util [assertion]
      early skip of rewriting module: sqlalchemy.engine.create [assertion]
      early skip of rewriting module: sqlalchemy.engine.url [assertion]
      early skip of rewriting module: sqlalchemy.dialects [assertion]
      early skip of rewriting module: sqlalchemy.engine.mock [assertion]
      early skip of rewriting module: sqlalchemy.engine.cursor [assertion]
      early skip of rewriting module: sqlalchemy.engine.result [assertion]
      early skip of rewriting module: sqlalchemy.engine.row [assertion]
      early skip of rewriting module: sqlalchemy.engine.reflection [assertion]
      early skip of rewriting module: sqlalchemy.schema [assertion]
      early skip of rewriting module: sqlalchemy.types [assertion]
      early skip of rewriting module: sqlalchemy.engine.default [assertion]
      early skip of rewriting module: sqlalchemy.engine.characteristics [assertion]
      early skip of rewriting module: sqlmodel.main [assertion]
      early skip of rewriting module: sqlalchemy.orm [assertion]
      early skip of rewriting module: sqlalchemy.orm.exc [assertion]
      early skip of rewriting module: sqlalchemy.orm.util [assertion]
      early skip of rewriting module: sqlalchemy.orm.attributes [assertion]
      early skip of rewriting module: sqlalchemy.orm.collections [assertion]
      early skip of rewriting module: sqlalchemy.orm.base [assertion]
      early skip of rewriting module: sqlalchemy.orm._typing [assertion]
      early skip of rewriting module: sqlalchemy.sql._orm_types [assertion]
      early skip of rewriting module: sqlalchemy.orm.mapped_collection [assertion]
      early skip of rewriting module: sqlalchemy.orm.interfaces [assertion]
      early skip of rewriting module: sqlalchemy.orm.path_registry [assertion]
      early skip of rewriting module: sqlalchemy.orm.mapper [assertion]
      early skip of rewriting module: sqlalchemy.orm.instrumentation [assertion]
      early skip of rewriting module: sqlalchemy.orm.state [assertion]
      early skip of rewriting module: sqlalchemy.orm.loading [assertion]
      early skip of rewriting module: sqlalchemy.orm.context [assertion]
      early skip of rewriting module: sqlalchemy.future [assertion]
      early skip of rewriting module: sqlalchemy.future.engine [assertion]
      early skip of rewriting module: sqlalchemy.orm.properties [assertion]
      early skip of rewriting module: sqlalchemy.orm.strategy_options [assertion]
      early skip of rewriting module: sqlalchemy.orm.descriptor_props [assertion]
      early skip of rewriting module: sqlalchemy.orm.relationships [assertion]
      early skip of rewriting module: sqlalchemy.orm._orm_constructors [assertion]
      early skip of rewriting module: sqlalchemy.orm.query [assertion]
      early skip of rewriting module: sqlalchemy.orm.session [assertion]
      early skip of rewriting module: sqlalchemy.orm.bulk_persistence [assertion]
      early skip of rewriting module: sqlalchemy.orm.evaluator [assertion]
      early skip of rewriting module: sqlalchemy.orm.persistence [assertion]
      early skip of rewriting module: sqlalchemy.orm.sync [assertion]
      early skip of rewriting module: sqlalchemy.orm.identity [assertion]
      early skip of rewriting module: sqlalchemy.orm.state_changes [assertion]
      early skip of rewriting module: sqlalchemy.orm.unitofwork [assertion]
      early skip of rewriting module: sqlalchemy.orm.decl_api [assertion]
      early skip of rewriting module: sqlalchemy.orm.clsregistry [assertion]
      early skip of rewriting module: sqlalchemy.orm.decl_base [assertion]
      early skip of rewriting module: sqlalchemy.orm.dynamic [assertion]
      early skip of rewriting module: sqlalchemy.orm.writeonly [assertion]
      early skip of rewriting module: sqlalchemy.orm.strategies [assertion]
      early skip of rewriting module: sqlalchemy.orm.events [assertion]
      early skip of rewriting module: sqlalchemy.orm.scoping [assertion]
      early skip of rewriting module: sqlalchemy.orm.dependency [assertion]
      early skip of rewriting module: sqlmodel._compat [assertion]
      early skip of rewriting module: pydantic.typing [assertion]
      early skip of rewriting module: pydantic.utils [assertion]
      early skip of rewriting module: sqlmodel.sql [assertion]
      early skip of rewriting module: sqlmodel.sql.sqltypes [assertion]
      early skip of rewriting module: sqlmodel.orm [assertion]
      early skip of rewriting module: sqlmodel.orm.session [assertion]
      early skip of rewriting module: sqlmodel.sql.base [assertion]
      early skip of rewriting module: sqlmodel.sql.expression [assertion]
      early skip of rewriting module: sqlmodel.sql._expression_select_cls [assertion]
      early skip of rewriting module: sqlmodel.sql._expression_select_gen [assertion]
      early skip of rewriting module: reflex.utils.lazy_loader [assertion]
      early skip of rewriting module: reflex.event [assertion]
      early skip of rewriting module: reflex.constants [assertion]
      early skip of rewriting module: reflex.constants.base [assertion]
      early skip of rewriting module: platformdirs [assertion]
      early skip of rewriting module: platformdirs.api [assertion]
      early skip of rewriting module: platformdirs.version [assertion]
      early skip of rewriting module: platformdirs.unix [assertion]
      early skip of rewriting module: configparser [assertion]
      early skip of rewriting module: reflex.constants.utils [assertion]
      early skip of rewriting module: reflex.constants.compiler [assertion]
      early skip of rewriting module: reflex.utils.imports [assertion]
      early skip of rewriting module: reflex.constants.config [assertion]
      early skip of rewriting module: reflex.constants.custom_components [assertion]
      early skip of rewriting module: reflex.constants.event [assertion]
      early skip of rewriting module: reflex.constants.installer [assertion]
      early skip of rewriting module: reflex.constants.route [assertion]
      early skip of rewriting module: reflex.constants.state [assertion]
      early skip of rewriting module: reflex.constants.style [assertion]
      early skip of rewriting module: reflex.utils.console [assertion]
      early skip of rewriting module: rich [assertion]
      early skip of rewriting module: rich._extension [assertion]
      early skip of rewriting module: rich.console [assertion]
      early skip of rewriting module: getpass [assertion]
      early skip of rewriting module: termios [assertion]
      early skip of rewriting module: rich._null_file [assertion]
      early skip of rewriting module: rich.errors [assertion]
      early skip of rewriting module: rich.themes [assertion]
      early skip of rewriting module: rich.default_styles [assertion]
      early skip of rewriting module: rich.style [assertion]
      early skip of rewriting module: rich.color [assertion]
      early skip of rewriting module: rich._palettes [assertion]
      early skip of rewriting module: rich.palette [assertion]
      early skip of rewriting module: rich.color_triplet [assertion]
      early skip of rewriting module: rich.repr [assertion]
      early skip of rewriting module: rich.terminal_theme [assertion]
      early skip of rewriting module: rich.theme [assertion]
      early skip of rewriting module: rich._emoji_replace [assertion]
      early skip of rewriting module: rich._emoji_codes [assertion]
      early skip of rewriting module: rich._export_format [assertion]
      early skip of rewriting module: rich._fileno [assertion]
      early skip of rewriting module: rich._log_render [assertion]
      early skip of rewriting module: rich.text [assertion]
      early skip of rewriting module: rich._loop [assertion]
      early skip of rewriting module: rich._pick [assertion]
      early skip of rewriting module: rich._wrap [assertion]
      early skip of rewriting module: rich.cells [assertion]
      early skip of rewriting module: rich._cell_widths [assertion]
      early skip of rewriting module: rich.align [assertion]
      early skip of rewriting module: rich.constrain [assertion]
      early skip of rewriting module: rich.jupyter [assertion]
      early skip of rewriting module: rich.segment [assertion]
      early skip of rewriting module: rich.measure [assertion]
      early skip of rewriting module: rich.protocol [assertion]
      early skip of rewriting module: rich.containers [assertion]
      early skip of rewriting module: rich.control [assertion]
      early skip of rewriting module: rich.emoji [assertion]
      early skip of rewriting module: rich.highlighter [assertion]
      early skip of rewriting module: rich.markup [assertion]
      early skip of rewriting module: rich.pager [assertion]
      early skip of rewriting module: rich.pretty [assertion]
      early skip of rewriting module: attr [assertion]
      early skip of rewriting module: rich.abc [assertion]
      early skip of rewriting module: rich.region [assertion]
      early skip of rewriting module: rich.scope [assertion]
      early skip of rewriting module: rich.panel [assertion]
      early skip of rewriting module: rich.box [assertion]
      early skip of rewriting module: rich.padding [assertion]
      early skip of rewriting module: rich.table [assertion]
      early skip of rewriting module: rich._ratio [assertion]
      early skip of rewriting module: fractions [assertion]
      early skip of rewriting module: rich.screen [assertion]
      early skip of rewriting module: rich.styled [assertion]
      early skip of rewriting module: rich.progress [assertion]
      early skip of rewriting module: mmap [assertion]
      early skip of rewriting module: rich.filesize [assertion]
      early skip of rewriting module: rich.live [assertion]
      early skip of rewriting module: rich.file_proxy [assertion]
      early skip of rewriting module: rich.ansi [assertion]
      early skip of rewriting module: rich.live_render [assertion]
      early skip of rewriting module: rich.progress_bar [assertion]
      early skip of rewriting module: rich.spinner [assertion]
      early skip of rewriting module: rich._spinners [assertion]
      early skip of rewriting module: rich.prompt [assertion]
      early skip of rewriting module: reflex.utils.format [assertion]
      early skip of rewriting module: reflex.utils.exceptions [assertion]
      early skip of rewriting module: reflex.utils.decorator [assertion]
      early skip of rewriting module: reflex.utils.types [assertion]
      early skip of rewriting module: sqlalchemy.ext [assertion]
      early skip of rewriting module: sqlalchemy.ext.associationproxy [assertion]
      early skip of rewriting module: sqlalchemy.ext.hybrid [assertion]
      early skip of rewriting module: reflex.base [assertion]
      early skip of rewriting module: reflex.components [assertion]
      early skip of rewriting module: reflex.components.core [assertion]
      early skip of rewriting module: reflex.components.core.breakpoints [assertion]
      early skip of rewriting module: reflex.vars [assertion]
      early skip of rewriting module: reflex.vars.base [assertion]
      early skip of rewriting module: reflex.utils.serializers [assertion]
      early skip of rewriting module: pydantic.main [assertion]
      early skip of rewriting module: pydantic.warnings [assertion]
      early skip of rewriting module: pydantic._internal._config [assertion]
      early skip of rewriting module: pydantic.aliases [assertion]
      early skip of rewriting module: pydantic._internal._internal_dataclass [assertion]
      early skip of rewriting module: pydantic.config [assertion]
      early skip of rewriting module: pydantic._internal._decorators [assertion]
      early skip of rewriting module: pydantic._internal._core_utils [assertion]
      early skip of rewriting module: pydantic._internal._utils [assertion]
      early skip of rewriting module: pydantic._internal._import_utils [assertion]
      early skip of rewriting module: pydantic._internal._fields [assertion]
      early skip of rewriting module: pydantic._internal._generics [assertion]
      early skip of rewriting module: pydantic._internal._forward_ref [assertion]
      early skip of rewriting module: pydantic._internal._docs_extraction [assertion]
      early skip of rewriting module: pydantic._internal._mock_val_ser [assertion]
      early skip of rewriting module: pydantic.plugin [assertion]
      early skip of rewriting module: pydantic.plugin._schema_validator [assertion]
      early skip of rewriting module: pydantic._internal._model_construction [assertion]
      early skip of rewriting module: pydantic._internal._generate_schema [assertion]
      early skip of rewriting module: zoneinfo [assertion]
      early skip of rewriting module: zoneinfo._tzpath [assertion]
      early skip of rewriting module: sysconfig [assertion]
      early skip of rewriting module: _sysconfigdata__x86_64-linux-gnu [assertion]
      early skip of rewriting module: zoneinfo._common [assertion]
      early skip of rewriting module: _zoneinfo [assertion]
      early skip of rewriting module: pydantic.annotated_handlers [assertion]
      early skip of rewriting module: pydantic.functional_validators [assertion]
      early skip of rewriting module: pydantic.json_schema [assertion]
      early skip of rewriting module: pydantic._internal._core_metadata [assertion]
      early skip of rewriting module: pydantic._internal._schema_generation_shared [assertion]
      early skip of rewriting module: pydantic._internal._discriminated_union [assertion]
      early skip of rewriting module: pydantic._internal._known_annotated_metadata [assertion]
      early skip of rewriting module: pydantic._internal._schema_gather [assertion]
      early skip of rewriting module: pydantic._internal._signature [assertion]
      early skip of rewriting module: reflex.constants.colors [assertion]
      early skip of rewriting module: pandas [assertion]
      early skip of rewriting module: numpy [assertion]
      early skip of rewriting module: numpy._globals [assertion]
      early skip of rewriting module: numpy._utils [assertion]
      early skip of rewriting module: numpy._utils._convertions [assertion]
      early skip of rewriting module: numpy._expired_attrs_2_0 [assertion]
      early skip of rewriting module: numpy.version [assertion]
      early skip of rewriting module: numpy._distributor_init [assertion]
      early skip of rewriting module: numpy._distributor_init_local [assertion]
      early skip of rewriting module: numpy.__config__ [assertion]
      early skip of rewriting module: numpy._core [assertion]
      early skip of rewriting module: numpy._core.multiarray [assertion]
      early skip of rewriting module: numpy._core.overrides [assertion]
      early skip of rewriting module: numpy._utils._inspect [assertion]
      early skip of rewriting module: numpy._core._multiarray_umath [assertion]
      early skip of rewriting module: numpy.exceptions [assertion]
      early skip of rewriting module: numpy._core._exceptions [assertion]
      early skip of rewriting module: numpy._core.printoptions [assertion]
      early skip of rewriting module: numpy.dtypes [assertion]
      early skip of rewriting module: numpy._core.umath [assertion]
      early skip of rewriting module: numpy._core.numerictypes [assertion]
      early skip of rewriting module: numpy._core._string_helpers [assertion]
      early skip of rewriting module: numpy._core._type_aliases [assertion]
      early skip of rewriting module: numpy._core._dtype [assertion]
      early skip of rewriting module: numpy._core.numeric [assertion]
      early skip of rewriting module: numpy._core.shape_base [assertion]
      early skip of rewriting module: numpy._core.fromnumeric [assertion]
      early skip of rewriting module: numpy._core._methods [assertion]
      early skip of rewriting module: numpy._core._ufunc_config [assertion]
      early skip of rewriting module: numpy._core.arrayprint [assertion]
      early skip of rewriting module: numpy._core._asarray [assertion]
      early skip of rewriting module: numpy._core.records [assertion]
      early skip of rewriting module: numpy._core.memmap [assertion]
      early skip of rewriting module: numpy._core.function_base [assertion]
      early skip of rewriting module: numpy._core._machar [assertion]
      early skip of rewriting module: numpy._core.getlimits [assertion]
      early skip of rewriting module: numpy._core.einsumfunc [assertion]
      early skip of rewriting module: numpy._core._add_newdocs [assertion]
      early skip of rewriting module: numpy._core._add_newdocs_scalars [assertion]
      early skip of rewriting module: numpy._core._dtype_ctypes [assertion]
      early skip of rewriting module: numpy._core._internal [assertion]
      early skip of rewriting module: ctypes [assertion]
      early skip of rewriting module: _ctypes [assertion]
      early skip of rewriting module: ctypes._endian [assertion]
      early skip of rewriting module: numpy._pytesttester [assertion]
      early skip of rewriting module: numpy.lib [assertion]
      early skip of rewriting module: numpy.lib.array_utils [assertion]
      early skip of rewriting module: numpy.lib._array_utils_impl [assertion]
      early skip of rewriting module: numpy.lib.introspect [assertion]
      early skip of rewriting module: numpy.lib.mixins [assertion]
      early skip of rewriting module: numpy.lib.npyio [assertion]
      early skip of rewriting module: numpy.lib._npyio_impl [assertion]
      early skip of rewriting module: numpy.lib.format [assertion]
      early skip of rewriting module: numpy.lib._utils_impl [assertion]
      early skip of rewriting module: numpy.lib._datasource [assertion]
      early skip of rewriting module: numpy.lib._iotools [assertion]
      early skip of rewriting module: numpy.lib.scimath [assertion]
      early skip of rewriting module: numpy.lib._scimath_impl [assertion]
      early skip of rewriting module: numpy.lib._type_check_impl [assertion]
      early skip of rewriting module: numpy.lib._ufunclike_impl [assertion]
      early skip of rewriting module: numpy.lib.stride_tricks [assertion]
      early skip of rewriting module: numpy.lib._stride_tricks_impl [assertion]
      early skip of rewriting module: numpy.lib._index_tricks_impl [assertion]
      early skip of rewriting module: numpy.matrixlib [assertion]
      early skip of rewriting module: numpy.matrixlib.defmatrix [assertion]
      early skip of rewriting module: numpy.linalg [assertion]
      early skip of rewriting module: numpy.linalg.linalg [assertion]
      early skip of rewriting module: numpy.linalg._linalg [assertion]
      early skip of rewriting module: numpy.lib._twodim_base_impl [assertion]
      early skip of rewriting module: numpy.linalg._umath_linalg [assertion]
      early skip of rewriting module: numpy._typing [assertion]
      early skip of rewriting module: numpy._typing._nested_sequence [assertion]
      early skip of rewriting module: numpy._typing._nbit_base [assertion]
      early skip of rewriting module: numpy._typing._nbit [assertion]
      early skip of rewriting module: numpy._typing._char_codes [assertion]
      early skip of rewriting module: numpy._typing._scalars [assertion]
      early skip of rewriting module: numpy._typing._shape [assertion]
      early skip of rewriting module: numpy._typing._dtype_like [assertion]
      early skip of rewriting module: numpy._typing._array_like [assertion]
      early skip of rewriting module: numpy._typing._ufunc [assertion]
      early skip of rewriting module: numpy.lib._function_base_impl [assertion]
      early skip of rewriting module: numpy.lib._histograms_impl [assertion]
      early skip of rewriting module: numpy.lib._nanfunctions_impl [assertion]
      early skip of rewriting module: numpy.lib._shape_base_impl [assertion]
      early skip of rewriting module: numpy.lib._arraysetops_impl [assertion]
      early skip of rewriting module: numpy.lib._polynomial_impl [assertion]
      early skip of rewriting module: numpy.lib._arrayterator_impl [assertion]
      early skip of rewriting module: numpy.lib._arraypad_impl [assertion]
      early skip of rewriting module: numpy.lib._version [assertion]
      early skip of rewriting module: numpy._array_api_info [assertion]
      early skip of rewriting module: pytz [assertion]
      early skip of rewriting module: pytz.exceptions [assertion]
      early skip of rewriting module: pytz.lazy [assertion]
      early skip of rewriting module: pytz.tzinfo [assertion]
      early skip of rewriting module: pytz.tzfile [assertion]
      early skip of rewriting module: dateutil [assertion]
      early skip of rewriting module: dateutil._version [assertion]
      early skip of rewriting module: pandas.compat [assertion]
      early skip of rewriting module: pandas.compat._constants [assertion]
      early skip of rewriting module: pandas.compat.compressors [assertion]
      early skip of rewriting module: pandas.compat.numpy [assertion]
      early skip of rewriting module: pandas.util [assertion]
      early skip of rewriting module: pandas.util.version [assertion]
      early skip of rewriting module: pandas.compat.pyarrow [assertion]
      early skip of rewriting module: pyarrow [assertion]
      early skip of rewriting module: pandas._config [assertion]
      early skip of rewriting module: pandas._config.config [assertion]
      early skip of rewriting module: pandas._typing [assertion]
      early skip of rewriting module: numpy.random [assertion]
      early skip of rewriting module: numpy.random._pickle [assertion]
      early skip of rewriting module: numpy.random.bit_generator [assertion]
      early skip of rewriting module: numpy.random._common [assertion]
      early skip of rewriting module: backports_abc [assertion]
      early skip of rewriting module: secrets [assertion]
      early skip of rewriting module: hmac [assertion]
      early skip of rewriting module: numpy.random.mtrand [assertion]
      early skip of rewriting module: numpy.random._bounded_integers [assertion]
      early skip of rewriting module: numpy.random._mt19937 [assertion]
      early skip of rewriting module: numpy.random._philox [assertion]
      early skip of rewriting module: numpy.random._pcg64 [assertion]
      early skip of rewriting module: numpy.random._sfc64 [assertion]
      early skip of rewriting module: numpy.random._generator [assertion]
      early skip of rewriting module: pandas.util._exceptions [assertion]
      early skip of rewriting module: pandas._config.dates [assertion]
      early skip of rewriting module: pandas._config.display [assertion]
      early skip of rewriting module: pandas.core [assertion]
      early skip of rewriting module: pandas.core.config_init [assertion]
      early skip of rewriting module: pandas.core.api [assertion]
      early skip of rewriting module: pandas._libs [assertion]
      early skip of rewriting module: pandas._libs.pandas_parser [assertion]
      early skip of rewriting module: pandas._libs.pandas_datetime [assertion]
      early skip of rewriting module: pandas._libs.interval [assertion]
      early skip of rewriting module: pandas._libs.hashtable [assertion]
      early skip of rewriting module: pandas._libs.missing [assertion]
      early skip of rewriting module: pandas._libs.tslibs [assertion]
      early skip of rewriting module: pandas._libs.tslibs.dtypes [assertion]
      early skip of rewriting module: pandas._libs.tslibs.ccalendar [assertion]
      early skip of rewriting module: pandas._libs.tslibs.np_datetime [assertion]
      early skip of rewriting module: pandas._libs.tslibs.conversion [assertion]
      early skip of rewriting module: pandas._libs.tslibs.base [assertion]
      early skip of rewriting module: pandas._libs.tslibs.offsets [assertion]
      early skip of rewriting module: pandas._libs.tslibs.timestamps [assertion]
      early skip of rewriting module: pandas._libs.tslibs.nattype [assertion]
      early skip of rewriting module: pandas._libs.tslibs.timedeltas [assertion]
      early skip of rewriting module: pandas._libs.tslibs.timezones [assertion]
      early skip of rewriting module: pandas.compat._optional [assertion]
      early skip of rewriting module: dateutil.tz [assertion]
      early skip of rewriting module: dateutil.tz.tz [assertion]
      early skip of rewriting module: six [assertion]
      early skip of rewriting module: six.moves [assertion]
      early skip of rewriting module: dateutil.tz._common [assertion]
      early skip of rewriting module: dateutil.tz._factories [assertion]
      early skip of rewriting module: dateutil.tz.win [assertion]
      early skip of rewriting module: six.moves.winreg [assertion]
      early skip of rewriting module: pandas._libs.tslibs.fields [assertion]
      early skip of rewriting module: _strptime [assertion]
      early skip of rewriting module: pandas._config.localization [assertion]
      early skip of rewriting module: pandas._libs.tslibs.tzconversion [assertion]
      early skip of rewriting module: backports_abc [assertion]
      early skip of rewriting module: backports_abc [assertion]
      early skip of rewriting module: pandas._libs.properties [assertion]
      early skip of rewriting module: pandas._libs.tslibs.parsing [assertion]
      early skip of rewriting module: backports_abc [assertion]
      early skip of rewriting module: dateutil.parser [assertion]
      early skip of rewriting module: dateutil.parser._parser [assertion]
      early skip of rewriting module: dateutil.relativedelta [assertion]
      early skip of rewriting module: dateutil._common [assertion]
      early skip of rewriting module: dateutil.parser.isoparser [assertion]
      early skip of rewriting module: pandas._libs.tslibs.strptime [assertion]
      early skip of rewriting module: pandas._libs.tslibs.period [assertion]
      early skip of rewriting module: pandas._libs.tslibs.vectorized [assertion]
      early skip of rewriting module: pandas._libs.ops_dispatch [assertion]
      early skip of rewriting module: pandas._libs.algos [assertion]
      early skip of rewriting module: pandas.core.dtypes [assertion]
      early skip of rewriting module: pandas.core.dtypes.dtypes [assertion]
      early skip of rewriting module: pandas._libs.lib [assertion]
      early skip of rewriting module: pyarrow [assertion]
      early skip of rewriting module: pandas.errors [assertion]
      early skip of rewriting module: pandas.core.dtypes.base [assertion]
      early skip of rewriting module: pandas.core.dtypes.generic [assertion]
      early skip of rewriting module: pandas.core.dtypes.inference [assertion]
      early skip of rewriting module: pandas.core.dtypes.missing [assertion]
      early skip of rewriting module: pandas.core.dtypes.common [assertion]
      early skip of rewriting module: pandas.core.algorithms [assertion]
      early skip of rewriting module: pandas.util._decorators [assertion]
      early skip of rewriting module: pandas.core.dtypes.cast [assertion]
      early skip of rewriting module: pandas.io [assertion]
      early skip of rewriting module: pandas.io._util [assertion]
      early skip of rewriting module: pandas.core.dtypes.concat [assertion]
      early skip of rewriting module: pandas.core.dtypes.astype [assertion]
      early skip of rewriting module: pandas.core.array_algos [assertion]
      early skip of rewriting module: pandas.core.array_algos.take [assertion]
      early skip of rewriting module: pandas.core.construction [assertion]
      early skip of rewriting module: numpy.ma [assertion]
      early skip of rewriting module: numpy.ma.core [assertion]
      early skip of rewriting module: numpy.ma.extras [assertion]
      early skip of rewriting module: pandas.core.common [assertion]
      early skip of rewriting module: pandas.core.indexers [assertion]
      early skip of rewriting module: pandas.core.indexers.utils [assertion]
      early skip of rewriting module: pandas.core.arrays [assertion]
      early skip of rewriting module: pandas.core.arrays.arrow [assertion]
      early skip of rewriting module: pandas.core.arrays.arrow.accessors [assertion]
      early skip of rewriting module: pandas.core.arrays.arrow.array [assertion]
      early skip of rewriting module: pandas.util._validators [assertion]
      early skip of rewriting module: pandas.core.missing [assertion]
      early skip of rewriting module: pandas.core.ops [assertion]
      early skip of rewriting module: pandas.core.ops.array_ops [assertion]
      early skip of rewriting module: pandas._libs.ops [assertion]
      early skip of rewriting module: pandas.core.roperator [assertion]
      early skip of rewriting module: pandas.core.computation [assertion]
      early skip of rewriting module: pandas.core.computation.expressions [assertion]
      early skip of rewriting module: pandas.core.computation.check [assertion]
      early skip of rewriting module: numexpr [assertion]
      early skip of rewriting module: pandas.core.ops.missing [assertion]
      early skip of rewriting module: pandas.core.ops.dispatch [assertion]
      early skip of rewriting module: pandas.core.ops.invalid [assertion]
      early skip of rewriting module: pandas.core.ops.common [assertion]
      early skip of rewriting module: pandas.core.ops.docstrings [assertion]
      early skip of rewriting module: pandas.core.ops.mask_ops [assertion]
      early skip of rewriting module: pandas.core.arraylike [assertion]
      early skip of rewriting module: pandas.core.arrays._arrow_string_mixins [assertion]
      early skip of rewriting module: pandas.core.arrays._utils [assertion]
      early skip of rewriting module: pandas.core.arrays.base [assertion]
      early skip of rewriting module: pandas.compat.numpy.function [assertion]
      early skip of rewriting module: pandas.core.array_algos.quantile [assertion]
      early skip of rewriting module: pandas.core.sorting [assertion]
      early skip of rewriting module: pandas.core.arrays.masked [assertion]
      early skip of rewriting module: pandas.core.nanops [assertion]
      early skip of rewriting module: bottleneck [assertion]
      early skip of rewriting module: pandas.core.array_algos.masked_accumulations [assertion]
      early skip of rewriting module: pandas.core.array_algos.masked_reductions [assertion]
      early skip of rewriting module: pandas.core.util [assertion]
      early skip of rewriting module: pandas.core.util.hashing [assertion]
      early skip of rewriting module: pandas._libs.hashing [assertion]
      early skip of rewriting module: pandas.core.arrays.string_ [assertion]
      early skip of rewriting module: pandas._libs.arrays [assertion]
      early skip of rewriting module: pandas.core.arrays.floating [assertion]
      early skip of rewriting module: pandas.core.arrays.numeric [assertion]
      early skip of rewriting module: pandas.core.arrays.integer [assertion]
      early skip of rewriting module: pandas.core.arrays.numpy_ [assertion]
      early skip of rewriting module: pandas.core.arrays._mixins [assertion]
      early skip of rewriting module: pandas.core.array_algos.transforms [assertion]
      early skip of rewriting module: pandas.core.strings [assertion]
      early skip of rewriting module: pandas.core.strings.object_array [assertion]
      early skip of rewriting module: pandas.core.strings.base [assertion]
      early skip of rewriting module: pandas.tseries [assertion]
      early skip of rewriting module: pandas.tseries.frequencies [assertion]
      early skip of rewriting module: pandas.core.arrays.boolean [assertion]
      early skip of rewriting module: pandas.core.arrays.categorical [assertion]
      early skip of rewriting module: pandas.core.accessor [assertion]
      early skip of rewriting module: pandas.core.base [assertion]
      early skip of rewriting module: pandas.io.formats [assertion]
      early skip of rewriting module: pandas.io.formats.console [assertion]
      early skip of rewriting module: pandas.core.arrays.datetimes [assertion]
      early skip of rewriting module: pandas._libs.tslib [assertion]
      early skip of rewriting module: pandas.core.arrays.datetimelike [assertion]
      early skip of rewriting module: pandas.core.array_algos.datetimelike_accumulations [assertion]
      early skip of rewriting module: pandas.core.arrays._ranges [assertion]
      early skip of rewriting module: pandas.tseries.offsets [assertion]
      early skip of rewriting module: pandas.core.arrays.interval [assertion]
      early skip of rewriting module: pandas.core.arrays.timedeltas [assertion]
      early skip of rewriting module: pandas.core.arrays.period [assertion]
      early skip of rewriting module: pandas.core.arrays.sparse [assertion]
      early skip of rewriting module: pandas.core.arrays.sparse.accessor [assertion]
      early skip of rewriting module: pandas.core.arrays.sparse.array [assertion]
      early skip of rewriting module: pandas._libs.sparse [assertion]
      early skip of rewriting module: pandas.io.formats.printing [assertion]
      early skip of rewriting module: pandas.core.arrays.string_arrow [assertion]
      early skip of rewriting module: pandas.core.flags [assertion]
      early skip of rewriting module: pandas.core.groupby [assertion]
      early skip of rewriting module: pandas.core.groupby.generic [assertion]
      early skip of rewriting module: pandas.core.apply [assertion]
      early skip of rewriting module: pandas._libs.internals [assertion]
      early skip of rewriting module: backports_abc [assertion]
      early skip of rewriting module: pandas.core._numba [assertion]
      early skip of rewriting module: pandas.core._numba.executor [assertion]
      early skip of rewriting module: pandas.core.frame [assertion]
      early skip of rewriting module: pandas.core.generic [assertion]
      early skip of rewriting module: pandas.core.indexing [assertion]
      early skip of rewriting module: pandas._libs.indexing [assertion]
      early skip of rewriting module: pandas.core.indexes [assertion]
      early skip of rewriting module: pandas.core.indexes.api [assertion]
      early skip of rewriting module: pandas.core.indexes.base [assertion]
      early skip of rewriting module: pandas._libs.index [assertion]
      early skip of rewriting module: backports_abc [assertion]
      early skip of rewriting module: pandas._libs.writers [assertion]
      early skip of rewriting module: pandas._libs.join [assertion]
      early skip of rewriting module: pandas.core.array_algos.putmask [assertion]
      early skip of rewriting module: pandas.core.indexes.frozen [assertion]
      early skip of rewriting module: pandas.core.strings.accessor [assertion]
      early skip of rewriting module: pandas.core.indexes.category [assertion]
      early skip of rewriting module: pandas.core.indexes.extension [assertion]
      early skip of rewriting module: pandas.core.indexes.datetimes [assertion]
      early skip of rewriting module: pandas.core.indexes.datetimelike [assertion]
      early skip of rewriting module: pandas.core.indexes.range [assertion]
      early skip of rewriting module: pandas.core.tools [assertion]
      early skip of rewriting module: pandas.core.tools.timedeltas [assertion]
      early skip of rewriting module: pandas.core.tools.times [assertion]
      early skip of rewriting module: pandas.core.indexes.interval [assertion]
      early skip of rewriting module: pandas.core.indexes.multi [assertion]
      early skip of rewriting module: pandas.core.indexes.timedeltas [assertion]
      early skip of rewriting module: pandas.core.indexes.period [assertion]
      early skip of rewriting module: pandas.core.sample [assertion]
      early skip of rewriting module: pandas.core.array_algos.replace [assertion]
      early skip of rewriting module: pandas.core.internals [assertion]
      early skip of rewriting module: pandas.core.internals.api [assertion]
      early skip of rewriting module: pandas.core.internals.blocks [assertion]
      early skip of rewriting module: pandas.core.internals.array_manager [assertion]
      early skip of rewriting module: pandas.core.internals.base [assertion]
      early skip of rewriting module: pandas.core.internals.managers [assertion]
      early skip of rewriting module: pandas.core.internals.ops [assertion]
      early skip of rewriting module: pandas.core.internals.concat [assertion]
      early skip of rewriting module: pandas.core.internals.construction [assertion]
      early skip of rewriting module: pandas.core.methods [assertion]
      early skip of rewriting module: pandas.core.methods.describe [assertion]
      early skip of rewriting module: pandas.core.reshape [assertion]
      early skip of rewriting module: pandas.core.reshape.concat [assertion]
      early skip of rewriting module: pandas.io.formats.format [assertion]
      early skip of rewriting module: pandas.io.common [assertion]
      early skip of rewriting module: gzip [assertion]
      early skip of rewriting module: tarfile [assertion]
      early skip of rewriting module: pwd [assertion]
      early skip of rewriting module: grp [assertion]
      early skip of rewriting module: pandas.core.shared_docs [assertion]
      early skip of rewriting module: pandas.core.window [assertion]
      early skip of rewriting module: pandas.core.window.ewm [assertion]
      early skip of rewriting module: pandas._libs.window [assertion]
      early skip of rewriting module: pandas._libs.window.aggregations [assertion]
      early skip of rewriting module: pandas.core.indexers.objects [assertion]
      early skip of rewriting module: pandas._libs.window.indexers [assertion]
      early skip of rewriting module: pandas.core.util.numba_ [assertion]
      early skip of rewriting module: pandas.core.window.common [assertion]
      early skip of rewriting module: pandas.core.window.doc [assertion]
      early skip of rewriting module: pandas.core.window.numba_ [assertion]
      early skip of rewriting module: pandas.core.window.online [assertion]
      early skip of rewriting module: pandas.core.window.rolling [assertion]
      early skip of rewriting module: pandas.core.window.expanding [assertion]
      early skip of rewriting module: pandas.core.methods.selectn [assertion]
      early skip of rewriting module: pandas.core.reshape.melt [assertion]
      early skip of rewriting module: pandas.core.reshape.util [assertion]
      early skip of rewriting module: pandas.core.tools.numeric [assertion]
      early skip of rewriting module: pandas.core.series [assertion]
      early skip of rewriting module: pandas._libs.reshape [assertion]
      early skip of rewriting module: pandas.core.indexes.accessors [assertion]
      early skip of rewriting module: pandas.core.tools.datetimes [assertion]
      early skip of rewriting module: pandas.arrays [assertion]
      early skip of rewriting module: pandas.io.formats.info [assertion]
      early skip of rewriting module: pandas.plotting [assertion]
      early skip of rewriting module: pandas.plotting._core [assertion]
      early skip of rewriting module: pandas.plotting._misc [assertion]
      early skip of rewriting module: pandas.core.groupby.base [assertion]
      early skip of rewriting module: pandas.core.groupby.ops [assertion]
      early skip of rewriting module: pandas._libs.groupby [assertion]
      early skip of rewriting module: backports_abc [assertion]
      early skip of rewriting module: pandas.core.groupby.grouper [assertion]
      early skip of rewriting module: pandas.core.groupby.categorical [assertion]
      early skip of rewriting module: pandas.core.groupby.groupby [assertion]
      early skip of rewriting module: pandas.core.groupby.numba_ [assertion]
      early skip of rewriting module: pandas.core.groupby.indexing [assertion]
      early skip of rewriting module: pandas.tseries.api [assertion]
      early skip of rewriting module: pandas.core.computation.api [assertion]
      early skip of rewriting module: pandas.core.computation.eval [assertion]
      early skip of rewriting module: pandas.core.computation.engines [assertion]
      early skip of rewriting module: pandas.core.computation.align [assertion]
      early skip of rewriting module: pandas.core.computation.common [assertion]
      early skip of rewriting module: pandas.core.computation.ops [assertion]
      early skip of rewriting module: pandas.core.computation.scope [assertion]
      early skip of rewriting module: pandas.core.computation.expr [assertion]
      early skip of rewriting module: pandas.core.computation.parsing [assertion]
      early skip of rewriting module: pandas.core.reshape.api [assertion]
      early skip of rewriting module: pandas.core.reshape.encoding [assertion]
      early skip of rewriting module: pandas.core.reshape.merge [assertion]
      early skip of rewriting module: pandas.core.reshape.pivot [assertion]
      early skip of rewriting module: pandas.core.reshape.tile [assertion]
      early skip of rewriting module: pandas.api [assertion]
      early skip of rewriting module: pandas.api.extensions [assertion]
      early skip of rewriting module: pandas.api.indexers [assertion]
      early skip of rewriting module: pandas.api.interchange [assertion]
      early skip of rewriting module: pandas.core.interchange [assertion]
      early skip of rewriting module: pandas.core.interchange.dataframe_protocol [assertion]
      early skip of rewriting module: pandas.core.interchange.from_dataframe [assertion]
      early skip of rewriting module: pandas.core.interchange.utils [assertion]
      early skip of rewriting module: pandas.api.types [assertion]
      early skip of rewriting module: pandas.core.dtypes.api [assertion]
      early skip of rewriting module: pandas.api.typing [assertion]
      early skip of rewriting module: pandas.core.resample [assertion]
      early skip of rewriting module: pandas.io.json [assertion]
      early skip of rewriting module: pandas.io.json._json [assertion]
      early skip of rewriting module: pandas._libs.json [assertion]
      early skip of rewriting module: pandas.io.json._normalize [assertion]
      early skip of rewriting module: pandas.io.json._table_schema [assertion]
      early skip of rewriting module: pandas.io.parsers [assertion]
      early skip of rewriting module: pandas.io.parsers.readers [assertion]
      early skip of rewriting module: pandas._libs.parsers [assertion]
      early skip of rewriting module: backports_abc [assertion]
      early skip of rewriting module: pandas.io.parsers.arrow_parser_wrapper [assertion]
      early skip of rewriting module: pandas.io.parsers.base_parser [assertion]
      early skip of rewriting module: pandas.io.parsers.c_parser_wrapper [assertion]
      early skip of rewriting module: pandas.io.parsers.python_parser [assertion]
      early skip of rewriting module: pandas.io.stata [assertion]
      early skip of rewriting module: pandas.testing [assertion]
      early skip of rewriting module: pandas._testing [assertion]
      early skip of rewriting module: pandas._testing._io [assertion]
      early skip of rewriting module: pandas._testing.contexts [assertion]
      early skip of rewriting module: pandas._testing._warnings [assertion]
      early skip of rewriting module: pandas._testing.asserters [assertion]
      early skip of rewriting module: pandas._libs.testing [assertion]
      early skip of rewriting module: cmath [assertion]
      early skip of rewriting module: pandas._testing.compat [assertion]
      early skip of rewriting module: pandas.util._print_versions [assertion]
      early skip of rewriting module: pandas.io.api [assertion]
      early skip of rewriting module: pandas.io.clipboards [assertion]
      early skip of rewriting module: pandas.io.excel [assertion]
      early skip of rewriting module: pandas.io.excel._base [assertion]
      early skip of rewriting module: pandas.io.excel._util [assertion]
      early skip of rewriting module: pandas.io.excel._calamine [assertion]
      early skip of rewriting module: pandas.io.excel._odfreader [assertion]
      early skip of rewriting module: pandas.io.excel._openpyxl [assertion]
      early skip of rewriting module: pandas.io.excel._pyxlsb [assertion]
      early skip of rewriting module: pandas.io.excel._xlrd [assertion]
      early skip of rewriting module: pandas.io.excel._odswriter [assertion]
      early skip of rewriting module: pandas.io.excel._xlsxwriter [assertion]
      early skip of rewriting module: pandas.io.feather_format [assertion]
      early skip of rewriting module: pandas.io.gbq [assertion]
      early skip of rewriting module: pandas.io.html [assertion]
      early skip of rewriting module: pandas.io.orc [assertion]
      early skip of rewriting module: pandas.io.parquet [assertion]
      early skip of rewriting module: pandas.io.pickle [assertion]
      early skip of rewriting module: pandas.compat.pickle_compat [assertion]
      early skip of rewriting module: pandas.io.pytables [assertion]
      early skip of rewriting module: pandas.core.computation.pytables [assertion]
      early skip of rewriting module: pandas.io.sas [assertion]
      early skip of rewriting module: pandas.io.sas.sasreader [assertion]
      early skip of rewriting module: pandas.io.spss [assertion]
      early skip of rewriting module: pandas.io.sql [assertion]
      early skip of rewriting module: pandas.io.xml [assertion]
      early skip of rewriting module: pandas.util._tester [assertion]
      early skip of rewriting module: pandas._version_meson [assertion]
      early skip of rewriting module: plotly [assertion]
      early skip of rewriting module: PIL [assertion]
      early skip of rewriting module: reflex.vars.datetime [assertion]
      early skip of rewriting module: reflex.vars.number [assertion]
      early skip of rewriting module: reflex.vars.function [assertion]
      early skip of rewriting module: reflex.vars.object [assertion]
      early skip of rewriting module: reflex.vars.sequence [assertion]
      early skip of rewriting module: reflex.page [assertion]
      early skip of rewriting module: reflex.config [assertion]
      early skip of rewriting module: multiprocessing [assertion]
      early skip of rewriting module: multiprocessing.context [assertion]
      early skip of rewriting module: multiprocessing.process [assertion]
      early skip of rewriting module: multiprocessing.reduction [assertion]
      early skip of rewriting module: dotenv [assertion]
      early skip of rewriting module: dotenv.main [assertion]
      early skip of rewriting module: dotenv.parser [assertion]
      early skip of rewriting module: dotenv.variables [assertion]
      early skip of rewriting module: reflex_local_auth [assertion]
      early skip of rewriting module: reflex_local_auth.pages [assertion]
      early skip of rewriting module: reflex_local_auth.pages.components [assertion]
      early skip of rewriting module: reflex.components.component [assertion]
      early skip of rewriting module: reflex.state [assertion]
      early skip of rewriting module: wrapt [assertion]
      early skip of rewriting module: wrapt.__wrapt__ [assertion]
      early skip of rewriting module: wrapt.wrappers [assertion]
      early skip of rewriting module: wrapt._wrappers [assertion]
      early skip of rewriting module: wrapt.patches [assertion]
      early skip of rewriting module: wrapt.weakrefs [assertion]
      early skip of rewriting module: wrapt.decorators [assertion]
      early skip of rewriting module: wrapt.arguments [assertion]
      early skip of rewriting module: wrapt.importer [assertion]
      early skip of rewriting module: redis [assertion]
      early skip of rewriting module: redis.asyncio [assertion]
      early skip of rewriting module: redis.asyncio.client [assertion]
      early skip of rewriting module: redis._parsers [assertion]
      early skip of rewriting module: redis._parsers.base [assertion]
      early skip of rewriting module: redis.exceptions [assertion]
      early skip of rewriting module: redis.typing [assertion]
      early skip of rewriting module: redis._parsers.encoders [assertion]
      early skip of rewriting module: redis._parsers.socket [assertion]
      early skip of rewriting module: redis.utils [assertion]
      early skip of rewriting module: hiredis [assertion]
      early skip of rewriting module: cryptography [assertion]
      early skip of rewriting module: redis._parsers.commands [assertion]
      early skip of rewriting module: redis._parsers.hiredis [assertion]
      early skip of rewriting module: redis._parsers.resp2 [assertion]
      early skip of rewriting module: redis._parsers.resp3 [assertion]
      early skip of rewriting module: redis._parsers.helpers [assertion]
      early skip of rewriting module: redis.asyncio.connection [assertion]
      early skip of rewriting module: redis.asyncio.retry [assertion]
      early skip of rewriting module: redis.backoff [assertion]
      early skip of rewriting module: redis.connection [assertion]
      early skip of rewriting module: queue [assertion]
      early skip of rewriting module: _queue [assertion]
      early skip of rewriting module: redis.cache [assertion]
      early skip of rewriting module: redis.credentials [assertion]
      early skip of rewriting module: redis.retry [assertion]
      early skip of rewriting module: redis.asyncio.lock [assertion]
      early skip of rewriting module: redis.client [assertion]
      early skip of rewriting module: redis.commands [assertion]
      early skip of rewriting module: redis.commands.cluster [assertion]
      early skip of rewriting module: redis.crc [assertion]
      early skip of rewriting module: redis.commands.core [assertion]
      early skip of rewriting module: redis.commands.helpers [assertion]
      early skip of rewriting module: redis.commands.redismodules [assertion]
      early skip of rewriting module: redis.commands.sentinel [assertion]
      early skip of rewriting module: redis.lock [assertion]
      early skip of rewriting module: redis.asyncio.cluster [assertion]
      early skip of rewriting module: redis.cluster [assertion]
      early skip of rewriting module: redis.asyncio.sentinel [assertion]
      early skip of rewriting module: redis.asyncio.utils [assertion]
      early skip of rewriting module: redis.sentinel [assertion]
      early skip of rewriting module: reflex.istate [assertion]
      early skip of rewriting module: reflex.istate.dynamic [assertion]
      early skip of rewriting module: reflex.istate.data [assertion]
      early skip of rewriting module: reflex.istate.storage [assertion]
      early skip of rewriting module: reflex.model [assertion]
      early skip of rewriting module: alembic [assertion]
      early skip of rewriting module: alembic.context [assertion]
      early skip of rewriting module: alembic.runtime [assertion]
      early skip of rewriting module: alembic.runtime.environment [assertion]
      early skip of rewriting module: alembic.runtime.migration [assertion]
      early skip of rewriting module: sqlalchemy.engine.strategies [assertion]
      early skip of rewriting module: alembic.ddl [assertion]
      early skip of rewriting module: alembic.ddl.mssql [assertion]
      early skip of rewriting module: alembic.ddl.base [assertion]
      early skip of rewriting module: sqlalchemy.ext.compiler [assertion]
      early skip of rewriting module: alembic.util [assertion]
      early skip of rewriting module: alembic.util.editor [assertion]
      early skip of rewriting module: alembic.util.compat [assertion]
      early skip of rewriting module: alembic.util.exc [assertion]
      early skip of rewriting module: alembic.util.langhelpers [assertion]
      early skip of rewriting module: alembic.util.messaging [assertion]
      early skip of rewriting module: alembic.util.pyfiles [assertion]
      early skip of rewriting module: mako [assertion]
      early skip of rewriting module: mako.exceptions [assertion]
      early skip of rewriting module: mako.compat [assertion]
      early skip of rewriting module: mako.util [assertion]
      early skip of rewriting module: timeit [assertion]
      early skip of rewriting module: mako.ext [assertion]
      early skip of rewriting module: mako.ext.pygmentplugin [assertion]
      early skip of rewriting module: pygments [assertion]
      early skip of rewriting module: pygments.formatters [assertion]
      early skip of rewriting module: pygments.formatters._mapping [assertion]
      early skip of rewriting module: pygments.plugin [assertion]
      early skip of rewriting module: pygments.util [assertion]
      early skip of rewriting module: pygments.formatters.html [assertion]
      early skip of rewriting module: pygments.formatter [assertion]
      early skip of rewriting module: pygments.styles [assertion]
      early skip of rewriting module: pygments.styles._mapping [assertion]
      early skip of rewriting module: pygments.token [assertion]
      early skip of rewriting module: ctags [assertion]
      early skip of rewriting module: pygments.lexer [assertion]
      early skip of rewriting module: pygments.filter [assertion]
      early skip of rewriting module: pygments.filters [assertion]
      early skip of rewriting module: pygments.regexopt [assertion]
      early skip of rewriting module: pygments.lexers [assertion]
      early skip of rewriting module: pygments.lexers._mapping [assertion]
      early skip of rewriting module: pygments.modeline [assertion]
      early skip of rewriting module: pygments.lexers.agile [assertion]
      early skip of rewriting module: pygments.lexers.lisp [assertion]
      early skip of rewriting module: pygments.lexers.python [assertion]
      early skip of rewriting module: pygments.unistring [assertion]
      early skip of rewriting module: pygments.lexers._scheme_builtins [assertion]
      early skip of rewriting module: pygments.lexers.jvm [assertion]
      early skip of rewriting module: pygments.lexers.ruby [assertion]
      early skip of rewriting module: pygments.lexers.perl [assertion]
      early skip of rewriting module: pygments.lexers.d [assertion]
      early skip of rewriting module: pygments.lexers.iolang [assertion]
      early skip of rewriting module: pygments.lexers.tcl [assertion]
      early skip of rewriting module: pygments.lexers.factor [assertion]
      early skip of rewriting module: pygments.lexers.scripting [assertion]
      early skip of rewriting module: pygments.lexers._lua_builtins [assertion]
      early skip of rewriting module: pygments.lexers.web [assertion]
      early skip of rewriting module: pygments.lexers.html [assertion]
      early skip of rewriting module: pygments.lexers.javascript [assertion]
      early skip of rewriting module: pygments.lexers.css [assertion]
      early skip of rewriting module: pygments.lexers._css_builtins [assertion]
      early skip of rewriting module: pygments.lexers.actionscript [assertion]
      early skip of rewriting module: pygments.lexers.php [assertion]
      early skip of rewriting module: pygments.lexers.webmisc [assertion]
      early skip of rewriting module: pygments.lexers.data [assertion]
      early skip of rewriting module: pygments.styles.default [assertion]
      early skip of rewriting module: pygments.style [assertion]
      early skip of rewriting module: mako.template [assertion]
      early skip of rewriting module: mako.cache [assertion]
      early skip of rewriting module: mako.codegen [assertion]
      early skip of rewriting module: mako.ast [assertion]
      early skip of rewriting module: mako.pyparser [assertion]
      early skip of rewriting module: mako._ast_util [assertion]
      early skip of rewriting module: mako.filters [assertion]
      early skip of rewriting module: markupsafe [assertion]
      early skip of rewriting module: markupsafe._speedups [assertion]
      early skip of rewriting module: mako.parsetree [assertion]
      early skip of rewriting module: mako.pygen [assertion]
      early skip of rewriting module: mako.runtime [assertion]
      early skip of rewriting module: mako.lexer [assertion]
      early skip of rewriting module: alembic.util.sqla_compat [assertion]
      early skip of rewriting module: alembic.ddl.impl [assertion]
      early skip of rewriting module: alembic.ddl._autogen [assertion]
      early skip of rewriting module: alembic.ddl.mysql [assertion]
      early skip of rewriting module: alembic.ddl.oracle [assertion]
      early skip of rewriting module: alembic.ddl.postgresql [assertion]
      early skip of rewriting module: sqlalchemy.dialects.postgresql [assertion]
      early skip of rewriting module: sqlalchemy.dialects.postgresql.array [assertion]
      early skip of rewriting module: sqlalchemy.dialects.postgresql.operators [assertion]
      early skip of rewriting module: sqlalchemy.dialects.postgresql.asyncpg [assertion]
      early skip of rewriting module: sqlalchemy.dialects.postgresql.json [assertion]
      early skip of rewriting module: sqlalchemy.dialects.postgresql.ranges [assertion]
      early skip of rewriting module: sqlalchemy.dialects.postgresql.base [assertion]
      early skip of rewriting module: sqlalchemy.dialects.postgresql.pg_catalog [assertion]
      early skip of rewriting module: sqlalchemy.dialects.postgresql.types [assertion]
      early skip of rewriting module: sqlalchemy.dialects.postgresql.ext [assertion]
      early skip of rewriting module: sqlalchemy.dialects.postgresql.hstore [assertion]
      early skip of rewriting module: sqlalchemy.dialects.postgresql.named_types [assertion]
      early skip of rewriting module: sqlalchemy.dialects.postgresql.pg8000 [assertion]
      early skip of rewriting module: sqlalchemy.dialects.postgresql.psycopg [assertion]
      early skip of rewriting module: sqlalchemy.dialects.postgresql._psycopg_common [assertion]
      early skip of rewriting module: sqlalchemy.dialects.postgresql.psycopg2 [assertion]
      early skip of rewriting module: sqlalchemy.dialects.postgresql.psycopg2cffi [assertion]
      early skip of rewriting module: sqlalchemy.dialects.postgresql.dml [assertion]
      early skip of rewriting module: sqlalchemy.dialects._typing [assertion]
      early skip of rewriting module: alembic.autogenerate [assertion]
      early skip of rewriting module: alembic.autogenerate.api [assertion]
      early skip of rewriting module: alembic.autogenerate.compare [assertion]
      early skip of rewriting module: alembic.operations [assertion]
      early skip of rewriting module: alembic.operations.toimpl [assertion]
      early skip of rewriting module: alembic.operations.ops [assertion]
      early skip of rewriting module: alembic.operations.schemaobj [assertion]
      early skip of rewriting module: alembic.operations.base [assertion]
      early skip of rewriting module: alembic.operations.batch [assertion]
      early skip of rewriting module: alembic.autogenerate.render [assertion]
      early skip of rewriting module: alembic.autogenerate.rewriter [assertion]
      early skip of rewriting module: alembic.ddl.sqlite [assertion]
      early skip of rewriting module: alembic.script [assertion]
      early skip of rewriting module: alembic.script.base [assertion]
      early skip of rewriting module: alembic.script.revision [assertion]
      early skip of rewriting module: alembic.script.write_hooks [assertion]
      early skip of rewriting module: alembic.op [assertion]
      early skip of rewriting module: alembic.command [assertion]
      early skip of rewriting module: alembic.config [assertion]
      early skip of rewriting module: sqlalchemy.ext.asyncio [assertion]
      early skip of rewriting module: sqlalchemy.ext.asyncio.engine [assertion]
      early skip of rewriting module: sqlalchemy.ext.asyncio.exc [assertion]
      early skip of rewriting module: sqlalchemy.ext.asyncio.base [assertion]
      early skip of rewriting module: sqlalchemy.ext.asyncio.result [assertion]
      early skip of rewriting module: sqlalchemy.ext.asyncio.scoping [assertion]
      early skip of rewriting module: sqlalchemy.ext.asyncio.session [assertion]
      early skip of rewriting module: sqlmodel.ext [assertion]
      early skip of rewriting module: sqlmodel.ext.asyncio [assertion]
      early skip of rewriting module: sqlmodel.ext.asyncio.session [assertion]
      early skip of rewriting module: reflex.utils.path_ops [assertion]
      early skip of rewriting module: reflex.utils.prerequisites [assertion]
      early skip of rewriting module: httpx [assertion]
      early skip of rewriting module: httpx.__version__ [assertion]
      early skip of rewriting module: httpx._api [assertion]
      early skip of rewriting module: httpx._client [assertion]
      early skip of rewriting module: httpx._auth [assertion]
      early skip of rewriting module: urllib.request [assertion]
      early skip of rewriting module: http [assertion]
      early skip of rewriting module: http.client [assertion]
      early skip of rewriting module: urllib.error [assertion]
      early skip of rewriting module: urllib.response [assertion]
      early skip of rewriting module: httpx._exceptions [assertion]
      early skip of rewriting module: httpx._models [assertion]
      early skip of rewriting module: http.cookiejar [assertion]
      early skip of rewriting module: httpx._content [assertion]
      early skip of rewriting module: httpx._multipart [assertion]
      early skip of rewriting module: httpx._types [assertion]
      early skip of rewriting module: httpx._utils [assertion]
      early skip of rewriting module: httpx._decoders [assertion]
      early skip of rewriting module: brotli [assertion]
      early skip of rewriting module: brotlicffi [assertion]
      early skip of rewriting module: zstandard [assertion]
      early skip of rewriting module: httpx._status_codes [assertion]
      early skip of rewriting module: httpx._urls [assertion]
      early skip of rewriting module: idna [assertion]
      early skip of rewriting module: idna.core [assertion]
      early skip of rewriting module: idna.idnadata [assertion]
      early skip of rewriting module: idna.intranges [assertion]
      early skip of rewriting module: idna.package_data [assertion]
      early skip of rewriting module: httpx._urlparse [assertion]
      early skip of rewriting module: httpx._config [assertion]
      early skip of rewriting module: httpx._transports [assertion]
      early skip of rewriting module: httpx._transports.asgi [assertion]
      early skip of rewriting module: httpx._transports.base [assertion]
      early skip of rewriting module: httpx._transports.default [assertion]
      early skip of rewriting module: httpx._transports.mock [assertion]
      early skip of rewriting module: httpx._transports.wsgi [assertion]
      early skip of rewriting module: httpx._main [assertion]
      early skip of rewriting module: click [assertion]
      early skip of rewriting module: click.core [assertion]
      early skip of rewriting module: click.types [assertion]
      early skip of rewriting module: click._compat [assertion]
      early skip of rewriting module: click.exceptions [assertion]
      early skip of rewriting module: click.globals [assertion]
      early skip of rewriting module: click.utils [assertion]
      early skip of rewriting module: click.formatting [assertion]
      early skip of rewriting module: click.parser [assertion]
      early skip of rewriting module: click.termui [assertion]
      early skip of rewriting module: click.decorators [assertion]
      early skip of rewriting module: rich.syntax [assertion]
      early skip of rewriting module: typer [assertion]
      early skip of rewriting module: typer.colors [assertion]
      early skip of rewriting module: typer.main [assertion]
      early skip of rewriting module: typer._typing [assertion]
      early skip of rewriting module: typer.completion [assertion]
      early skip of rewriting module: typer._completion_classes [assertion]
      early skip of rewriting module: click.shell_completion [assertion]
      early skip of rewriting module: typer._completion_shared [assertion]
      early skip of rewriting module: shellingham [assertion]
      early skip of rewriting module: shellingham._core [assertion]
      early skip of rewriting module: typer.models [assertion]
      early skip of rewriting module: typer.params [assertion]
      early skip of rewriting module: typer.utils [assertion]
      early skip of rewriting module: typer.core [assertion]
      early skip of rewriting module: typer.rich_utils [assertion]
      early skip of rewriting module: rich.columns [assertion]
      early skip of rewriting module: rich.markdown [assertion]
      early skip of rewriting module: markdown_it [assertion]
      early skip of rewriting module: markdown_it.main [assertion]
      early skip of rewriting module: markdown_it.helpers [assertion]
      early skip of rewriting module: markdown_it.helpers.parse_link_destination [assertion]
      early skip of rewriting module: markdown_it.common [assertion]
      early skip of rewriting module: markdown_it.common.utils [assertion]
      early skip of rewriting module: markdown_it.common.entities [assertion]
      early skip of rewriting module: markdown_it.helpers.parse_link_label [assertion]
      early skip of rewriting module: markdown_it.rules_inline [assertion]
      early skip of rewriting module: markdown_it.rules_inline.emphasis [assertion]
      early skip of rewriting module: markdown_it.rules_inline.state_inline [assertion]
      early skip of rewriting module: markdown_it._compat [assertion]
      early skip of rewriting module: markdown_it.ruler [assertion]
      early skip of rewriting module: markdown_it.utils [assertion]
      early skip of rewriting module: markdown_it.token [assertion]
      early skip of rewriting module: markdown_it.rules_inline.strikethrough [assertion]
      early skip of rewriting module: markdown_it.rules_inline.autolink [assertion]
      early skip of rewriting module: markdown_it.rules_inline.backticks [assertion]
      early skip of rewriting module: markdown_it.rules_inline.balance_pairs [assertion]
      early skip of rewriting module: markdown_it.rules_inline.entity [assertion]
      early skip of rewriting module: markdown_it.rules_inline.escape [assertion]
      early skip of rewriting module: markdown_it.rules_inline.fragments_join [assertion]
      early skip of rewriting module: markdown_it.rules_inline.html_inline [assertion]
      early skip of rewriting module: markdown_it.common.html_re [assertion]
      early skip of rewriting module: markdown_it.rules_inline.image [assertion]
      early skip of rewriting module: markdown_it.rules_inline.link [assertion]
      early skip of rewriting module: markdown_it.rules_inline.linkify [assertion]
      early skip of rewriting module: markdown_it.rules_inline.newline [assertion]
      early skip of rewriting module: markdown_it.rules_inline.text [assertion]
      early skip of rewriting module: markdown_it.helpers.parse_link_title [assertion]
      early skip of rewriting module: markdown_it.presets [assertion]
      early skip of rewriting module: markdown_it.presets.commonmark [assertion]
      early skip of rewriting module: markdown_it.presets.default [assertion]
      early skip of rewriting module: markdown_it.presets.zero [assertion]
      early skip of rewriting module: markdown_it.common.normalize_url [assertion]
      early skip of rewriting module: mdurl [assertion]
      early skip of rewriting module: mdurl._decode [assertion]
      early skip of rewriting module: mdurl._encode [assertion]
      early skip of rewriting module: mdurl._format [assertion]
      early skip of rewriting module: mdurl._parse [assertion]
      early skip of rewriting module: mdurl._url [assertion]
      early skip of rewriting module: markdown_it._punycode [assertion]
      early skip of rewriting module: markdown_it.parser_block [assertion]
      early skip of rewriting module: markdown_it.rules_block [assertion]
      early skip of rewriting module: markdown_it.rules_block.blockquote [assertion]
      early skip of rewriting module: markdown_it.rules_block.state_block [assertion]
      early skip of rewriting module: markdown_it.rules_block.code [assertion]
      early skip of rewriting module: markdown_it.rules_block.fence [assertion]
      early skip of rewriting module: markdown_it.rules_block.heading [assertion]
      early skip of rewriting module: markdown_it.rules_block.hr [assertion]
      early skip of rewriting module: markdown_it.rules_block.html_block [assertion]
      early skip of rewriting module: markdown_it.common.html_blocks [assertion]
      early skip of rewriting module: markdown_it.rules_block.lheading [assertion]
      early skip of rewriting module: markdown_it.rules_block.list [assertion]
      early skip of rewriting module: markdown_it.rules_block.paragraph [assertion]
      early skip of rewriting module: markdown_it.rules_block.reference [assertion]
      early skip of rewriting module: markdown_it.rules_block.table [assertion]
      early skip of rewriting module: markdown_it.parser_core [assertion]
      early skip of rewriting module: markdown_it.rules_core [assertion]
      early skip of rewriting module: markdown_it.rules_core.block [assertion]
      early skip of rewriting module: markdown_it.rules_core.state_core [assertion]
      early skip of rewriting module: markdown_it.rules_core.inline [assertion]
      early skip of rewriting module: markdown_it.rules_core.linkify [assertion]
      early skip of rewriting module: markdown_it.rules_core.normalize [assertion]
      early skip of rewriting module: markdown_it.rules_core.replacements [assertion]
      early skip of rewriting module: markdown_it.rules_core.smartquotes [assertion]
      early skip of rewriting module: markdown_it.rules_core.text_join [assertion]
      early skip of rewriting module: markdown_it.parser_inline [assertion]
      early skip of rewriting module: markdown_it.renderer [assertion]
      early skip of rewriting module: linkify_it [assertion]
      early skip of rewriting module: rich._stack [assertion]
      early skip of rewriting module: rich.rule [assertion]
      early skip of rewriting module: rich.traceback [assertion]
      early skip of rewriting module: packaging [assertion]
      early skip of rewriting module: packaging.version [assertion]
      early skip of rewriting module: packaging._structures [assertion]
      early skip of rewriting module: reflex.compiler [assertion]
      early skip of rewriting module: reflex.compiler.templates [assertion]
      early skip of rewriting module: jinja2 [assertion]
      early skip of rewriting module: jinja2.bccache [assertion]
      early skip of rewriting module: jinja2.environment [assertion]
      early skip of rewriting module: jinja2.nodes [assertion]
      early skip of rewriting module: jinja2.utils [assertion]
      early skip of rewriting module: jinja2.compiler [assertion]
      early skip of rewriting module: jinja2.exceptions [assertion]
      early skip of rewriting module: jinja2.idtracking [assertion]
      early skip of rewriting module: jinja2.visitor [assertion]
      early skip of rewriting module: jinja2.optimizer [assertion]
      early skip of rewriting module: jinja2.defaults [assertion]
      early skip of rewriting module: jinja2.filters [assertion]
      early skip of rewriting module: jinja2.async_utils [assertion]
      early skip of rewriting module: jinja2.runtime [assertion]
      early skip of rewriting module: jinja2.tests [assertion]
      early skip of rewriting module: jinja2.lexer [assertion]
      early skip of rewriting module: jinja2._identifier [assertion]
      early skip of rewriting module: jinja2.parser [assertion]
      early skip of rewriting module: jinja2.loaders [assertion]
      early skip of rewriting module: encodings.unicode_escape [assertion]
      early skip of rewriting module: reflex.utils.net [assertion]
      early skip of rewriting module: httpcore [assertion]
      early skip of rewriting module: httpcore._api [assertion]
      early skip of rewriting module: httpcore._models [assertion]
      early skip of rewriting module: httpcore._sync [assertion]
      early skip of rewriting module: httpcore._sync.connection [assertion]
      early skip of rewriting module: httpcore._backends [assertion]
      early skip of rewriting module: httpcore._backends.sync [assertion]
      early skip of rewriting module: httpcore._exceptions [assertion]
      early skip of rewriting module: httpcore._utils [assertion]
      early skip of rewriting module: httpcore._backends.base [assertion]
      early skip of rewriting module: httpcore._ssl [assertion]
      early skip of rewriting module: certifi [assertion]
      early skip of rewriting module: certifi.core [assertion]
      early skip of rewriting module: httpcore._synchronization [assertion]
      early skip of rewriting module: trio [assertion]
      early skip of rewriting module: httpcore._trace [assertion]
      early skip of rewriting module: httpcore._sync.http11 [assertion]
      early skip of rewriting module: h11 [assertion]
      early skip of rewriting module: h11._connection [assertion]
      early skip of rewriting module: h11._events [assertion]
      early skip of rewriting module: h11._abnf [assertion]
      early skip of rewriting module: h11._headers [assertion]
      early skip of rewriting module: h11._util [assertion]
      early skip of rewriting module: h11._readers [assertion]
      early skip of rewriting module: h11._receivebuffer [assertion]
      early skip of rewriting module: h11._state [assertion]
      early skip of rewriting module: h11._writers [assertion]
      early skip of rewriting module: h11._version [assertion]
      early skip of rewriting module: httpcore._sync.interfaces [assertion]
      early skip of rewriting module: httpcore._sync.connection_pool [assertion]
      early skip of rewriting module: httpcore._sync.http_proxy [assertion]
      early skip of rewriting module: httpcore._sync.http2 [assertion]
      early skip of rewriting module: h2 [assertion]
      early skip of rewriting module: httpcore._sync.socks_proxy [assertion]
      early skip of rewriting module: socksio [assertion]
      early skip of rewriting module: httpcore._async [assertion]
      early skip of rewriting module: httpcore._async.connection [assertion]
      early skip of rewriting module: httpcore._backends.auto [assertion]
      early skip of rewriting module: httpcore._async.http11 [assertion]
      early skip of rewriting module: httpcore._async.interfaces [assertion]
      early skip of rewriting module: httpcore._async.connection_pool [assertion]
      early skip of rewriting module: httpcore._async.http_proxy [assertion]
      early skip of rewriting module: httpcore._async.http2 [assertion]
      early skip of rewriting module: h2 [assertion]
      early skip of rewriting module: httpcore._async.socks_proxy [assertion]
      early skip of rewriting module: socksio [assertion]
      early skip of rewriting module: httpcore._backends.mock [assertion]
      early skip of rewriting module: httpcore._backends.anyio [assertion]
      early skip of rewriting module: httpcore._backends.trio [assertion]
      early skip of rewriting module: trio [assertion]
      early skip of rewriting module: importlib.readers [assertion]
      early skip of rewriting module: importlib.resources.readers [assertion]
      early skip of rewriting module: importlib.resources._itertools [assertion]
      early skip of rewriting module: encodings.idna [assertion]
      early skip of rewriting module: stringprep [assertion]
      early skip of rewriting module: reflex.utils.processes [assertion]
      early skip of rewriting module: psutil [assertion]
      early skip of rewriting module: psutil._common [assertion]
      early skip of rewriting module: psutil._pslinux [assertion]
      early skip of rewriting module: resource [assertion]
      early skip of rewriting module: psutil._psposix [assertion]
      early skip of rewriting module: psutil._psutil_linux [assertion]
      early skip of rewriting module: psutil._psutil_posix [assertion]
      early skip of rewriting module: reflex.utils.registry [assertion]
      early skip of rewriting module: reflex.utils.exec [assertion]
      early skip of rewriting module: reflex.components.dynamic [assertion]
      early skip of rewriting module: reflex.components.tags [assertion]
      early skip of rewriting module: reflex.components.tags.cond_tag [assertion]
      early skip of rewriting module: reflex.components.tags.tag [assertion]
      early skip of rewriting module: reflex.components.tags.iter_tag [assertion]
      early skip of rewriting module: reflex.components.tags.match_tag [assertion]
      early skip of rewriting module: reflex.style [assertion]
      early skip of rewriting module: reflex_local_auth.pages.login [assertion]
      early skip of rewriting module: reflex_local_auth.login [assertion]
      early skip of rewriting module: reflex_local_auth.routes [assertion]
      early skip of rewriting module: reflex_local_auth.local_auth [assertion]
      early skip of rewriting module: reflex_local_auth.auth_session [assertion]
      early skip of rewriting module: reflex_local_auth.user [assertion]
      early skip of rewriting module: bcrypt [assertion]
      early skip of rewriting module: bcrypt._bcrypt [assertion]
      early skip of rewriting module: reflex.vars.dep_tracking [assertion]
      early skip of rewriting module: reflex_local_auth.registration [assertion]
      early skip of rewriting module: reflex_local_auth.pages.registration [assertion]
      early skip of rewriting module: requests [assertion]
      early skip of rewriting module: urllib3 [assertion]
      early skip of rewriting module: urllib3.exceptions [assertion]
      early skip of rewriting module: urllib3._base_connection [assertion]
      early skip of rewriting module: urllib3.util [assertion]
      early skip of rewriting module: urllib3.util.connection [assertion]
      early skip of rewriting module: urllib3.util.timeout [assertion]
      early skip of rewriting module: urllib3.util.request [assertion]
      early skip of rewriting module: urllib3.util.util [assertion]
      early skip of rewriting module: brotlicffi [assertion]
      early skip of rewriting module: brotli [assertion]
      early skip of rewriting module: zstandard [assertion]
      early skip of rewriting module: urllib3.util.response [assertion]
      early skip of rewriting module: urllib3.util.retry [assertion]
      early skip of rewriting module: urllib3.util.ssl_ [assertion]
      early skip of rewriting module: urllib3.util.url [assertion]
      early skip of rewriting module: urllib3.util.ssltransport [assertion]
      early skip of rewriting module: urllib3.util.wait [assertion]
      early skip of rewriting module: urllib3._collections [assertion]
      early skip of rewriting module: urllib3._version [assertion]
      early skip of rewriting module: urllib3.connectionpool [assertion]
      early skip of rewriting module: urllib3._request_methods [assertion]
      early skip of rewriting module: urllib3.filepost [assertion]
      early skip of rewriting module: urllib3.fields [assertion]
      early skip of rewriting module: urllib3.response [assertion]
      early skip of rewriting module: brotlicffi [assertion]
      early skip of rewriting module: brotli [assertion]
      early skip of rewriting module: zstandard [assertion]
      early skip of rewriting module: urllib3.connection [assertion]
      early skip of rewriting module: urllib3.http2 [assertion]
      early skip of rewriting module: urllib3.http2.probe [assertion]
      early skip of rewriting module: urllib3.util.ssl_match_hostname [assertion]
      early skip of rewriting module: urllib3.util.proxy [assertion]
      early skip of rewriting module: urllib3.poolmanager [assertion]
      early skip of rewriting module: requests.exceptions [assertion]
      early skip of rewriting module: requests.compat [assertion]
      early skip of rewriting module: chardet [assertion]
      early skip of rewriting module: charset_normalizer [assertion]
      early skip of rewriting module: charset_normalizer.api [assertion]
      early skip of rewriting module: charset_normalizer.cd [assertion]
      early skip of rewriting module: charset_normalizer.constant [assertion]
      early skip of rewriting module: charset_normalizer.md [assertion]
      early skip of rewriting module: charset_normalizer.md__mypyc [assertion]
      early skip of rewriting module: charset_normalizer.utils [assertion]
      early skip of rewriting module: _multibytecodec [assertion]
      early skip of rewriting module: charset_normalizer.models [assertion]
      early skip of rewriting module: charset_normalizer.legacy [assertion]
      early skip of rewriting module: charset_normalizer.version [assertion]
      early skip of rewriting module: simplejson [assertion]
      early skip of rewriting module: http.cookies [assertion]
      early skip of rewriting module: chardet [assertion]
      early skip of rewriting module: requests.packages [assertion]
      early skip of rewriting module: requests.utils [assertion]
      early skip of rewriting module: requests.certs [assertion]
      early skip of rewriting module: requests.__version__ [assertion]
      early skip of rewriting module: requests._internal_utils [assertion]
      early skip of rewriting module: requests.cookies [assertion]
      early skip of rewriting module: requests.structures [assertion]
      early skip of rewriting module: requests.api [assertion]
      early skip of rewriting module: requests.sessions [assertion]
      early skip of rewriting module: requests.adapters [assertion]
      early skip of rewriting module: requests.auth [assertion]
      early skip of rewriting module: requests.models [assertion]
      early skip of rewriting module: requests.hooks [assertion]
      early skip of rewriting module: requests.status_codes [assertion]
      early skip of rewriting module: urllib3.contrib [assertion]
      early skip of rewriting module: urllib3.contrib.socks [assertion]
      early skip of rewriting module: socks [assertion]
      early skip of rewriting module: reflex.testing [assertion]
      early skip of rewriting module: socketserver [assertion]
      early skip of rewriting module: http.server [assertion]
      early skip of rewriting module: uvicorn [assertion]
      early skip of rewriting module: uvicorn.config [assertion]
      early skip of rewriting module: logging.config [assertion]
      early skip of rewriting module: logging.handlers [assertion]
      early skip of rewriting module: uvicorn._types [assertion]
      early skip of rewriting module: uvicorn.importer [assertion]
      early skip of rewriting module: uvicorn.logging [assertion]
      early skip of rewriting module: uvicorn.middleware [assertion]
      early skip of rewriting module: uvicorn.middleware.asgi2 [assertion]
      early skip of rewriting module: uvicorn.middleware.message_logger [assertion]
      early skip of rewriting module: uvicorn.middleware.proxy_headers [assertion]
      early skip of rewriting module: uvicorn.middleware.wsgi [assertion]
      early skip of rewriting module: a2wsgi [assertion]
      early skip of rewriting module: uvicorn.main [assertion]
      early skip of rewriting module: uvicorn.server [assertion]
      early skip of rewriting module: uvicorn.supervisors [assertion]
      early skip of rewriting module: uvicorn.supervisors.basereload [assertion]
      early skip of rewriting module: uvicorn._subprocess [assertion]
      early skip of rewriting module: multiprocessing.connection [assertion]
      early skip of rewriting module: _multiprocessing [assertion]
      early skip of rewriting module: multiprocessing.util [assertion]
      early skip of rewriting module: _winapi [assertion]
      early skip of rewriting module: uvicorn.supervisors.multiprocess [assertion]
      early skip of rewriting module: uvicorn.supervisors.watchfilesreload [assertion]
      early skip of rewriting module: watchfiles [assertion]
      early skip of rewriting module: watchfiles.filters [assertion]
      early skip of rewriting module: watchfiles.main [assertion]
      early skip of rewriting module: watchfiles._rust_notify [assertion]
      early skip of rewriting module: watchfiles.run [assertion]
      early skip of rewriting module: watchfiles.version [assertion]
      early skip of rewriting module: reflex.reflex [assertion]
      early skip of rewriting module: reflex_cli [assertion]
      early skip of rewriting module: reflex_cli.v2 [assertion]
      early skip of rewriting module: reflex_cli.v2.deployments [assertion]
      early skip of rewriting module: reflex_cli.constants [assertion]
      early skip of rewriting module: reflex_cli.constants.base [assertion]
      early skip of rewriting module: reflex_cli.constants.compiler [assertion]
      early skip of rewriting module: reflex_cli.constants.hosting [assertion]
      early skip of rewriting module: reflex_cli.utils [assertion]
      early skip of rewriting module: reflex_cli.utils.console [assertion]
      early skip of rewriting module: reflex_cli.v2.apps [assertion]
      early skip of rewriting module: tabulate [assertion]
      early skip of rewriting module: wcwidth [assertion]
      early skip of rewriting module: tabulate.version [assertion]
      early skip of rewriting module: reflex_cli.core [assertion]
      early skip of rewriting module: reflex_cli.core.config [assertion]
      early skip of rewriting module: yaml [assertion]
      early skip of rewriting module: yaml.error [assertion]
      early skip of rewriting module: yaml.tokens [assertion]
      early skip of rewriting module: yaml.events [assertion]
      early skip of rewriting module: yaml.nodes [assertion]
      early skip of rewriting module: yaml.loader [assertion]
      early skip of rewriting module: yaml.reader [assertion]
      early skip of rewriting module: yaml.scanner [assertion]
      early skip of rewriting module: yaml.parser [assertion]
      early skip of rewriting module: yaml.composer [assertion]
      early skip of rewriting module: yaml.constructor [assertion]
      early skip of rewriting module: yaml.resolver [assertion]
      early skip of rewriting module: yaml.dumper [assertion]
      early skip of rewriting module: yaml.emitter [assertion]
      early skip of rewriting module: yaml.serializer [assertion]
      early skip of rewriting module: yaml.representer [assertion]
      early skip of rewriting module: yaml.cyaml [assertion]
      early skip of rewriting module: yaml._yaml [assertion]
      early skip of rewriting module: reflex_cli.utils.exceptions [assertion]
      early skip of rewriting module: reflex_cli.v2.project [assertion]
      early skip of rewriting module: reflex_cli.v2.secrets [assertion]
      early skip of rewriting module: reflex_cli.v2.vmtypes_regions [assertion]
      early skip of rewriting module: reflex.custom_components [assertion]
      early skip of rewriting module: reflex.custom_components.custom_components [assertion]
      early skip of rewriting module: reflex.utils.redir [assertion]
      early skip of rewriting module: webbrowser [assertion]
      early skip of rewriting module: reflex.utils.telemetry [assertion]
      early skip of rewriting module: reflex.utils.build [assertion]
      early skip of rewriting module: selenium [assertion]
      early skip of rewriting module: inventory_system.models [assertion]
      early skip of rewriting module: inventory_system.models.user [assertion]
      early skip of rewriting module: inventory_system.logging [assertion]
      early skip of rewriting module: inventory_system.logging.audit [assertion]
      early skip of rewriting module: inventory_system.logging.logging [assertion]
      early skip of rewriting module: loguru [assertion]
      early skip of rewriting module: loguru._defaults [assertion]
      early skip of rewriting module: loguru._logger [assertion]
      early skip of rewriting module: loguru._asyncio_loop [assertion]
      early skip of rewriting module: loguru._colorama [assertion]
      early skip of rewriting module: loguru._filters [assertion]
      early skip of rewriting module: loguru._better_exceptions [assertion]
      early skip of rewriting module: loguru._colorizer [assertion]
      early skip of rewriting module: loguru._contextvars [assertion]
      early skip of rewriting module: loguru._datetime [assertion]
      early skip of rewriting module: loguru._error_interceptor [assertion]
      early skip of rewriting module: loguru._file_sink [assertion]
      early skip of rewriting module: loguru._string_parsers [assertion]
      early skip of rewriting module: loguru._ctime_functions [assertion]
      early skip of rewriting module: loguru._get_frame [assertion]
      early skip of rewriting module: loguru._handler [assertion]
      early skip of rewriting module: loguru._locks_machinery [assertion]
      early skip of rewriting module: loguru._recattrs [assertion]
      early skip of rewriting module: loguru._simple_sinks [assertion]
      early skip of rewriting module: inventory_system.constants [assertion]
      early skip of rewriting module: multiprocessing.queues [assertion]
      early skip of rewriting module: multiprocessing.synchronize [assertion]
        pytest_pycollect_makeitem [hook]
            collector: <Module test_auth.py>
            name: annotations
            obj: _Feature((3, 7, 0, 'beta', 1), None, 16777216)
        finish pytest_pycollect_makeitem --> None [hook]
        pytest_pycollect_makeitem [hook]
            collector: <Module test_auth.py>
            name: @py_builtins
            obj: <module 'builtins' (built-in)>
        finish pytest_pycollect_makeitem --> None [hook]
        pytest_pycollect_makeitem [hook]
            collector: <Module test_auth.py>
            name: @pytest_ar
            obj: <module '_pytest.assertion.rewrite' from '/home/nidhiram/dev/inventory_system/.venv/lib/python3.12/site-packages/_pytest/assertion/rewrite.py'>
        finish pytest_pycollect_makeitem --> None [hook]
        pytest_pycollect_makeitem [hook]
            collector: <Module test_auth.py>
            name: re
            obj: <module 're' from '/usr/lib/python3.12/re/__init__.py'>
        finish pytest_pycollect_makeitem --> None [hook]
        pytest_pycollect_makeitem [hook]
            collector: <Module test_auth.py>
            name: time
            obj: <module 'time' (built-in)>
        finish pytest_pycollect_makeitem --> None [hook]
        pytest_pycollect_makeitem [hook]
            collector: <Module test_auth.py>
            name: Path
            obj: <class 'pathlib.Path'>
        finish pytest_pycollect_makeitem --> None [hook]
        pytest_pycollect_makeitem [hook]
            collector: <Module test_auth.py>
            name: pytest
            obj: <module 'pytest' from '/home/nidhiram/dev/inventory_system/.venv/lib/python3.12/site-packages/pytest/__init__.py'>
        finish pytest_pycollect_makeitem --> None [hook]
        pytest_pycollect_makeitem [hook]
            collector: <Module test_auth.py>
            name: rx
            obj: <module 'reflex' from '/home/nidhiram/dev/inventory_system/.venv/lib/python3.12/site-packages/reflex/__init__.py'>
        finish pytest_pycollect_makeitem --> None [hook]
        pytest_pycollect_makeitem [hook]
            collector: <Module test_auth.py>
            name: reflex_local_auth
            obj: <module 'reflex_local_auth' from '/home/nidhiram/dev/inventory_system/.venv/lib/python3.12/site-packages/reflex_local_auth/__init__.py'>
        finish pytest_pycollect_makeitem --> None [hook]
        pytest_pycollect_makeitem [hook]
            collector: <Module test_auth.py>
            name: requests
            obj: <module 'requests' from '/home/nidhiram/dev/inventory_system/.venv/lib/python3.12/site-packages/requests/__init__.py'>
        finish pytest_pycollect_makeitem --> None [hook]
        pytest_pycollect_makeitem [hook]
            collector: <Module test_auth.py>
            name: Page
            obj: <class 'playwright.sync_api._generated.Page'>
        finish pytest_pycollect_makeitem --> None [hook]
        pytest_pycollect_makeitem [hook]
            collector: <Module test_auth.py>
            name: expect
            obj: <playwright.sync_api.Expect object at 0x7fcf356744d0>
        finish pytest_pycollect_makeitem --> None [hook]
        pytest_pycollect_makeitem [hook]
            collector: <Module test_auth.py>
            name: AppHarness
            obj: <class 'reflex.testing.AppHarness'>
        finish pytest_pycollect_makeitem --> None [hook]
        pytest_pycollect_makeitem [hook]
            collector: <Module test_auth.py>
            name: select
            obj: <function select at 0x7fcf32fff560>
        finish pytest_pycollect_makeitem --> None [hook]
        pytest_pycollect_makeitem [hook]
            collector: <Module test_auth.py>
            name: Supplier
            obj: <class 'inventory_system.models.user.Supplier'>
        finish pytest_pycollect_makeitem --> None [hook]
        pytest_pycollect_makeitem [hook]
            collector: <Module test_auth.py>
            name: UserInfo
            obj: <class 'inventory_system.models.user.UserInfo'>
        finish pytest_pycollect_makeitem --> None [hook]
        pytest_pycollect_makeitem [hook]
            collector: <Module test_auth.py>
            name: TEST_USERNAME
            obj: test_user
        finish pytest_pycollect_makeitem --> None [hook]
        pytest_pycollect_makeitem [hook]
            collector: <Module test_auth.py>
            name: TEST_PASSWORD
            obj: Test@1234
        finish pytest_pycollect_makeitem --> None [hook]
        pytest_pycollect_makeitem [hook]
            collector: <Module test_auth.py>
            name: TEST_EMAIL
            obj: test@example.com
        finish pytest_pycollect_makeitem --> None [hook]
        pytest_pycollect_makeitem [hook]
            collector: <Module test_auth.py>
            name: TEST_ID
            obj: 12345
        finish pytest_pycollect_makeitem --> None [hook]
        pytest_pycollect_makeitem [hook]
            collector: <Module test_auth.py>
            name: ADMIN_USERNAME
            obj: admin_user
        finish pytest_pycollect_makeitem --> None [hook]
        pytest_pycollect_makeitem [hook]
            collector: <Module test_auth.py>
            name: ADMIN_PASSWORD
            obj: Admin@1234
        finish pytest_pycollect_makeitem --> None [hook]
        pytest_pycollect_makeitem [hook]
            collector: <Module test_auth.py>
            name: ADMIN_EMAIL
            obj: admin@example.com
        finish pytest_pycollect_makeitem --> None [hook]
        pytest_pycollect_makeitem [hook]
            collector: <Module test_auth.py>
            name: ADMIN_ID
            obj: 67890
        finish pytest_pycollect_makeitem --> None [hook]
        pytest_pycollect_makeitem [hook]
            collector: <Module test_auth.py>
            name: get_wsl_host
            obj: <function get_wsl_host at 0x7fcf34231e40>
        finish pytest_pycollect_makeitem --> None [hook]
        pytest_pycollect_makeitem [hook]
            collector: <Module test_auth.py>
            name: inventory_app
            obj: <function inventory_app at 0x7fcf0ec7ee80>
        finish pytest_pycollect_makeitem --> None [hook]
        pytest_pycollect_makeitem [hook]
            collector: <Module test_auth.py>
            name: test_users_cleaned_up
            obj: <function test_users_cleaned_up at 0x7fcf0ec7efc0>
        finish pytest_pycollect_makeitem --> None [hook]
        pytest_pycollect_makeitem [hook]
            collector: <Module test_auth.py>
            name: test_auth_flow
            obj: <function test_auth_flow at 0x7fcf0ec7f060>
          pytest_generate_tests [hook]
              metafunc: <_pytest.python.Metafunc object at 0x7fcf0ef69af0>
            pytest_make_parametrize_id [hook]
                config: <_pytest.config.Config object at 0x7fcf35ef7170>
                val: chromium
                argname: browser_name
            finish pytest_make_parametrize_id --> None [hook]
          finish pytest_generate_tests --> [] [hook]
        finish pytest_pycollect_makeitem --> [<Function test_auth_flow[chromium]>] [hook]
      finish pytest_make_collect_report --> <CollectReport 'inventory_system/tests/test_auth.py' lenresult=1 outcome='passed'> [hook]
    genitems <Function test_auth_flow[chromium]> [collection]
      pytest_itemcollected [hook]
          item: <Function test_auth_flow[chromium]>
      finish pytest_itemcollected --> [] [hook]
      pytest_collectreport [hook]
          report: <CollectReport 'inventory_system/tests/test_auth.py' lenresult=1 outcome='passed'>
      finish pytest_collectreport --> [] [hook]
      pytest_collection_modifyitems [hook]
          session: <Session  exitstatus=<ExitCode.OK: 0> testsfailed=0 testscollected=0>
          config: <_pytest.config.Config object at 0x7fcf35ef7170>
          items: [<Function test_auth_flow[chromium]>]
      finish pytest_collection_modifyitems --> [] [hook]
      pytest_collection_finish [hook]
          session: <Session  exitstatus=<ExitCode.OK: 0> testsfailed=0 testscollected=0>
        pytest_report_collectionfinish [hook]
            config: <_pytest.config.Config object at 0x7fcf35ef7170>
            items: [<Function test_auth_flow[chromium]>]
            start_path: /home/nidhiram/dev/inventory_system
            startdir: /home/nidhiram/dev/inventory_system
        finish pytest_report_collectionfinish --> [] [hook]
      finish pytest_collection_finish --> [] [hook]
    finish pytest_collection --> None [hook]
    pytest_runtestloop [hook]
        session: <Session  exitstatus=<ExitCode.OK: 0> testsfailed=0 testscollected=1>
      pytest_runtest_protocol [hook]
          item: <Function test_auth_flow[chromium]>
          nextitem: None
        pytest_runtest_logstart [hook]
            nodeid: inventory_system/tests/test_auth.py::test_auth_flow[chromium]
            location: ('inventory_system/tests/test_auth.py', 109, 'test_auth_flow[chromium]')
        finish pytest_runtest_logstart --> [] [hook]
        pytest_runtest_setup [hook]
            item: <Function test_auth_flow[chromium]>
          pytest_fixture_setup [hook]
              fixturedef: <FixtureDef argname='base_url' scope='session' baseid=''>
              request: <SubRequest 'base_url' for <Function test_auth_flow[chromium]>>
          finish pytest_fixture_setup -->  [hook]
          pytest_fixture_setup [hook]
              fixturedef: <FixtureDef argname='_verify_url' scope='session' baseid=''>
              request: <SubRequest '_verify_url' for <Function test_auth_flow[chromium]>>
          finish pytest_fixture_setup --> None [hook]
          pytest_fixture_setup [hook]
              fixturedef: <FixtureDef argname='pytestconfig' scope='session' baseid=''>
              request: <SubRequest 'pytestconfig' for <Function test_auth_flow[chromium]>>
          finish pytest_fixture_setup --> <_pytest.config.Config object at 0x7fcf35ef7170> [hook]
          pytest_fixture_setup [hook]
              fixturedef: <FixtureDef argname='delete_output_dir' scope='session' baseid=''>
              request: <SubRequest 'delete_output_dir' for <Function test_auth_flow[chromium]>>
          finish pytest_fixture_setup --> None [hook]
          pytest_fixture_setup [hook]
              fixturedef: <FixtureDef argname='test_users_cleaned_up' scope='session' baseid='inventory_system/tests/test_auth.py'>
              request: <SubRequest 'test_users_cleaned_up' for <Function test_auth_flow[chromium]>>
          early skip of rewriting module: rxconfig [assertion]
          early skip of rewriting module: rxconfig [assertion]
          early skip of rewriting module: sqlalchemy.dialects.sqlite [assertion]
          early skip of rewriting module: sqlalchemy.dialects.sqlite.aiosqlite [assertion]
          early skip of rewriting module: sqlalchemy.dialects.sqlite.base [assertion]
          early skip of rewriting module: sqlalchemy.dialects.sqlite.json [assertion]
          early skip of rewriting module: sqlalchemy.dialects.sqlite.pysqlite [assertion]
          early skip of rewriting module: sqlalchemy.dialects.sqlite.pysqlcipher [assertion]
          early skip of rewriting module: sqlalchemy.dialects.sqlite.dml [assertion]
          early skip of rewriting module: sqlite3 [assertion]
          early skip of rewriting module: sqlite3.dbapi2 [assertion]
          early skip of rewriting module: _sqlite3 [assertion]
          finish pytest_fixture_setup --> None [hook]
          pytest_fixture_setup [hook]
              fixturedef: <FixtureDef argname='inventory_app' scope='session' baseid='inventory_system/tests/test_auth.py'>
              request: <SubRequest 'inventory_app' for <Function test_auth_flow[chromium]>>
          early skip of rewriting module: reflex.components.base [assertion]
          early skip of rewriting module: reflex.components.base.bare [assertion]
          early skip of rewriting module: reflex.components.tags.tagless [assertion]
          early skip of rewriting module: reflex.components.base.fragment [assertion]
          early skip of rewriting module: reflex.components.core.cond [assertion]
          early skip of rewriting module: reflex.components.core.foreach [assertion]
          early skip of rewriting module: reflex.components.core.match [assertion]
          early skip of rewriting module: rxconfig [assertion]
          early skip of rewriting module: rxconfig [assertion]
          early skip of rewriting module: reflex.app [assertion]
          early skip of rewriting module: fastapi [assertion]
          early skip of rewriting module: starlette [assertion]
          early skip of rewriting module: starlette.status [assertion]
          early skip of rewriting module: fastapi.applications [assertion]
          early skip of rewriting module: fastapi.routing [assertion]
          early skip of rewriting module: fastapi.params [assertion]
          early skip of rewriting module: fastapi.openapi [assertion]
          early skip of rewriting module: fastapi.openapi.models [assertion]
          early skip of rewriting module: fastapi._compat [assertion]
          early skip of rewriting module: fastapi.exceptions [assertion]
          early skip of rewriting module: starlette.exceptions [assertion]
          early skip of rewriting module: pydantic.fields [assertion]
          early skip of rewriting module: annotated_types [assertion]
          early skip of rewriting module: pydantic._internal._validators [assertion]
          early skip of rewriting module: pydantic.types [assertion]
          early skip of rewriting module: pydantic.plugin._loader [assertion]
          early skip of rewriting module: fastapi.types [assertion]
          early skip of rewriting module: starlette.datastructures [assertion]
          early skip of rewriting module: starlette.concurrency [assertion]
          early skip of rewriting module: starlette.types [assertion]
          early skip of rewriting module: pydantic.type_adapter [assertion]
          early skip of rewriting module: fastapi.logger [assertion]
          early skip of rewriting module: pydantic.networks [assertion]
          early skip of rewriting module: email_validator [assertion]
          early skip of rewriting module: email_validator.exceptions_types [assertion]
          early skip of rewriting module: email_validator.validate_email [assertion]
          early skip of rewriting module: email_validator.syntax [assertion]
          early skip of rewriting module: email_validator.rfc_constants [assertion]
          early skip of rewriting module: email_validator.version [assertion]
          early skip of rewriting module: fastapi.datastructures [assertion]
          early skip of rewriting module: fastapi.dependencies [assertion]
          early skip of rewriting module: fastapi.dependencies.models [assertion]
          early skip of rewriting module: fastapi.security [assertion]
          early skip of rewriting module: fastapi.security.api_key [assertion]
          early skip of rewriting module: fastapi.security.base [assertion]
          early skip of rewriting module: starlette.requests [assertion]
          early skip of rewriting module: starlette._utils [assertion]
          early skip of rewriting module: starlette.formparsers [assertion]
          early skip of rewriting module: python_multipart [assertion]
          early skip of rewriting module: python_multipart.multipart [assertion]
          early skip of rewriting module: python_multipart.decoders [assertion]
          early skip of rewriting module: python_multipart.exceptions [assertion]
          early skip of rewriting module: fastapi.security.http [assertion]
          early skip of rewriting module: fastapi.security.utils [assertion]
          early skip of rewriting module: fastapi.security.oauth2 [assertion]
          early skip of rewriting module: fastapi.param_functions [assertion]
          early skip of rewriting module: fastapi.security.open_id_connect_url [assertion]
          early skip of rewriting module: fastapi.dependencies.utils [assertion]
          early skip of rewriting module: fastapi.background [assertion]
          early skip of rewriting module: starlette.background [assertion]
          early skip of rewriting module: fastapi.concurrency [assertion]
          early skip of rewriting module: fastapi.utils [assertion]
          early skip of rewriting module: starlette.responses [assertion]
          early skip of rewriting module: starlette.websockets [assertion]
          early skip of rewriting module: fastapi.encoders [assertion]
          early skip of rewriting module: pydantic.color [assertion]
          early skip of rewriting module: starlette.routing [assertion]
          early skip of rewriting module: starlette._exception_handler [assertion]
          early skip of rewriting module: starlette.convertors [assertion]
          early skip of rewriting module: starlette.middleware [assertion]
          early skip of rewriting module: fastapi.exception_handlers [assertion]
          early skip of rewriting module: fastapi.websockets [assertion]
          early skip of rewriting module: fastapi.openapi.docs [assertion]
          early skip of rewriting module: fastapi.openapi.utils [assertion]
          early skip of rewriting module: fastapi.openapi.constants [assertion]
          early skip of rewriting module: fastapi.responses [assertion]
          early skip of rewriting module: ujson [assertion]
          early skip of rewriting module: orjson [assertion]
          early skip of rewriting module: starlette.applications [assertion]
          early skip of rewriting module: starlette.middleware.base [assertion]
          early skip of rewriting module: starlette.middleware.errors [assertion]
          early skip of rewriting module: starlette.middleware.exceptions [assertion]
          early skip of rewriting module: fastapi.requests [assertion]
          early skip of rewriting module: fastapi.middleware [assertion]
          early skip of rewriting module: fastapi.middleware.cors [assertion]
          early skip of rewriting module: starlette.middleware.cors [assertion]
          early skip of rewriting module: fastapi.staticfiles [assertion]
          early skip of rewriting module: starlette.staticfiles [assertion]
          early skip of rewriting module: socketio [assertion]
          early skip of rewriting module: socketio.client [assertion]
          early skip of rewriting module: engineio [assertion]
          early skip of rewriting module: engineio.client [assertion]
          early skip of rewriting module: engineio.json [assertion]
          early skip of rewriting module: websocket [assertion]
          early skip of rewriting module: engineio.base_client [assertion]
          early skip of rewriting module: engineio.packet [assertion]
          early skip of rewriting module: engineio.exceptions [assertion]
          early skip of rewriting module: engineio.payload [assertion]
          early skip of rewriting module: engineio.middleware [assertion]
          early skip of rewriting module: engineio.static_files [assertion]
          early skip of rewriting module: engineio.server [assertion]
          early skip of rewriting module: engineio.base_server [assertion]
          early skip of rewriting module: engineio.socket [assertion]
          early skip of rewriting module: engineio.base_socket [assertion]
          early skip of rewriting module: engineio.async_server [assertion]
          early skip of rewriting module: engineio.async_socket [assertion]
          early skip of rewriting module: engineio.async_client [assertion]
          early skip of rewriting module: aiohttp [assertion]
          early skip of rewriting module: engineio.async_drivers [assertion]
          early skip of rewriting module: engineio.async_drivers.asgi [assertion]
          early skip of rewriting module: engineio.async_drivers.tornado [assertion]
          early skip of rewriting module: tornado [assertion]
          early skip of rewriting module: socketio.base_client [assertion]
          early skip of rewriting module: socketio.base_namespace [assertion]
          early skip of rewriting module: socketio.packet [assertion]
          early skip of rewriting module: socketio.exceptions [assertion]
          early skip of rewriting module: socketio.simple_client [assertion]
          early skip of rewriting module: socketio.manager [assertion]
          early skip of rewriting module: socketio.base_manager [assertion]
          early skip of rewriting module: bidict [assertion]
          early skip of rewriting module: bidict._abc [assertion]
          early skip of rewriting module: bidict._typing [assertion]
          early skip of rewriting module: bidict._base [assertion]
          early skip of rewriting module: bidict._dup [assertion]
          early skip of rewriting module: bidict._exc [assertion]
          early skip of rewriting module: bidict._iter [assertion]
          early skip of rewriting module: bidict._bidict [assertion]
          early skip of rewriting module: bidict._frozen [assertion]
          early skip of rewriting module: bidict._orderedbase [assertion]
          early skip of rewriting module: bidict._orderedbidict [assertion]
          early skip of rewriting module: bidict.metadata [assertion]
          early skip of rewriting module: socketio.pubsub_manager [assertion]
          early skip of rewriting module: socketio.kombu_manager [assertion]
          early skip of rewriting module: kombu [assertion]
          early skip of rewriting module: socketio.redis_manager [assertion]
          early skip of rewriting module: socketio.kafka_manager [assertion]
          early skip of rewriting module: kafka [assertion]
          early skip of rewriting module: socketio.zmq_manager [assertion]
          early skip of rewriting module: socketio.server [assertion]
          early skip of rewriting module: socketio.base_server [assertion]
          early skip of rewriting module: socketio.namespace [assertion]
          early skip of rewriting module: socketio.middleware [assertion]
          early skip of rewriting module: socketio.tornado [assertion]
          early skip of rewriting module: engineio.async_drivers.tornado [assertion]
          early skip of rewriting module: tornado [assertion]
          early skip of rewriting module: socketio.async_client [assertion]
          early skip of rewriting module: socketio.async_simple_client [assertion]
          early skip of rewriting module: socketio.async_server [assertion]
          early skip of rewriting module: socketio.async_manager [assertion]
          early skip of rewriting module: socketio.async_namespace [assertion]
          early skip of rewriting module: socketio.async_redis_manager [assertion]
          early skip of rewriting module: socketio.async_pubsub_manager [assertion]
          early skip of rewriting module: socketio.async_aiopika_manager [assertion]
          early skip of rewriting module: aio_pika [assertion]
          early skip of rewriting module: socketio.asgi [assertion]
          early skip of rewriting module: reflex.admin [assertion]
          early skip of rewriting module: reflex.app_mixins [assertion]
          early skip of rewriting module: reflex.app_mixins.lifespan [assertion]
          early skip of rewriting module: reflex.app_mixins.mixin [assertion]
          early skip of rewriting module: reflex.app_mixins.middleware [assertion]
          early skip of rewriting module: reflex.middleware [assertion]
          early skip of rewriting module: reflex.middleware.hydrate_middleware [assertion]
          early skip of rewriting module: reflex.middleware.middleware [assertion]
          early skip of rewriting module: reflex.compiler.compiler [assertion]
          early skip of rewriting module: reflex.compiler.utils [assertion]
          early skip of rewriting module: reflex.components.base.body [assertion]
          early skip of rewriting module: reflex.components.base.meta [assertion]
          early skip of rewriting module: reflex.components.base.document [assertion]
          early skip of rewriting module: reflex.components.base.head [assertion]
          early skip of rewriting module: reflex.components.base.app_wrap [assertion]
          early skip of rewriting module: reflex.components.base.error_boundary [assertion]
          early skip of rewriting module: reflex.components.datadisplay [assertion]
          early skip of rewriting module: reflex.components.datadisplay.logo [assertion]
          early skip of rewriting module: reflex.components.el [assertion]
          early skip of rewriting module: reflex.components.el.elements [assertion]
          early skip of rewriting module: reflex.components.el.elements.inline [assertion]
          early skip of rewriting module: reflex.components.el.elements.base [assertion]
          early skip of rewriting module: reflex.components.el.element [assertion]
          early skip of rewriting module: reflex.components.el.elements.forms [assertion]
          early skip of rewriting module: reflex.components.el.elements.other [assertion]
          early skip of rewriting module: reflex.components.el.elements.typography [assertion]
          early skip of rewriting module: reflex.components.el.elements.sectioning [assertion]
          early skip of rewriting module: reflex.components.base.strict_mode [assertion]
          early skip of rewriting module: reflex.components.core.banner [assertion]
          early skip of rewriting module: reflex.components.lucide [assertion]
          early skip of rewriting module: reflex.components.lucide.icon [assertion]
          early skip of rewriting module: reflex.components.radix [assertion]
          early skip of rewriting module: reflex.components.radix.themes [assertion]
          early skip of rewriting module: reflex.components.radix.themes.components [assertion]
          early skip of rewriting module: reflex.components.radix.themes.components.dialog [assertion]
          early skip of rewriting module: reflex.components.radix.themes.base [assertion]
          early skip of rewriting module: reflex.components.radix.themes.layout [assertion]
          early skip of rewriting module: reflex.components.radix.themes.layout.flex [assertion]
          early skip of rewriting module: reflex.components.radix.themes.typography [assertion]
          early skip of rewriting module: reflex.components.radix.themes.typography.text [assertion]
          early skip of rewriting module: reflex.components.markdown [assertion]
          early skip of rewriting module: reflex.components.markdown.markdown [assertion]
          early skip of rewriting module: reflex.components.radix.themes.typography.base [assertion]
          early skip of rewriting module: reflex.components.sonner [assertion]
          early skip of rewriting module: reflex.components.sonner.toast [assertion]
          early skip of rewriting module: reflex.components.props [assertion]
          early skip of rewriting module: reflex.components.core.client_side_routing [assertion]
          early skip of rewriting module: reflex.components.core.sticky [assertion]
          early skip of rewriting module: reflex.components.core.colors [assertion]
          early skip of rewriting module: reflex.components.core.responsive [assertion]
          early skip of rewriting module: reflex.components.radix.themes.layout.box [assertion]
          early skip of rewriting module: reflex.components.el.elements.media [assertion]
          early skip of rewriting module: reflex.components.core.upload [assertion]
          early skip of rewriting module: reflex.route [assertion]
          early skip of rewriting module: reflex.utils.codespaces [assertion]
          early skip of rewriting module: reflex.components.base.script [assertion]
          early skip of rewriting module: inventory_system.inventory_system [assertion]
          early skip of rewriting module: inventory_system.styles [assertion]
          early skip of rewriting module: inventory_system.pages [assertion]
          early skip of rewriting module: inventory_system.pages.about [assertion]
          early skip of rewriting module: inventory_system.routes [assertion]
          early skip of rewriting module: inventory_system.templates [assertion]
          early skip of rewriting module: inventory_system.templates.template [assertion]
          early skip of rewriting module: inventory_system.components [assertion]
          early skip of rewriting module: inventory_system.components.navbar [assertion]
          early skip of rewriting module: inventory_system.state [assertion]
          early skip of rewriting module: inventory_system.state.auth [assertion]
          early skip of rewriting module: inventory_system.state.login_state [assertion]
          early skip of rewriting module: inventory_system.state.logout_state [assertion]
          early skip of rewriting module: inventory_system.state.profile_picture_state [assertion]
          early skip of rewriting module: inventory_system.components.logout [assertion]
          early skip of rewriting module: inventory_system.components.sidebar [assertion]
          early skip of rewriting module: inventory_system.pages.admin [assertion]
          early skip of rewriting module: inventory_system.components.card [assertion]
          early skip of rewriting module: inventory_system.components.notification [assertion]
          early skip of rewriting module: inventory_system.state.admin_state [assertion]
          early skip of rewriting module: inventory_system.pages.index [assertion]
          early skip of rewriting module: inventory_system.pages.login [assertion]
          early skip of rewriting module: inventory_system.pages.overview [assertion]
          early skip of rewriting module: inventory_system.views [assertion]
          early skip of rewriting module: inventory_system.views.acquisition_view [assertion]
          early skip of rewriting module: inventory_system.views.charts [assertion]
          early skip of rewriting module: inventory_system.views.stats_cards [assertion]
          early skip of rewriting module: inventory_system.pages.profile [assertion]
          early skip of rewriting module: inventory_system.state.profile_state [assertion]
          early skip of rewriting module: inventory_system.components.profile_input [assertion]
          early skip of rewriting module: inventory_system.pages.register [assertion]
          early skip of rewriting module: inventory_system.state.register_state [assertion]
          early skip of rewriting module: inventory_system.pages.settings [assertion]
          early skip of rewriting module: inventory_system.views.color_picker [assertion]
          early skip of rewriting module: inventory_system.views.radius_picker [assertion]
          early skip of rewriting module: inventory_system.views.scaling_picker [assertion]
          early skip of rewriting module: inventory_system.pages.supplier_approval [assertion]
          early skip of rewriting module: inventory_system.state.supplier_approval_state [assertion]
          early skip of rewriting module: inventory_system.utils [assertion]
          early skip of rewriting module: inventory_system.utils.register_supplier [assertion]
          early skip of rewriting module: inventory_system.components.comfirmation [assertion]
          early skip of rewriting module: inventory_system.pages.supplier_register [assertion]
          early skip of rewriting module: inventory_system.pages.table [assertion]
          early skip of rewriting module: inventory_system.backend [assertion]
          early skip of rewriting module: inventory_system.backend.table_state [assertion]
          early skip of rewriting module: inventory_system.views.table [assertion]
          early skip of rewriting module: inventory_system.components.status_badge [assertion]
          early skip of rewriting module: inventory_system.pages.user_management [assertion]
          early skip of rewriting module: inventory_system.state.user_mgmt_state [assertion]
          early skip of rewriting module: rxconfig [assertion]
          early skip of rewriting module: rxconfig [assertion]
          early skip of rewriting module: starlette_admin [assertion]
          early skip of rewriting module: reflex.components.radix.themes.layout.stack [assertion]
          early skip of rewriting module: reflex.components.radix.themes.layout.center [assertion]
          early skip of rewriting module: reflex.components.radix.themes.components.card [assertion]
          early skip of rewriting module: reflex.components.radix.themes.typography.heading [assertion]
          early skip of rewriting module: reflex.components.radix.themes.typography.link [assertion]
          early skip of rewriting module: reflex.components.next [assertion]
          early skip of rewriting module: reflex.components.next.base [assertion]
          early skip of rewriting module: reflex.components.next.image [assertion]
          early skip of rewriting module: reflex.components.next.link [assertion]
          early skip of rewriting module: reflex.components.next.video [assertion]
          early skip of rewriting module: reflex.components.radix.themes.layout.spacer [assertion]
          early skip of rewriting module: reflex.components.radix.themes.components.dropdown_menu [assertion]
          early skip of rewriting module: reflex.components.radix.themes.components.avatar [assertion]
          early skip of rewriting module: reflex.components.radix.themes.components.button [assertion]
          early skip of rewriting module: reflex.components.radix.themes.components.alert_dialog [assertion]
          early skip of rewriting module: reflex.components.radix.primitives [assertion]
          early skip of rewriting module: reflex.components.radix.primitives.drawer [assertion]
          early skip of rewriting module: reflex.components.radix.primitives.base [assertion]
          early skip of rewriting module: reflex.components.radix.themes.components.separator [assertion]
          early skip of rewriting module: reflex.components.radix.themes.color_mode [assertion]
          early skip of rewriting module: reflex.components.radix.themes.components.switch [assertion]
          early skip of rewriting module: reflex.components.radix.themes.components.icon_button [assertion]
          early skip of rewriting module: reflex.components.radix.themes.components.text_field [assertion]
          early skip of rewriting module: reflex.components.core.debounce [assertion]
          early skip of rewriting module: reflex.components.radix.themes.components.badge [assertion]
          early skip of rewriting module: reflex.components.radix.themes.components.spinner [assertion]
          early skip of rewriting module: reflex.components.radix.themes.layout.grid [assertion]
          early skip of rewriting module: reflex.components.radix.primitives.form [assertion]
          early skip of rewriting module: reflex.components.radix.themes.components.callout [assertion]
          early skip of rewriting module: reflex.components.radix.themes.components.tooltip [assertion]
          early skip of rewriting module: reflex.components.radix.themes.components.segmented_control [assertion]
          early skip of rewriting module: reflex.components.recharts [assertion]
          early skip of rewriting module: reflex.components.recharts.charts [assertion]
          early skip of rewriting module: reflex.components.recharts.general [assertion]
          early skip of rewriting module: reflex.components.recharts.recharts [assertion]
          early skip of rewriting module: reflex.components.recharts.cartesian [assertion]
          early skip of rewriting module: reflex.components.radix.themes.components.select [assertion]
          early skip of rewriting module: reflex.components.recharts.polar [assertion]
          early skip of rewriting module: reflex.components.radix.themes.components.progress [assertion]
          early skip of rewriting module: reflex.components.radix.themes.components.checkbox [assertion]
          early skip of rewriting module: reflex.components.radix.themes.components.table [assertion]
          early skip of rewriting module: reflex.components.el.elements.tables [assertion]
          early skip of rewriting module: reflex.components.radix.themes.typography.code [assertion]
          early skip of rewriting module: reflex.components.radix.themes.components.text_area [assertion]
          early skip of rewriting module: reflex.components.el.elements.metadata [assertion]
          early skip of rewriting module: rich.status [assertion]
          early skip of rewriting module: uvicorn.loops [assertion]
          early skip of rewriting module: uvicorn.loops.auto [assertion]
          early skip of rewriting module: uvloop [assertion]
          early skip of rewriting module: uvicorn.loops.asyncio [assertion]
          early skip of rewriting module: uvicorn.protocols [assertion]
          early skip of rewriting module: uvicorn.protocols.http [assertion]
          early skip of rewriting module: uvicorn.protocols.http.auto [assertion]
          early skip of rewriting module: httptools [assertion]
          early skip of rewriting module: uvicorn.protocols.http.h11_impl [assertion]
          early skip of rewriting module: uvicorn.protocols.http.flow_control [assertion]
          early skip of rewriting module: uvicorn.protocols.utils [assertion]
          early skip of rewriting module: uvicorn.protocols.websockets [assertion]
          early skip of rewriting module: uvicorn.protocols.websockets.auto [assertion]
          early skip of rewriting module: websockets [assertion]
          early skip of rewriting module: wsproto [assertion]
          early skip of rewriting module: wsproto.connection [assertion]
          early skip of rewriting module: wsproto.events [assertion]
          early skip of rewriting module: wsproto.extensions [assertion]
          early skip of rewriting module: wsproto.frame_protocol [assertion]
          early skip of rewriting module: wsproto.typing [assertion]
          early skip of rewriting module: wsproto.utilities [assertion]
          early skip of rewriting module: wsproto.handshake [assertion]
          early skip of rewriting module: uvicorn.protocols.websockets.wsproto_impl [assertion]
          early skip of rewriting module: uvicorn.lifespan [assertion]
          early skip of rewriting module: uvicorn.lifespan.on [assertion]
          early skip of rewriting module: netrc [assertion]
          finish pytest_fixture_setup --> AppHarness(app_name='inventory_system', app_source=None, app_path=PosixPath('/home/nidhiram/dev/inventory_system'), app_module_path=PosixPath('/home/nidhiram/dev/inventory_system/inventory_system/inventory_system.py'), app_module=<module 'inventory_system.inventory_system' from '/home/nidhiram/dev/inventory_system/inventory_system/inventory_system.py'>, app_instance=<App state=State>, frontend_process=<Popen: returncode: None args: ['/home/nidhiram/.local/share/reflex/bun/bin/...>, frontend_url='http://localhost:36119', frontend_output_thread=<Thread(Thread-6 (consume_frontend_output), started 140527153444544)>, backend_thread=<Thread(Thread-5 (run), started 140527254427328)>, backend=<uvicorn.server.Server object at 0x7fcf0efcd670>, state_manager=StateManagerDisk(state=<class 'reflex.state.State'>, states={}, token_expiration=3600, states_directory=PosixPath('.states')), _frontends=[], _decorated_pages=[(<function template.<locals>.decorator.<locals>.theme_wrap at 0x7fcf0d26a700>, {'route': '/about', 'title': 'About', 'meta': [{'name': 'viewport', 'content': 'width=device-width, shrink-to-fit=no, initial-scale=1'}]}), (<function template.<locals>.decorator.<locals>.theme_wrap at 0x7fcf0d2f8040>, {'route': '/admin', 'title': 'Admin Dashboard', 'meta': [{'name': 'viewport', 'content': 'width=device-width, shrink-to-fit=no, initial-scale=1'}], 'on_load': EventHandler(event_actions={}, fn=<function AdminState.check_auth_and_load at 0x7fcf0d26b600>, state_full_name='reflex___state____state.reflex_local_auth___local_auth____local_auth_state.inventory_system___state___auth____auth_state.inventory_system___state___admin_state____admin_state')}), (<function template.<locals>.decorator.<locals>.theme_wrap at 0x7fcf0d2f8720>, {'route': '/', 'title': 'Telecom Inventory System', 'meta': [{'name': 'viewport', 'content': 'width=device-width, shrink-to-fit=no, initial-scale=1'}], 'on_load': [EventHandler(event_actions={}, fn=<function IndexState.trigger_content_transition at 0x7fcf0d2f8220>, state_full_name='reflex___state____state.inventory_system___pages___index____index_state')]}), (<function template.<locals>.decorator.<locals>.theme_wrap at 0x7fcf0d2f8ae0>, {'route': '/login', 'title': 'Login', 'meta': [{'name': 'viewport', 'content': 'width=device-width, shrink-to-fit=no, initial-scale=1'}], 'on_load': [EventHandler(event_actions={}, fn=<function CustomLoginState.reset_form_state at 0x7fcf0d268b80>, state_full_name='reflex___state____state.reflex_local_auth___local_auth____local_auth_state.inventory_system___state___auth____auth_state.inventory_system___state___login_state____custom_login_state'), EventHandler(event_actions={}, fn=<function CustomLoginState.route_calc at 0x7fcf0d268ae0>, state_full_name='reflex___state____state.reflex_local_auth___local_auth____local_auth_state.inventory_system___state___auth____auth_state.inventory_system___state___login_state____custom_login_state')]}), (<function template.<locals>.decorator.<locals>.theme_wrap at 0x7fcf0d2fa5c0>, {'route': '/overview', 'title': 'Overview', 'meta': [{'name': 'viewport', 'content': 'width=device-width, shrink-to-fit=no, initial-scale=1'}], 'on_load': EventHandler(event_actions={}, fn=<function StatsState.randomize_data at 0x7fcf0d2f91c0>, state_full_name='reflex___state____state.inventory_system___views___charts____stats_state')}), (<function template.<locals>.decorator.<locals>.theme_wrap at 0x7fcf0d2fafc0>, {'route': '/profile', 'title': 'Profile', 'meta': [{'name': 'viewport', 'content': 'width=device-width, shrink-to-fit=no, initial-scale=1'}]}), (<function template.<locals>.decorator.<locals>.theme_wrap at 0x7fcf0d328040>, {'route': '/register', 'title': 'Signup', 'meta': [{'name': 'viewport', 'content': 'width=device-width, shrink-to-fit=no, initial-scale=1'}], 'on_load': [EventHandler(event_actions={}, fn=<function CustomRegisterState.reset_form_state at 0x7fcf0d2fb600>, state_full_name='reflex___state____state.reflex_local_auth___local_auth____local_auth_state.reflex_local_auth___registration____registration_state.inventory_system___state___register_state____custom_register_state')]}), (<function template.<locals>.decorator.<locals>.theme_wrap at 0x7fcf0d329080>, {'route': '/settings', 'title': 'Settings', 'meta': [{'name': 'viewport', 'content': 'width=device-width, shrink-to-fit=no, initial-scale=1'}]}), (<function template.<locals>.decorator.<locals>.theme_wrap at 0x7fcf0d32b4c0>, {'route': '/admin/suppliers', 'title': 'Supplier Approval', 'meta': [{'name': 'viewport', 'content': 'width=device-width, shrink-to-fit=no, initial-scale=1'}], 'on_load': EventHandler(event_actions={}, fn=<function SupplierApprovalState.check_auth_and_load at 0x7fcf0d3299e0>, state_full_name='reflex___state____state.reflex_local_auth___local_auth____local_auth_state.inventory_system___state___auth____auth_state.inventory_system___state___supplier_approval_state____supplier_approval_state')}), (<function template.<locals>.decorator.<locals>.theme_wrap at 0x7fcf0d164a40>, {'route': '/supplier-register', 'title': 'Supplier Registration', 'meta': [{'name': 'viewport', 'content': 'width=device-width, shrink-to-fit=no, initial-scale=1'}], 'on_load': EventHandler(event_actions={}, fn=<function SupplierRegisterState.clear_messages at 0x7fcf0d32b880>, state_full_name='reflex___state____state.inventory_system___pages___supplier_register____supplier_register_state')}), (<function template.<locals>.decorator.<locals>.theme_wrap at 0x7fcf0d166840>, {'route': '/table', 'title': 'Table', 'meta': [{'name': 'viewport', 'content': 'width=device-width, shrink-to-fit=no, initial-scale=1'}], 'on_load': EventHandler(event_actions={}, fn=<function TableState.load_entries at 0x7fcf0d1654e0>, state_full_name='reflex___state____state.inventory_system___backend___table_state____table_state')}), (<function template.<locals>.decorator.<locals>.theme_wrap at 0x7fcf0d198ae0>, {'route': '/admin/users', 'title': 'User Management', 'meta': [{'name': 'viewport', 'content': 'width=device-width, shrink-to-fit=no, initial-scale=1'}], 'on_load': EventHandler(event_actions={}, fn=<function UserManagementState.check_auth_and_load at 0x7fcf0d166d40>, state_full_name='reflex___state____state.reflex_local_auth___local_auth____local_auth_state.inventory_system___state___auth____auth_state.inventory_system___state___user_mgmt_state____user_management_state')})]) [hook]
          pytest_fixture_setup [hook]
              fixturedef: <FixtureDef argname='browser_type_launch_args' scope='session' baseid=''>
              request: <SubRequest 'browser_type_launch_args' for <Function test_auth_flow[chromium]>>
          finish pytest_fixture_setup --> [hook]
          pytest_fixture_setup [hook]
              fixturedef: <FixtureDef argname='playwright' scope='session' baseid=''>
              request: <SubRequest 'playwright' for <Function test_auth_flow[chromium]>>
          finish pytest_fixture_setup --> <playwright._impl._playwright.Playwright object at 0x7fcf07731cd0> [hook]
          pytest_fixture_setup [hook]
              fixturedef: <FixtureDef argname='browser_name' scope='session' baseid=''>
              request: <SubRequest 'browser_name' for <Function test_auth_flow[chromium]>>
          finish pytest_fixture_setup --> chromium [hook]
          pytest_fixture_setup [hook]
              fixturedef: <FixtureDef argname='browser_type' scope='session' baseid=''>
              request: <SubRequest 'browser_type' for <Function test_auth_flow[chromium]>>
          finish pytest_fixture_setup --> <BrowserType name=chromium executable_path=/home/nidhiram/.cache/ms-playwright/chromium-1161/chrome-linux/chrome> [hook]
          pytest_fixture_setup [hook]
              fixturedef: <FixtureDef argname='connect_options' scope='session' baseid=''>
              request: <SubRequest 'connect_options' for <Function test_auth_flow[chromium]>>
          finish pytest_fixture_setup --> None [hook]
          pytest_fixture_setup [hook]
              fixturedef: <FixtureDef argname='launch_browser' scope='session' baseid=''>
              request: <SubRequest 'launch_browser' for <Function test_auth_flow[chromium]>>
          finish pytest_fixture_setup --> <function launch_browser.<locals>.launch at 0x7fcf076dd440> [hook]
          pytest_fixture_setup [hook]
              fixturedef: <FixtureDef argname='browser' scope='session' baseid=''>
              request: <SubRequest 'browser' for <Function test_auth_flow[chromium]>>
          finish pytest_fixture_setup --> <Browser type=<BrowserType name=chromium executable_path=/home/nidhiram/.cache/ms-playwright/chromium-1161/chrome-linux/chrome> version=134.0.6998.35> [hook]
          pytest_fixture_setup [hook]
              fixturedef: <FixtureDef argname='device' scope='session' baseid=''>
              request: <SubRequest 'device' for <Function test_auth_flow[chromium]>>
          finish pytest_fixture_setup --> None [hook]
          pytest_fixture_setup [hook]
              fixturedef: <FixtureDef argname='_pw_artifacts_folder' scope='session' baseid=''>
              request: <SubRequest '_pw_artifacts_folder' for <Function test_auth_flow[chromium]>>
          finish pytest_fixture_setup --> <TemporaryDirectory '/tmp/playwright-pytest-tbbe2z9_'> [hook]
          pytest_fixture_setup [hook]
              fixturedef: <FixtureDef argname='browser_context_args' scope='session' baseid=''>
              request: <SubRequest 'browser_context_args' for <Function test_auth_flow[chromium]>>
          finish pytest_fixture_setup --> [hook]
          pytest_fixture_setup [hook]
              fixturedef: <FixtureDef argname='output_path' scope='function' baseid=''>
              request: <SubRequest 'output_path' for <Function test_auth_flow[chromium]>>
          finish pytest_fixture_setup --> /home/nidhiram/dev/inventory_system/test-results/inventory-system-tests-test-auth-py-test-auth-flow-chromium [hook]
          pytest_fixture_setup [hook]
              fixturedef: <FixtureDef argname='_artifacts_recorder' scope='function' baseid=''>
              request: <SubRequest '_artifacts_recorder' for <Function test_auth_flow[chromium]>>
          finish pytest_fixture_setup --> <pytest_playwright.pytest_playwright.ArtifactsRecorder object at 0x7fcf07639940> [hook]
          pytest_fixture_setup [hook]
              fixturedef: <FixtureDef argname='new_context' scope='function' baseid=''>
              request: <SubRequest 'new_context' for <Function test_auth_flow[chromium]>>
          finish pytest_fixture_setup --> <function new_context.<locals>._new_context at 0x7fcf068107c0> [hook]
          pytest_fixture_setup [hook]
              fixturedef: <FixtureDef argname='context' scope='function' baseid=''>
              request: <SubRequest 'context' for <Function test_auth_flow[chromium]>>
          finish pytest_fixture_setup --> <BrowserContext browser=<Browser type=<BrowserType name=chromium executable_path=/home/nidhiram/.cache/ms-playwright/chromium-1161/chrome-linux/chrome> version=134.0.6998.35>> [hook]
          pytest_fixture_setup [hook]
              fixturedef: <FixtureDef argname='page' scope='function' baseid=''>
              request: <SubRequest 'page' for <Function test_auth_flow[chromium]>>
          finish pytest_fixture_setup --> <Page url='about:blank'> [hook]
        finish pytest_runtest_setup --> None [hook]
        pytest_runtest_makereport [hook]
            item: <Function test_auth_flow[chromium]>
            call: <CallInfo when='setup' result: None>
        finish pytest_runtest_makereport --> <TestReport 'inventory_system/tests/test_auth.py::test_auth_flow[chromium]' when='setup' outcome='passed'> [hook]
        pytest_runtest_logreport [hook]
            report: <TestReport 'inventory_system/tests/test_auth.py::test_auth_flow[chromium]' when='setup' outcome='passed'>
          pytest_report_teststatus [hook]
              report: <TestReport 'inventory_system/tests/test_auth.py::test_auth_flow[chromium]' when='setup' outcome='passed'>
              config: <_pytest.config.Config object at 0x7fcf35ef7170>
          finish pytest_report_teststatus --> ('', '', '') [hook]
        finish pytest_runtest_logreport --> [] [hook]
        pytest_runtest_call [hook]
            item: <Function test_auth_flow[chromium]>
          pytest_pyfunc_call [hook]
              pyfuncitem: <Function test_auth_flow[chromium]>
          early skip of rewriting module: concurrent.futures.thread [assertion]
        pytest_runtest_makereport [hook]
            item: <Function test_auth_flow[chromium]>
            call: <CallInfo when='call' excinfo=<ExceptionInfo AssertionError('Page URL expected to be \'re.compile(\'http://localhost:36119/login/\')\'\nActual value: http://localh...resolved to <html lang="en" class="light"></html>\n  -       - unexpected value "http://localhost:36119/register/"\n') tblen=39>>
        finish pytest_runtest_makereport --> <TestReport 'inventory_system/tests/test_auth.py::test_auth_flow[chromium]' when='call' outcome='failed'> [hook]
        pytest_runtest_logreport [hook]
            report: <TestReport 'inventory_system/tests/test_auth.py::test_auth_flow[chromium]' when='call' outcome='failed'>
          pytest_report_teststatus [hook]
              report: <TestReport 'inventory_system/tests/test_auth.py::test_auth_flow[chromium]' when='call' outcome='failed'>
              config: <_pytest.config.Config object at 0x7fcf35ef7170>
          finish pytest_report_teststatus --> ('failed', 'F', 'FAILED') [hook]
        finish pytest_runtest_logreport --> [] [hook]
        pytest_exception_interact [hook]
            node: <Function test_auth_flow[chromium]>
            call: <CallInfo when='call' excinfo=<ExceptionInfo AssertionError('Page URL expected to be \'re.compile(\'http://localhost:36119/login/\')\'\nActual value: http://localh...resolved to <html lang="en" class="light"></html>\n  -       - unexpected value "http://localhost:36119/register/"\n') tblen=39>>
            report: <TestReport 'inventory_system/tests/test_auth.py::test_auth_flow[chromium]' when='call' outcome='failed'>
        finish pytest_exception_interact --> [] [hook]
        pytest_runtest_teardown [hook]
            item: <Function test_auth_flow[chromium]>
            nextitem: None
          pytest_fixture_post_finalizer [hook]
              fixturedef: <FixtureDef argname='page' scope='function' baseid=''>
              request: <SubRequest 'page' for <Function test_auth_flow[chromium]>>
          finish pytest_fixture_post_finalizer --> [] [hook]
          pytest_fixture_post_finalizer [hook]
              fixturedef: <FixtureDef argname='page' scope='function' baseid=''>
              request: <SubRequest 'page' for <Function test_auth_flow[chromium]>>
          finish pytest_fixture_post_finalizer --> [] [hook]
          pytest_fixture_post_finalizer [hook]
              fixturedef: <FixtureDef argname='context' scope='function' baseid=''>
              request: <SubRequest 'context' for <Function test_auth_flow[chromium]>>
          finish pytest_fixture_post_finalizer --> [] [hook]
          pytest_fixture_post_finalizer [hook]
              fixturedef: <FixtureDef argname='context' scope='function' baseid=''>
              request: <SubRequest 'context' for <Function test_auth_flow[chromium]>>
          finish pytest_fixture_post_finalizer --> [] [hook]
          pytest_fixture_post_finalizer [hook]
              fixturedef: <FixtureDef argname='new_context' scope='function' baseid=''>
              request: <SubRequest 'new_context' for <Function test_auth_flow[chromium]>>
          finish pytest_fixture_post_finalizer --> [] [hook]
          pytest_fixture_post_finalizer [hook]
              fixturedef: <FixtureDef argname='new_context' scope='function' baseid=''>
              request: <SubRequest 'new_context' for <Function test_auth_flow[chromium]>>
          finish pytest_fixture_post_finalizer --> [] [hook]
          pytest_fixture_post_finalizer [hook]
              fixturedef: <FixtureDef argname='_artifacts_recorder' scope='function' baseid=''>
              request: <SubRequest '_artifacts_recorder' for <Function test_auth_flow[chromium]>>
          finish pytest_fixture_post_finalizer --> [] [hook]
          pytest_fixture_post_finalizer [hook]
              fixturedef: <FixtureDef argname='_artifacts_recorder' scope='function' baseid=''>
              request: <SubRequest '_artifacts_recorder' for <Function test_auth_flow[chromium]>>
          finish pytest_fixture_post_finalizer --> [] [hook]
          pytest_fixture_post_finalizer [hook]
              fixturedef: <FixtureDef argname='output_path' scope='function' baseid=''>
              request: <SubRequest 'output_path' for <Function test_auth_flow[chromium]>>
          finish pytest_fixture_post_finalizer --> [] [hook]
          pytest_fixture_post_finalizer [hook]
              fixturedef: <FixtureDef argname='new_context' scope='function' baseid=''>
              request: <SubRequest 'new_context' for <Function test_auth_flow[chromium]>>
          finish pytest_fixture_post_finalizer --> [] [hook]
          pytest_fixture_post_finalizer [hook]
              fixturedef: <FixtureDef argname='browser_context_args' scope='session' baseid=''>
              request: <SubRequest 'browser_context_args' for <Function test_auth_flow[chromium]>>
          finish pytest_fixture_post_finalizer --> [] [hook]
          pytest_fixture_post_finalizer [hook]
              fixturedef: <FixtureDef argname='_artifacts_recorder' scope='function' baseid=''>
              request: <SubRequest '_artifacts_recorder' for <Function test_auth_flow[chromium]>>
          finish pytest_fixture_post_finalizer --> [] [hook]
          pytest_fixture_post_finalizer [hook]
              fixturedef: <FixtureDef argname='browser_context_args' scope='session' baseid=''>
              request: <SubRequest 'browser_context_args' for <Function test_auth_flow[chromium]>>
          finish pytest_fixture_post_finalizer --> [] [hook]
          pytest_fixture_post_finalizer [hook]
              fixturedef: <FixtureDef argname='_pw_artifacts_folder' scope='session' baseid=''>
              request: <SubRequest '_pw_artifacts_folder' for <Function test_auth_flow[chromium]>>
          finish pytest_fixture_post_finalizer --> [] [hook]
          pytest_fixture_post_finalizer [hook]
              fixturedef: <FixtureDef argname='browser_context_args' scope='session' baseid=''>
              request: <SubRequest 'browser_context_args' for <Function test_auth_flow[chromium]>>
          finish pytest_fixture_post_finalizer --> [] [hook]
          pytest_fixture_post_finalizer [hook]
              fixturedef: <FixtureDef argname='device' scope='session' baseid=''>
              request: <SubRequest 'device' for <Function test_auth_flow[chromium]>>
          finish pytest_fixture_post_finalizer --> [] [hook]
          pytest_fixture_post_finalizer [hook]
              fixturedef: <FixtureDef argname='new_context' scope='function' baseid=''>
              request: <SubRequest 'new_context' for <Function test_auth_flow[chromium]>>
          finish pytest_fixture_post_finalizer --> [] [hook]
          pytest_fixture_post_finalizer [hook]
              fixturedef: <FixtureDef argname='browser' scope='session' baseid=''>
              request: <SubRequest 'browser' for <Function test_auth_flow[chromium]>>
          finish pytest_fixture_post_finalizer --> [] [hook]
          pytest_fixture_post_finalizer [hook]
              fixturedef: <FixtureDef argname='browser' scope='session' baseid=''>
              request: <SubRequest 'browser' for <Function test_auth_flow[chromium]>>
          finish pytest_fixture_post_finalizer --> [] [hook]
          pytest_fixture_post_finalizer [hook]
              fixturedef: <FixtureDef argname='launch_browser' scope='session' baseid=''>
              request: <SubRequest 'launch_browser' for <Function test_auth_flow[chromium]>>
          finish pytest_fixture_post_finalizer --> [] [hook]
          pytest_fixture_post_finalizer [hook]
              fixturedef: <FixtureDef argname='launch_browser' scope='session' baseid=''>
              request: <SubRequest 'launch_browser' for <Function test_auth_flow[chromium]>>
          finish pytest_fixture_post_finalizer --> [] [hook]
          pytest_fixture_post_finalizer [hook]
              fixturedef: <FixtureDef argname='connect_options' scope='session' baseid=''>
              request: <SubRequest 'connect_options' for <Function test_auth_flow[chromium]>>
          finish pytest_fixture_post_finalizer --> [] [hook]
          pytest_fixture_post_finalizer [hook]
              fixturedef: <FixtureDef argname='launch_browser' scope='session' baseid=''>
              request: <SubRequest 'launch_browser' for <Function test_auth_flow[chromium]>>
          finish pytest_fixture_post_finalizer --> [] [hook]
          pytest_fixture_post_finalizer [hook]
              fixturedef: <FixtureDef argname='browser_type' scope='session' baseid=''>
              request: <SubRequest 'browser_type' for <Function test_auth_flow[chromium]>>
          finish pytest_fixture_post_finalizer --> [] [hook]
          pytest_fixture_post_finalizer [hook]
              fixturedef: <FixtureDef argname='browser_type' scope='session' baseid=''>
              request: <SubRequest 'browser_type' for <Function test_auth_flow[chromium]>>
          finish pytest_fixture_post_finalizer --> [] [hook]
          pytest_fixture_post_finalizer [hook]
              fixturedef: <FixtureDef argname='browser_name' scope='session' baseid=''>
              request: <SubRequest 'browser_name' for <Function test_auth_flow[chromium]>>
          finish pytest_fixture_post_finalizer --> [] [hook]
          pytest_fixture_post_finalizer [hook]
              fixturedef: <FixtureDef argname='_artifacts_recorder' scope='function' baseid=''>
              request: <SubRequest '_artifacts_recorder' for <Function test_auth_flow[chromium]>>
          finish pytest_fixture_post_finalizer --> [] [hook]
          pytest_fixture_post_finalizer [hook]
              fixturedef: <FixtureDef argname='browser_context_args' scope='session' baseid=''>
              request: <SubRequest 'browser_context_args' for <Function test_auth_flow[chromium]>>
          finish pytest_fixture_post_finalizer --> [] [hook]
          pytest_fixture_post_finalizer [hook]
              fixturedef: <FixtureDef argname='browser_type' scope='session' baseid=''>
              request: <SubRequest 'browser_type' for <Function test_auth_flow[chromium]>>
          finish pytest_fixture_post_finalizer --> [] [hook]
          pytest_fixture_post_finalizer [hook]
              fixturedef: <FixtureDef argname='playwright' scope='session' baseid=''>
              request: <SubRequest 'playwright' for <Function test_auth_flow[chromium]>>
          finish pytest_fixture_post_finalizer --> [] [hook]
          pytest_fixture_post_finalizer [hook]
              fixturedef: <FixtureDef argname='launch_browser' scope='session' baseid=''>
              request: <SubRequest 'launch_browser' for <Function test_auth_flow[chromium]>>
          finish pytest_fixture_post_finalizer --> [] [hook]
          pytest_fixture_post_finalizer [hook]
              fixturedef: <FixtureDef argname='browser_type_launch_args' scope='session' baseid=''>
              request: <SubRequest 'browser_type_launch_args' for <Function test_auth_flow[chromium]>>
          finish pytest_fixture_post_finalizer --> [] [hook]
          pytest_fixture_post_finalizer [hook]
              fixturedef: <FixtureDef argname='inventory_app' scope='session' baseid='inventory_system/tests/test_auth.py'>
              request: <SubRequest 'inventory_app' for <Function test_auth_flow[chromium]>>
          finish pytest_fixture_post_finalizer --> [] [hook]
          pytest_fixture_post_finalizer [hook]
              fixturedef: <FixtureDef argname='test_users_cleaned_up' scope='session' baseid='inventory_system/tests/test_auth.py'>
              request: <SubRequest 'test_users_cleaned_up' for <Function test_auth_flow[chromium]>>
          finish pytest_fixture_post_finalizer --> [] [hook]
          pytest_fixture_post_finalizer [hook]
              fixturedef: <FixtureDef argname='delete_output_dir' scope='session' baseid=''>
              request: <SubRequest 'delete_output_dir' for <Function test_auth_flow[chromium]>>
          finish pytest_fixture_post_finalizer --> [] [hook]
          pytest_fixture_post_finalizer [hook]
              fixturedef: <FixtureDef argname='_artifacts_recorder' scope='function' baseid=''>
              request: <SubRequest '_artifacts_recorder' for <Function test_auth_flow[chromium]>>
          finish pytest_fixture_post_finalizer --> [] [hook]
          pytest_fixture_post_finalizer [hook]
              fixturedef: <FixtureDef argname='output_path' scope='function' baseid=''>
              request: <SubRequest 'output_path' for <Function test_auth_flow[chromium]>>
          finish pytest_fixture_post_finalizer --> [] [hook]
          pytest_fixture_post_finalizer [hook]
              fixturedef: <FixtureDef argname='browser_context_args' scope='session' baseid=''>
              request: <SubRequest 'browser_context_args' for <Function test_auth_flow[chromium]>>
          finish pytest_fixture_post_finalizer --> [] [hook]
          pytest_fixture_post_finalizer [hook]
              fixturedef: <FixtureDef argname='device' scope='session' baseid=''>
              request: <SubRequest 'device' for <Function test_auth_flow[chromium]>>
          finish pytest_fixture_post_finalizer --> [] [hook]
          pytest_fixture_post_finalizer [hook]
              fixturedef: <FixtureDef argname='browser_type_launch_args' scope='session' baseid=''>
              request: <SubRequest 'browser_type_launch_args' for <Function test_auth_flow[chromium]>>
          finish pytest_fixture_post_finalizer --> [] [hook]
          pytest_fixture_post_finalizer [hook]
              fixturedef: <FixtureDef argname='delete_output_dir' scope='session' baseid=''>
              request: <SubRequest 'delete_output_dir' for <Function test_auth_flow[chromium]>>
          finish pytest_fixture_post_finalizer --> [] [hook]
          pytest_fixture_post_finalizer [hook]
              fixturedef: <FixtureDef argname='pytestconfig' scope='session' baseid=''>
              request: <SubRequest 'pytestconfig' for <Function test_auth_flow[chromium]>>
          finish pytest_fixture_post_finalizer --> [] [hook]
          pytest_fixture_post_finalizer [hook]
              fixturedef: <FixtureDef argname='_verify_url' scope='session' baseid=''>
              request: <SubRequest '_verify_url' for <Function test_auth_flow[chromium]>>
          finish pytest_fixture_post_finalizer --> [] [hook]
          pytest_fixture_post_finalizer [hook]
              fixturedef: <FixtureDef argname='browser_context_args' scope='session' baseid=''>
              request: <SubRequest 'browser_context_args' for <Function test_auth_flow[chromium]>>
          finish pytest_fixture_post_finalizer --> [] [hook]
          pytest_fixture_post_finalizer [hook]
              fixturedef: <FixtureDef argname='_verify_url' scope='session' baseid=''>
              request: <SubRequest '_verify_url' for <Function test_auth_flow[chromium]>>
          finish pytest_fixture_post_finalizer --> [] [hook]
          pytest_fixture_post_finalizer [hook]
              fixturedef: <FixtureDef argname='base_url' scope='session' baseid=''>
              request: <SubRequest 'base_url' for <Function test_auth_flow[chromium]>>
          finish pytest_fixture_post_finalizer --> [] [hook]
        finish pytest_runtest_teardown --> None [hook]
        pytest_runtest_makereport [hook]
            item: <Function test_auth_flow[chromium]>
            call: <CallInfo when='teardown' result: None>
        finish pytest_runtest_makereport --> <TestReport 'inventory_system/tests/test_auth.py::test_auth_flow[chromium]' when='teardown' outcome='passed'> [hook]
        pytest_runtest_logreport [hook]
            report: <TestReport 'inventory_system/tests/test_auth.py::test_auth_flow[chromium]' when='teardown' outcome='passed'>
          pytest_report_teststatus [hook]
              report: <TestReport 'inventory_system/tests/test_auth.py::test_auth_flow[chromium]' when='teardown' outcome='passed'>
              config: <_pytest.config.Config object at 0x7fcf35ef7170>
          finish pytest_report_teststatus --> ('', '', '') [hook]
        finish pytest_runtest_logreport --> [] [hook]
        pytest_runtest_logfinish [hook]
            nodeid: inventory_system/tests/test_auth.py::test_auth_flow[chromium]
            location: ('inventory_system/tests/test_auth.py', 109, 'test_auth_flow[chromium]')
        finish pytest_runtest_logfinish --> [] [hook]
      finish pytest_runtest_protocol --> True [hook]
    finish pytest_runtestloop --> True [hook]
    pytest_sessionfinish [hook]
        session: <Session  exitstatus=<ExitCode.TESTS_FAILED: 1> testsfailed=1 testscollected=1>
        exitstatus: 1
      pytest_terminal_summary [hook]
          terminalreporter: <_pytest.terminal.TerminalReporter object at 0x7fcf352da000>
          exitstatus: 1
          config: <_pytest.config.Config object at 0x7fcf35ef7170>
      early skip of rewriting module: pygments.formatters.terminal [assertion]
      early skip of rewriting module: pygments.console [assertion]
        pytest_report_teststatus [hook]
            report: <TestReport 'inventory_system/tests/test_auth.py::test_auth_flow[chromium]' when='call' outcome='failed'>
            config: <_pytest.config.Config object at 0x7fcf35ef7170>
        finish pytest_report_teststatus --> ('failed', 'F', 'FAILED') [hook]
      finish pytest_terminal_summary --> [] [hook]
    finish pytest_sessionfinish --> [] [hook]
    pytest_unconfigure [hook]
        config: <_pytest.config.Config object at 0x7fcf35ef7170>
    finish pytest_unconfigure --> [] [hook]
